<?xml version="1.0" encoding="UTF-8"?>
<coverage generated="1760408684763" clover="3.2.0">
  <project timestamp="1760408684763" name="All files">
    <metrics statements="457" coveredstatements="46" conditionals="317" coveredconditionals="29" methods="94" coveredmethods="7" elements="868" coveredelements="82" complexity="0" loc="457" ncloc="457" packages="2" files="6" classes="6"/>
    <package name="(tabs)">
      <metrics statements="411" coveredstatements="0" conditionals="287" coveredconditionals="0" methods="87" coveredmethods="0"/>
      <file name="about.tsx" path="C:\Users\Devyd Silva\Documents\GitHub\-Alunos_SENAI\Alunos_SENAI\app\(tabs)\about.tsx">
        <metrics statements="119" coveredstatements="0" conditionals="89" coveredconditionals="0" methods="22" coveredmethods="0"/>
        <line num="17" count="0" type="stmt"/>
        <line num="18" count="0" type="stmt"/>
        <line num="19" count="0" type="stmt"/>
        <line num="20" count="0" type="stmt"/>
        <line num="21" count="0" type="stmt"/>
        <line num="22" count="0" type="stmt"/>
        <line num="23" count="0" type="stmt"/>
        <line num="32" count="0" type="stmt"/>
        <line num="35" count="0" type="stmt"/>
        <line num="36" count="0" type="stmt"/>
        <line num="37" count="0" type="stmt"/>
        <line num="38" count="0" type="stmt"/>
        <line num="39" count="0" type="cond" truecount="0" falsecount="2"/>
        <line num="40" count="0" type="stmt"/>
        <line num="41" count="0" type="stmt"/>
        <line num="42" count="0" type="stmt"/>
        <line num="44" count="0" type="stmt"/>
        <line num="47" count="0" type="stmt"/>
        <line num="48" count="0" type="stmt"/>
        <line num="50" count="0" type="stmt"/>
        <line num="55" count="0" type="stmt"/>
        <line num="56" count="0" type="stmt"/>
        <line num="57" count="0" type="cond" truecount="0" falsecount="2"/>
        <line num="58" count="0" type="stmt"/>
        <line num="60" count="0" type="stmt"/>
        <line num="61" count="0" type="cond" truecount="0" falsecount="3"/>
        <line num="65" count="0" type="stmt"/>
        <line num="70" count="0" type="stmt"/>
        <line num="71" count="0" type="cond" truecount="0" falsecount="4"/>
        <line num="72" count="0" type="stmt"/>
        <line num="73" count="0" type="stmt"/>
        <line num="76" count="0" type="stmt"/>
        <line num="77" count="0" type="stmt"/>
        <line num="78" count="0" type="cond" truecount="0" falsecount="2"/>
        <line num="79" count="0" type="cond" truecount="0" falsecount="2"/>
        <line num="81" count="0" type="cond" truecount="0" falsecount="2"/>
        <line num="82" count="0" type="stmt"/>
        <line num="84" count="0" type="stmt"/>
        <line num="92" count="0" type="cond" truecount="0" falsecount="2"/>
        <line num="93" count="0" type="cond" truecount="0" falsecount="2"/>
        <line num="94" count="0" type="stmt"/>
        <line num="95" count="0" type="stmt"/>
        <line num="96" count="0" type="stmt"/>
        <line num="97" count="0" type="stmt"/>
        <line num="98" count="0" type="stmt"/>
        <line num="100" count="0" type="stmt"/>
        <line num="101" count="0" type="stmt"/>
        <line num="104" count="0" type="cond" truecount="0" falsecount="4"/>
        <line num="105" count="0" type="stmt"/>
        <line num="107" count="0" type="cond" truecount="0" falsecount="4"/>
        <line num="111" count="0" type="cond" truecount="0" falsecount="2"/>
        <line num="112" count="0" type="stmt"/>
        <line num="117" count="0" type="stmt"/>
        <line num="118" count="0" type="stmt"/>
        <line num="119" count="0" type="stmt"/>
        <line num="121" count="0" type="stmt"/>
        <line num="129" count="0" type="stmt"/>
        <line num="131" count="0" type="cond" truecount="0" falsecount="2"/>
        <line num="132" count="0" type="cond" truecount="0" falsecount="2"/>
        <line num="133" count="0" type="stmt"/>
        <line num="135" count="0" type="stmt"/>
        <line num="136" count="0" type="stmt"/>
        <line num="137" count="0" type="cond" truecount="0" falsecount="2"/>
        <line num="140" count="0" type="stmt"/>
        <line num="141" count="0" type="cond" truecount="0" falsecount="2"/>
        <line num="146" count="0" type="stmt"/>
        <line num="147" count="0" type="stmt"/>
        <line num="148" count="0" type="stmt"/>
        <line num="149" count="0" type="stmt"/>
        <line num="151" count="0" type="stmt"/>
        <line num="152" count="0" type="stmt"/>
        <line num="153" count="0" type="stmt"/>
        <line num="155" count="0" type="stmt"/>
        <line num="162" count="0" type="stmt"/>
        <line num="163" count="0" type="stmt"/>
        <line num="164" count="0" type="stmt"/>
        <line num="166" count="0" type="stmt"/>
        <line num="167" count="0" type="stmt"/>
        <line num="169" count="0" type="cond" truecount="0" falsecount="2"/>
        <line num="170" count="0" type="stmt"/>
        <line num="171" count="0" type="stmt"/>
        <line num="173" count="0" type="cond" truecount="0" falsecount="2"/>
        <line num="177" count="0" type="stmt"/>
        <line num="178" count="0" type="cond" truecount="0" falsecount="2"/>
        <line num="183" count="0" type="stmt"/>
        <line num="184" count="0" type="stmt"/>
        <line num="185" count="0" type="stmt"/>
        <line num="187" count="0" type="stmt"/>
        <line num="189" count="0" type="stmt"/>
        <line num="191" count="0" type="cond" truecount="0" falsecount="2"/>
        <line num="192" count="0" type="stmt"/>
        <line num="193" count="0" type="stmt"/>
        <line num="196" count="0" type="stmt"/>
        <line num="203" count="0" type="stmt"/>
        <line num="206" count="0" type="stmt"/>
        <line num="208" count="0" type="stmt"/>
        <line num="211" count="0" type="stmt"/>
        <line num="212" count="0" type="cond" truecount="0" falsecount="2"/>
        <line num="219" count="0" type="stmt"/>
        <line num="220" count="0" type="stmt"/>
        <line num="224" count="0" type="stmt"/>
        <line num="226" count="0" type="stmt"/>
        <line num="231" count="0" type="stmt"/>
        <line num="232" count="0" type="cond" truecount="0" falsecount="2"/>
        <line num="256" count="0" type="stmt"/>
        <line num="264" count="0" type="stmt"/>
        <line num="272" count="0" type="stmt"/>
        <line num="281" count="0" type="stmt"/>
        <line num="286" count="0" type="stmt"/>
        <line num="322" count="0" type="stmt"/>
        <line num="333" count="0" type="stmt"/>
        <line num="346" count="0" type="stmt"/>
        <line num="354" count="0" type="stmt"/>
        <line num="364" count="0" type="stmt"/>
        <line num="372" count="0" type="stmt"/>
        <line num="384" count="0" type="stmt"/>
        <line num="385" count="0" type="stmt"/>
        <line num="386" count="0" type="stmt"/>
        <line num="408" count="0" type="stmt"/>
      </file>
      <file name="categories.tsx" path="C:\Users\Devyd Silva\Documents\GitHub\-Alunos_SENAI\Alunos_SENAI\app\(tabs)\categories.tsx">
        <metrics statements="83" coveredstatements="0" conditionals="44" coveredconditionals="0" methods="17" coveredmethods="0"/>
        <line num="25" count="0" type="stmt"/>
        <line num="26" count="0" type="stmt"/>
        <line num="27" count="0" type="stmt"/>
        <line num="28" count="0" type="stmt"/>
        <line num="29" count="0" type="stmt"/>
        <line num="35" count="0" type="stmt"/>
        <line num="38" count="0" type="stmt"/>
        <line num="39" count="0" type="stmt"/>
        <line num="40" count="0" type="stmt"/>
        <line num="41" count="0" type="stmt"/>
        <line num="42" count="0" type="cond" truecount="0" falsecount="2"/>
        <line num="43" count="0" type="stmt"/>
        <line num="44" count="0" type="stmt"/>
        <line num="46" count="0" type="stmt"/>
        <line num="49" count="0" type="stmt"/>
        <line num="50" count="0" type="stmt"/>
        <line num="52" count="0" type="stmt"/>
        <line num="57" count="0" type="stmt"/>
        <line num="58" count="0" type="cond" truecount="0" falsecount="2"/>
        <line num="59" count="0" type="stmt"/>
        <line num="60" count="0" type="stmt"/>
        <line num="63" count="0" type="stmt"/>
        <line num="64" count="0" type="stmt"/>
        <line num="65" count="0" type="cond" truecount="0" falsecount="2"/>
        <line num="68" count="0" type="cond" truecount="0" falsecount="2"/>
        <line num="70" count="0" type="stmt"/>
        <line num="76" count="0" type="cond" truecount="0" falsecount="2"/>
        <line num="77" count="0" type="stmt"/>
        <line num="81" count="0" type="stmt"/>
        <line num="82" count="0" type="stmt"/>
        <line num="83" count="0" type="stmt"/>
        <line num="84" count="0" type="stmt"/>
        <line num="86" count="0" type="stmt"/>
        <line num="87" count="0" type="cond" truecount="0" falsecount="2"/>
        <line num="90" count="0" type="stmt"/>
        <line num="91" count="0" type="stmt"/>
        <line num="96" count="0" type="stmt"/>
        <line num="97" count="0" type="stmt"/>
        <line num="98" count="0" type="stmt"/>
        <line num="99" count="0" type="cond" truecount="0" falsecount="2"/>
        <line num="100" count="0" type="stmt"/>
        <line num="101" count="0" type="stmt"/>
        <line num="106" count="0" type="stmt"/>
        <line num="107" count="0" type="stmt"/>
        <line num="110" count="0" type="stmt"/>
        <line num="115" count="0" type="stmt"/>
        <line num="116" count="0" type="stmt"/>
        <line num="117" count="0" type="stmt"/>
        <line num="118" count="0" type="stmt"/>
        <line num="120" count="0" type="stmt"/>
        <line num="121" count="0" type="stmt"/>
        <line num="122" count="0" type="stmt"/>
        <line num="124" count="0" type="stmt"/>
        <line num="131" count="0" type="stmt"/>
        <line num="132" count="0" type="stmt"/>
        <line num="133" count="0" type="stmt"/>
        <line num="135" count="0" type="stmt"/>
        <line num="136" count="0" type="stmt"/>
        <line num="138" count="0" type="cond" truecount="0" falsecount="2"/>
        <line num="139" count="0" type="stmt"/>
        <line num="140" count="0" type="stmt"/>
        <line num="142" count="0" type="cond" truecount="0" falsecount="2"/>
        <line num="146" count="0" type="stmt"/>
        <line num="147" count="0" type="cond" truecount="0" falsecount="2"/>
        <line num="151" count="0" type="stmt"/>
        <line num="152" count="0" type="stmt"/>
        <line num="155" count="0" type="stmt"/>
        <line num="157" count="0" type="stmt"/>
        <line num="161" count="0" type="stmt"/>
        <line num="162" count="0" type="cond" truecount="0" falsecount="2"/>
        <line num="187" count="0" type="stmt"/>
        <line num="195" count="0" type="stmt"/>
        <line num="204" count="0" type="stmt"/>
        <line num="210" count="0" type="stmt"/>
        <line num="231" count="0" type="stmt"/>
        <line num="242" count="0" type="stmt"/>
        <line num="256" count="0" type="stmt"/>
        <line num="266" count="0" type="stmt"/>
        <line num="280" count="0" type="stmt"/>
        <line num="293" count="0" type="stmt"/>
        <line num="294" count="0" type="stmt"/>
        <line num="295" count="0" type="stmt"/>
        <line num="315" count="0" type="stmt"/>
      </file>
      <file name="products.tsx" path="C:\Users\Devyd Silva\Documents\GitHub\-Alunos_SENAI\Alunos_SENAI\app\(tabs)\products.tsx">
        <metrics statements="136" coveredstatements="0" conditionals="110" coveredconditionals="0" methods="31" coveredmethods="0"/>
        <line num="46" count="0" type="stmt"/>
        <line num="47" count="0" type="stmt"/>
        <line num="48" count="0" type="stmt"/>
        <line num="49" count="0" type="stmt"/>
        <line num="50" count="0" type="stmt"/>
        <line num="51" count="0" type="stmt"/>
        <line num="52" count="0" type="stmt"/>
        <line num="65" count="0" type="stmt"/>
        <line num="68" count="0" type="stmt"/>
        <line num="69" count="0" type="stmt"/>
        <line num="70" count="0" type="stmt"/>
        <line num="71" count="0" type="stmt"/>
        <line num="72" count="0" type="cond" truecount="0" falsecount="2"/>
        <line num="73" count="0" type="stmt"/>
        <line num="74" count="0" type="stmt"/>
        <line num="77" count="0" type="stmt"/>
        <line num="79" count="0" type="stmt"/>
        <line num="84" count="0" type="stmt"/>
        <line num="85" count="0" type="stmt"/>
        <line num="86" count="0" type="stmt"/>
        <line num="87" count="0" type="cond" truecount="0" falsecount="2"/>
        <line num="88" count="0" type="stmt"/>
        <line num="89" count="0" type="stmt"/>
        <line num="92" count="0" type="stmt"/>
        <line num="97" count="0" type="stmt"/>
        <line num="98" count="0" type="stmt"/>
        <line num="99" count="0" type="stmt"/>
        <line num="100" count="0" type="cond" truecount="0" falsecount="2"/>
        <line num="101" count="0" type="stmt"/>
        <line num="102" count="0" type="stmt"/>
        <line num="105" count="0" type="stmt"/>
        <line num="110" count="0" type="stmt"/>
        <line num="111" count="0" type="stmt"/>
        <line num="112" count="0" type="stmt"/>
        <line num="113" count="0" type="cond" truecount="0" falsecount="2"/>
        <line num="114" count="0" type="stmt"/>
        <line num="115" count="0" type="stmt"/>
        <line num="118" count="0" type="stmt"/>
        <line num="125" count="0" type="cond" truecount="0" falsecount="4"/>
        <line num="126" count="0" type="stmt"/>
        <line num="129" count="0" type="stmt"/>
        <line num="134" count="0" type="stmt"/>
        <line num="135" count="0" type="stmt"/>
        <line num="136" count="0" type="stmt"/>
        <line num="137" count="0" type="cond" truecount="0" falsecount="2"/>
        <line num="138" count="0" type="stmt"/>
        <line num="139" count="0" type="stmt"/>
        <line num="142" count="0" type="stmt"/>
        <line num="149" count="0" type="cond" truecount="0" falsecount="4"/>
        <line num="150" count="0" type="stmt"/>
        <line num="153" count="0" type="stmt"/>
        <line num="158" count="0" type="stmt"/>
        <line num="159" count="0" type="cond" truecount="0" falsecount="2"/>
        <line num="160" count="0" type="stmt"/>
        <line num="161" count="0" type="stmt"/>
        <line num="164" count="0" type="stmt"/>
        <line num="165" count="0" type="stmt"/>
        <line num="166" count="0" type="cond" truecount="0" falsecount="4"/>
        <line num="167" count="0" type="stmt"/>
        <line num="175" count="0" type="stmt"/>
        <line num="185" count="0" type="stmt"/>
        <line num="188" count="0" type="stmt"/>
        <line num="193" count="0" type="stmt"/>
        <line num="194" count="0" type="cond" truecount="0" falsecount="2"/>
        <line num="195" count="0" type="stmt"/>
        <line num="196" count="0" type="stmt"/>
        <line num="199" count="0" type="stmt"/>
        <line num="200" count="0" type="stmt"/>
        <line num="201" count="0" type="cond" truecount="0" falsecount="2"/>
        <line num="204" count="0" type="cond" truecount="0" falsecount="2"/>
        <line num="206" count="0" type="stmt"/>
        <line num="215" count="0" type="stmt"/>
        <line num="221" count="0" type="cond" truecount="0" falsecount="2"/>
        <line num="222" count="0" type="cond" truecount="0" falsecount="2"/>
        <line num="223" count="0" type="stmt"/>
        <line num="235" count="0" type="stmt"/>
        <line num="236" count="0" type="stmt"/>
        <line num="237" count="0" type="stmt"/>
        <line num="239" count="0" type="stmt"/>
        <line num="242" count="0" type="stmt"/>
        <line num="247" count="0" type="stmt"/>
        <line num="248" count="0" type="stmt"/>
        <line num="249" count="0" type="stmt"/>
        <line num="250" count="0" type="stmt"/>
        <line num="252" count="0" type="stmt"/>
        <line num="253" count="0" type="stmt"/>
        <line num="254" count="0" type="stmt"/>
        <line num="256" count="0" type="stmt"/>
        <line num="263" count="0" type="stmt"/>
        <line num="264" count="0" type="stmt"/>
        <line num="265" count="0" type="stmt"/>
        <line num="267" count="0" type="stmt"/>
        <line num="268" count="0" type="stmt"/>
        <line num="270" count="0" type="cond" truecount="0" falsecount="2"/>
        <line num="271" count="0" type="stmt"/>
        <line num="272" count="0" type="stmt"/>
        <line num="274" count="0" type="cond" truecount="0" falsecount="2"/>
        <line num="278" count="0" type="stmt"/>
        <line num="279" count="0" type="cond" truecount="0" falsecount="2"/>
        <line num="284" count="0" type="stmt"/>
        <line num="285" count="0" type="stmt"/>
        <line num="286" count="0" type="stmt"/>
        <line num="287" count="0" type="cond" truecount="0" falsecount="2"/>
        <line num="288" count="0" type="stmt"/>
        <line num="289" count="0" type="stmt"/>
        <line num="301" count="0" type="stmt"/>
        <line num="302" count="0" type="stmt"/>
        <line num="305" count="0" type="stmt"/>
        <line num="309" count="0" type="stmt"/>
        <line num="310" count="0" type="stmt"/>
        <line num="311" count="0" type="stmt"/>
        <line num="312" count="0" type="stmt"/>
        <line num="315" count="0" type="stmt"/>
        <line num="317" count="0" type="stmt"/>
        <line num="321" count="0" type="stmt"/>
        <line num="322" count="0" type="cond" truecount="0" falsecount="2"/>
        <line num="368" count="0" type="stmt"/>
        <line num="376" count="0" type="stmt"/>
        <line num="385" count="0" type="stmt"/>
        <line num="391" count="0" type="stmt"/>
        <line num="411" count="0" type="stmt"/>
        <line num="421" count="0" type="stmt"/>
        <line num="453" count="0" type="stmt"/>
        <line num="461" count="0" type="stmt"/>
        <line num="474" count="0" type="stmt"/>
        <line num="492" count="0" type="stmt"/>
        <line num="499" count="0" type="stmt"/>
        <line num="521" count="0" type="stmt"/>
        <line num="528" count="0" type="stmt"/>
        <line num="551" count="0" type="stmt"/>
        <line num="561" count="0" type="stmt"/>
        <line num="573" count="0" type="stmt"/>
        <line num="584" count="0" type="stmt"/>
        <line num="585" count="0" type="stmt"/>
        <line num="597" count="0" type="stmt"/>
        <line num="617" count="0" type="stmt"/>
      </file>
      <file name="stock.tsx" path="C:\Users\Devyd Silva\Documents\GitHub\-Alunos_SENAI\Alunos_SENAI\app\(tabs)\stock.tsx">
        <metrics statements="73" coveredstatements="0" conditionals="44" coveredconditionals="0" methods="17" coveredmethods="0"/>
        <line num="32" count="0" type="stmt"/>
        <line num="33" count="0" type="stmt"/>
        <line num="34" count="0" type="stmt"/>
        <line num="35" count="0" type="stmt"/>
        <line num="36" count="0" type="stmt"/>
        <line num="37" count="0" type="stmt"/>
        <line num="38" count="0" type="stmt"/>
        <line num="39" count="0" type="stmt"/>
        <line num="40" count="0" type="stmt"/>
        <line num="42" count="0" type="stmt"/>
        <line num="45" count="0" type="stmt"/>
        <line num="46" count="0" type="stmt"/>
        <line num="47" count="0" type="stmt"/>
        <line num="48" count="0" type="stmt"/>
        <line num="49" count="0" type="cond" truecount="0" falsecount="2"/>
        <line num="50" count="0" type="stmt"/>
        <line num="51" count="0" type="stmt"/>
        <line num="54" count="0" type="stmt"/>
        <line num="56" count="0" type="stmt"/>
        <line num="61" count="0" type="stmt"/>
        <line num="66" count="0" type="stmt"/>
        <line num="67" count="0" type="stmt"/>
        <line num="79" count="0" type="cond" truecount="0" falsecount="2"/>
        <line num="80" count="0" type="cond" truecount="0" falsecount="2"/>
        <line num="81" count="0" type="stmt"/>
        <line num="83" count="0" type="stmt"/>
        <line num="86" count="0" type="stmt"/>
        <line num="91" count="0" type="stmt"/>
        <line num="92" count="0" type="stmt"/>
        <line num="93" count="0" type="stmt"/>
        <line num="94" count="0" type="stmt"/>
        <line num="95" count="0" type="stmt"/>
        <line num="96" count="0" type="stmt"/>
        <line num="100" count="0" type="stmt"/>
        <line num="101" count="0" type="cond" truecount="0" falsecount="2"/>
        <line num="102" count="0" type="stmt"/>
        <line num="103" count="0" type="stmt"/>
        <line num="105" count="0" type="stmt"/>
        <line num="106" count="0" type="stmt"/>
        <line num="107" count="0" type="stmt"/>
        <line num="108" count="0" type="stmt"/>
        <line num="109" count="0" type="stmt"/>
        <line num="113" count="0" type="stmt"/>
        <line num="114" count="0" type="stmt"/>
        <line num="115" count="0" type="cond" truecount="0" falsecount="4"/>
        <line num="116" count="0" type="stmt"/>
        <line num="117" count="0" type="stmt"/>
        <line num="121" count="0" type="cond" truecount="0" falsecount="4"/>
        <line num="122" count="0" type="stmt"/>
        <line num="123" count="0" type="stmt"/>
        <line num="126" count="0" type="cond" truecount="0" falsecount="2"/>
        <line num="127" count="0" type="stmt"/>
        <line num="128" count="0" type="stmt"/>
        <line num="129" count="0" type="stmt"/>
        <line num="133" count="0" type="stmt"/>
        <line num="134" count="0" type="stmt"/>
        <line num="137" count="0" type="stmt"/>
        <line num="139" count="0" type="stmt"/>
        <line num="143" count="0" type="stmt"/>
        <line num="144" count="0" type="stmt"/>
        <line num="146" count="0" type="stmt"/>
        <line num="185" count="0" type="stmt"/>
        <line num="193" count="0" type="stmt"/>
        <line num="205" count="0" type="stmt"/>
        <line num="206" count="0" type="stmt"/>
        <line num="209" count="0" type="stmt"/>
        <line num="215" count="0" type="stmt"/>
        <line num="244" count="0" type="stmt"/>
        <line num="264" count="0" type="stmt"/>
        <line num="274" count="0" type="stmt"/>
        <line num="302" count="0" type="stmt"/>
        <line num="303" count="0" type="stmt"/>
        <line num="323" count="0" type="stmt"/>
      </file>
    </package>
    <package name="services">
      <metrics statements="46" coveredstatements="46" conditionals="30" coveredconditionals="29" methods="7" coveredmethods="7"/>
      <file name="codigoBarras.ts" path="C:\Users\Devyd Silva\Documents\GitHub\-Alunos_SENAI\Alunos_SENAI\app\services\codigoBarras.ts">
        <metrics statements="29" coveredstatements="29" conditionals="24" coveredconditionals="23" methods="4" coveredmethods="4"/>
        <line num="43" count="6" type="stmt"/>
        <line num="44" count="6" type="stmt"/>
        <line num="47" count="6" type="stmt"/>
        <line num="51" count="5" type="cond" truecount="2" falsecount="0"/>
        <line num="52" count="1" type="stmt"/>
        <line num="55" count="4" type="stmt"/>
        <line num="58" count="4" type="cond" truecount="2" falsecount="0"/>
        <line num="59" count="1" type="stmt"/>
        <line num="62" count="3" type="stmt"/>
        <line num="71" count="1" type="stmt"/>
        <line num="72" count="1" type="stmt"/>
        <line num="90" count="11" type="stmt"/>
        <line num="93" count="11" type="stmt"/>
        <line num="95" count="11" type="cond" truecount="2" falsecount="0"/>
        <line num="96" count="4" type="stmt"/>
        <line num="100" count="7" type="cond" truecount="2" falsecount="0"/>
        <line num="101" count="5" type="stmt"/>
        <line num="102" count="5" type="stmt"/>
        <line num="104" count="5" type="stmt"/>
        <line num="105" count="5" type="stmt"/>
        <line num="106" count="60" type="cond" truecount="2" falsecount="0"/>
        <line num="109" count="5" type="stmt"/>
        <line num="110" count="5" type="cond" truecount="1" falsecount="1"/>
        <line num="112" count="5" type="stmt"/>
        <line num="115" count="2" type="stmt"/>
        <line num="129" count="6" type="stmt"/>
        <line num="132" count="6" type="cond" truecount="2" falsecount="0"/>
        <line num="133" count="3" type="stmt"/>
        <line num="136" count="3" type="stmt"/>
      </file>
      <file name="viaCep.ts" path="C:\Users\Devyd Silva\Documents\GitHub\-Alunos_SENAI\Alunos_SENAI\app\services\viaCep.ts">
        <metrics statements="17" coveredstatements="17" conditionals="6" coveredconditionals="6" methods="3" coveredmethods="3"/>
        <line num="56" count="8" type="stmt"/>
        <line num="58" count="8" type="stmt"/>
        <line num="61" count="8" type="cond" truecount="2" falsecount="0"/>
        <line num="62" count="2" type="stmt"/>
        <line num="66" count="6" type="stmt"/>
        <line num="68" count="5" type="cond" truecount="2" falsecount="0"/>
        <line num="69" count="1" type="stmt"/>
        <line num="72" count="4" type="stmt"/>
        <line num="75" count="4" type="cond" truecount="2" falsecount="0"/>
        <line num="76" count="1" type="stmt"/>
        <line num="79" count="3" type="stmt"/>
        <line num="81" count="4" type="stmt"/>
        <line num="82" count="4" type="stmt"/>
        <line num="96" count="5" type="stmt"/>
        <line num="97" count="5" type="stmt"/>
        <line num="112" count="7" type="stmt"/>
        <line num="113" count="7" type="stmt"/>
      </file>
    </package>
  </project>
</coverage>
