{"C:\\Users\\Devyd Silva\\Documents\\GitHub\\-Alunos_SENAI\\Alunos_SENAI\\app\\(tabs)\\about.styles.tsx": {"path":"C:\\Users\\Devyd Silva\\Documents\\GitHub\\-Alunos_SENAI\\Alunos_SENAI\\app\\(tabs)\\about.styles.tsx","statementMap":{"0":{"start":{"line":4,"column":25},"end":{"line":7,"column":1}},"1":{"start":{"line":9,"column":22},"end":{"line":17,"column":1}},"2":{"start":{"line":19,"column":21},"end":{"line":24,"column":1}},"3":{"start":{"line":26,"column":29},"end":{"line":29,"column":1}},"4":{"start":{"line":31,"column":30},"end":{"line":36,"column":1}},"5":{"start":{"line":38,"column":35},"end":{"line":42,"column":1}},"6":{"start":{"line":44,"column":30},"end":{"line":49,"column":1}},"7":{"start":{"line":51,"column":35},"end":{"line":55,"column":1}},"8":{"start":{"line":57,"column":31},"end":{"line":62,"column":1}},"9":{"start":{"line":64,"column":27},"end":{"line":72,"column":1}},"10":{"start":{"line":74,"column":32},"end":{"line":78,"column":1}},"11":{"start":{"line":80,"column":27},"end":{"line":83,"column":1}},"12":{"start":{"line":85,"column":30},"end":{"line":90,"column":1}},"13":{"start":{"line":92,"column":25},"end":{"line":96,"column":1}},"14":{"start":{"line":98,"column":28},"end":{"line":102,"column":1}},"15":{"start":{"line":104,"column":21},"end":{"line":107,"column":1}},"16":{"start":{"line":109,"column":27},"end":{"line":116,"column":1}},"17":{"start":{"line":110,"column":56},"end":{"line":110,"column":114}},"18":{"start":{"line":115,"column":47},"end":{"line":115,"column":70}},"19":{"start":{"line":118,"column":29},"end":{"line":123,"column":1}},"20":{"start":{"line":125,"column":27},"end":{"line":132,"column":1}},"21":{"start":{"line":134,"column":30},"end":{"line":142,"column":1}},"22":{"start":{"line":144,"column":27},"end":{"line":147,"column":1}},"23":{"start":{"line":149,"column":27},"end":{"line":154,"column":1}},"24":{"start":{"line":152,"column":45},"end":{"line":152,"column":101}},"25":{"start":{"line":156,"column":28},"end":{"line":160,"column":1}},"26":{"start":{"line":158,"column":45},"end":{"line":158,"column":103}},"27":{"start":{"line":162,"column":31},"end":{"line":165,"column":1}},"28":{"start":{"line":164,"column":45},"end":{"line":164,"column":103}},"29":{"start":{"line":167,"column":27},"end":{"line":173,"column":1}},"30":{"start":{"line":171,"column":53},"end":{"line":171,"column":96}},"31":{"start":{"line":175,"column":26},"end":{"line":179,"column":1}},"32":{"start":{"line":181,"column":31},"end":{"line":186,"column":1}},"33":{"start":{"line":188,"column":27},"end":{"line":199,"column":1}},"34":{"start":{"line":201,"column":27},"end":{"line":212,"column":1}},"35":{"start":{"line":202,"column":53},"end":{"line":202,"column":98}},"36":{"start":{"line":214,"column":26},"end":{"line":225,"column":1}},"37":{"start":{"line":227,"column":26},"end":{"line":232,"column":1}},"38":{"start":{"line":235,"column":28},"end":{"line":240,"column":1}},"39":{"start":{"line":242,"column":28},"end":{"line":248,"column":1}},"40":{"start":{"line":250,"column":26},"end":{"line":256,"column":1}},"41":{"start":{"line":258,"column":25},"end":{"line":260,"column":1}},"42":{"start":{"line":262,"column":21},"end":{"line":271,"column":1}},"43":{"start":{"line":273,"column":33},"end":{"line":277,"column":1}},"44":{"start":{"line":279,"column":24},"end":{"line":289,"column":1}},"45":{"start":{"line":283,"column":51},"end":{"line":283,"column":101}},"46":{"start":{"line":288,"column":55},"end":{"line":288,"column":101}},"47":{"start":{"line":291,"column":28},"end":{"line":295,"column":1}},"48":{"start":{"line":297,"column":29},"end":{"line":300,"column":1}},"49":{"start":{"line":302,"column":28},"end":{"line":306,"column":1}},"50":{"start":{"line":308,"column":27},"end":{"line":314,"column":1}},"51":{"start":{"line":316,"column":28},"end":{"line":320,"column":1}},"52":{"start":{"line":322,"column":26},"end":{"line":324,"column":1}},"53":{"start":{"line":326,"column":32},"end":{"line":331,"column":1}},"54":{"start":{"line":333,"column":30},"end":{"line":338,"column":1}}},"fnMap":{"0":{"name":"(anonymous_0)","decl":{"start":{"line":110,"column":22},"end":{"line":110,"column":23}},"loc":{"start":{"line":110,"column":56},"end":{"line":110,"column":114}},"line":110},"1":{"name":"(anonymous_1)","decl":{"start":{"line":115,"column":13},"end":{"line":115,"column":14}},"loc":{"start":{"line":115,"column":47},"end":{"line":115,"column":70}},"line":115},"2":{"name":"(anonymous_2)","decl":{"start":{"line":152,"column":11},"end":{"line":152,"column":12}},"loc":{"start":{"line":152,"column":45},"end":{"line":152,"column":101}},"line":152},"3":{"name":"(anonymous_3)","decl":{"start":{"line":158,"column":11},"end":{"line":158,"column":12}},"loc":{"start":{"line":158,"column":45},"end":{"line":158,"column":103}},"line":158},"4":{"name":"(anonymous_4)","decl":{"start":{"line":164,"column":11},"end":{"line":164,"column":12}},"loc":{"start":{"line":164,"column":45},"end":{"line":164,"column":103}},"line":164},"5":{"name":"(anonymous_5)","decl":{"start":{"line":171,"column":22},"end":{"line":171,"column":23}},"loc":{"start":{"line":171,"column":53},"end":{"line":171,"column":96}},"line":171},"6":{"name":"(anonymous_6)","decl":{"start":{"line":202,"column":22},"end":{"line":202,"column":23}},"loc":{"start":{"line":202,"column":53},"end":{"line":202,"column":98}},"line":202},"7":{"name":"(anonymous_7)","decl":{"start":{"line":283,"column":18},"end":{"line":283,"column":19}},"loc":{"start":{"line":283,"column":51},"end":{"line":283,"column":101}},"line":283},"8":{"name":"(anonymous_8)","decl":{"start":{"line":288,"column":22},"end":{"line":288,"column":23}},"loc":{"start":{"line":288,"column":55},"end":{"line":288,"column":101}},"line":288}},"branchMap":{"0":{"loc":{"start":{"line":110,"column":56},"end":{"line":110,"column":114}},"type":"cond-expr","locations":[{"start":{"line":110,"column":72},"end":{"line":110,"column":89}},{"start":{"line":110,"column":92},"end":{"line":110,"column":114}}],"line":110},"1":{"loc":{"start":{"line":115,"column":47},"end":{"line":115,"column":70}},"type":"cond-expr","locations":[{"start":{"line":115,"column":63},"end":{"line":115,"column":66}},{"start":{"line":115,"column":69},"end":{"line":115,"column":70}}],"line":115},"2":{"loc":{"start":{"line":152,"column":45},"end":{"line":152,"column":101}},"type":"cond-expr","locations":[{"start":{"line":152,"column":61},"end":{"line":152,"column":80}},{"start":{"line":152,"column":83},"end":{"line":152,"column":101}}],"line":152},"3":{"loc":{"start":{"line":158,"column":45},"end":{"line":158,"column":103}},"type":"cond-expr","locations":[{"start":{"line":158,"column":61},"end":{"line":158,"column":80}},{"start":{"line":158,"column":83},"end":{"line":158,"column":103}}],"line":158},"4":{"loc":{"start":{"line":164,"column":45},"end":{"line":164,"column":103}},"type":"cond-expr","locations":[{"start":{"line":164,"column":61},"end":{"line":164,"column":80}},{"start":{"line":164,"column":83},"end":{"line":164,"column":103}}],"line":164},"5":{"loc":{"start":{"line":171,"column":53},"end":{"line":171,"column":96}},"type":"cond-expr","locations":[{"start":{"line":171,"column":67},"end":{"line":171,"column":81}},{"start":{"line":171,"column":84},"end":{"line":171,"column":96}}],"line":171},"6":{"loc":{"start":{"line":202,"column":53},"end":{"line":202,"column":98}},"type":"cond-expr","locations":[{"start":{"line":202,"column":67},"end":{"line":202,"column":81}},{"start":{"line":202,"column":84},"end":{"line":202,"column":98}}],"line":202},"7":{"loc":{"start":{"line":283,"column":51},"end":{"line":283,"column":101}},"type":"cond-expr","locations":[{"start":{"line":283,"column":67},"end":{"line":283,"column":81}},{"start":{"line":283,"column":84},"end":{"line":283,"column":101}}],"line":283},"8":{"loc":{"start":{"line":288,"column":55},"end":{"line":288,"column":101}},"type":"cond-expr","locations":[{"start":{"line":288,"column":71},"end":{"line":288,"column":85}},{"start":{"line":288,"column":88},"end":{"line":288,"column":101}}],"line":288}},"s":{"0":0,"1":0,"2":0,"3":0,"4":0,"5":0,"6":0,"7":0,"8":0,"9":0,"10":0,"11":0,"12":0,"13":0,"14":0,"15":0,"16":0,"17":0,"18":0,"19":0,"20":0,"21":0,"22":0,"23":0,"24":0,"25":0,"26":0,"27":0,"28":0,"29":0,"30":0,"31":0,"32":0,"33":0,"34":0,"35":0,"36":0,"37":0,"38":0,"39":0,"40":0,"41":0,"42":0,"43":0,"44":0,"45":0,"46":0,"47":0,"48":0,"49":0,"50":0,"51":0,"52":0,"53":0,"54":0},"f":{"0":0,"1":0,"2":0,"3":0,"4":0,"5":0,"6":0,"7":0,"8":0},"b":{"0":[0,0],"1":[0,0],"2":[0,0],"3":[0,0],"4":[0,0],"5":[0,0],"6":[0,0],"7":[0,0],"8":[0,0]}}
,"C:\\Users\\Devyd Silva\\Documents\\GitHub\\-Alunos_SENAI\\Alunos_SENAI\\app\\(tabs)\\about.tsx": {"path":"C:\\Users\\Devyd Silva\\Documents\\GitHub\\-Alunos_SENAI\\Alunos_SENAI\\app\\(tabs)\\about.tsx","statementMap":{"0":{"start":{"line":18,"column":34},"end":{"line":18,"column":57}},"1":{"start":{"line":19,"column":52},"end":{"line":19,"column":75}},"2":{"start":{"line":20,"column":32},"end":{"line":20,"column":46}},"3":{"start":{"line":21,"column":42},"end":{"line":21,"column":57}},"4":{"start":{"line":22,"column":34},"end":{"line":22,"column":46}},"5":{"start":{"line":23,"column":48},"end":{"line":23,"column":77}},"6":{"start":{"line":24,"column":40},"end":{"line":30,"column":4}},"7":{"start":{"line":33,"column":18},"end":{"line":33,"column":41}},"8":{"start":{"line":36,"column":25},"end":{"line":53,"column":3}},"9":{"start":{"line":37,"column":4},"end":{"line":52,"column":5}},"10":{"start":{"line":38,"column":6},"end":{"line":38,"column":23}},"11":{"start":{"line":39,"column":23},"end":{"line":39,"column":57}},"12":{"start":{"line":40,"column":6},"end":{"line":46,"column":7}},"13":{"start":{"line":41,"column":21},"end":{"line":41,"column":42}},"14":{"start":{"line":42,"column":8},"end":{"line":42,"column":26}},"15":{"start":{"line":43,"column":8},"end":{"line":43,"column":35}},"16":{"start":{"line":45,"column":8},"end":{"line":45,"column":69}},"17":{"start":{"line":48,"column":6},"end":{"line":48,"column":61}},"18":{"start":{"line":49,"column":6},"end":{"line":49,"column":55}},"19":{"start":{"line":51,"column":6},"end":{"line":51,"column":24}},"20":{"start":{"line":56,"column":26},"end":{"line":68,"column":3}},"21":{"start":{"line":57,"column":4},"end":{"line":57,"column":23}},"22":{"start":{"line":58,"column":4},"end":{"line":67,"column":5}},"23":{"start":{"line":59,"column":6},"end":{"line":59,"column":37}},"24":{"start":{"line":61,"column":24},"end":{"line":65,"column":7}},"25":{"start":{"line":62,"column":8},"end":{"line":64,"column":40}},"26":{"start":{"line":66,"column":6},"end":{"line":66,"column":38}},"27":{"start":{"line":71,"column":27},"end":{"line":115,"column":3}},"28":{"start":{"line":72,"column":4},"end":{"line":75,"column":5}},"29":{"start":{"line":73,"column":6},"end":{"line":73,"column":59}},"30":{"start":{"line":74,"column":6},"end":{"line":74,"column":13}},"31":{"start":{"line":77,"column":4},"end":{"line":114,"column":5}},"32":{"start":{"line":78,"column":25},"end":{"line":78,"column":49}},"33":{"start":{"line":79,"column":18},"end":{"line":79,"column":95}},"34":{"start":{"line":80,"column":21},"end":{"line":80,"column":48}},"35":{"start":{"line":82,"column":6},"end":{"line":82,"column":82}},"36":{"start":{"line":83,"column":6},"end":{"line":83,"column":50}},"37":{"start":{"line":85,"column":23},"end":{"line":91,"column":8}},"38":{"start":{"line":93,"column":6},"end":{"line":110,"column":7}},"39":{"start":{"line":94,"column":31},"end":{"line":94,"column":116}},"40":{"start":{"line":95,"column":8},"end":{"line":95,"column":47}},"41":{"start":{"line":96,"column":8},"end":{"line":96,"column":85}},"42":{"start":{"line":97,"column":8},"end":{"line":97,"column":33}},"43":{"start":{"line":98,"column":8},"end":{"line":98,"column":31}},"44":{"start":{"line":99,"column":8},"end":{"line":99,"column":25}},"45":{"start":{"line":101,"column":22},"end":{"line":101,"column":43}},"46":{"start":{"line":102,"column":8},"end":{"line":102,"column":45}},"47":{"start":{"line":105,"column":8},"end":{"line":109,"column":9}},"48":{"start":{"line":106,"column":10},"end":{"line":106,"column":90}},"49":{"start":{"line":108,"column":10},"end":{"line":108,"column":114}},"50":{"start":{"line":112,"column":6},"end":{"line":112,"column":89}},"51":{"start":{"line":113,"column":6},"end":{"line":113,"column":57}},"52":{"start":{"line":118,"column":32},"end":{"line":144,"column":3}},"53":{"start":{"line":119,"column":4},"end":{"line":143,"column":5}},"54":{"start":{"line":120,"column":6},"end":{"line":120,"column":89}},"55":{"start":{"line":122,"column":23},"end":{"line":128,"column":8}},"56":{"start":{"line":130,"column":6},"end":{"line":130,"column":55}},"57":{"start":{"line":132,"column":6},"end":{"line":139,"column":7}},"58":{"start":{"line":133,"column":8},"end":{"line":133,"column":95}},"59":{"start":{"line":134,"column":8},"end":{"line":134,"column":25}},"60":{"start":{"line":136,"column":26},"end":{"line":136,"column":47}},"61":{"start":{"line":137,"column":8},"end":{"line":137,"column":49}},"62":{"start":{"line":138,"column":8},"end":{"line":138,"column":108}},"63":{"start":{"line":141,"column":6},"end":{"line":141,"column":54}},"64":{"start":{"line":142,"column":6},"end":{"line":142,"column":110}},"65":{"start":{"line":147,"column":25},"end":{"line":181,"column":3}},"66":{"start":{"line":148,"column":4},"end":{"line":148,"column":49}},"67":{"start":{"line":149,"column":4},"end":{"line":149,"column":37}},"68":{"start":{"line":150,"column":4},"end":{"line":150,"column":61}},"69":{"start":{"line":152,"column":4},"end":{"line":180,"column":5}},"70":{"start":{"line":153,"column":6},"end":{"line":153,"column":62}},"71":{"start":{"line":154,"column":6},"end":{"line":154,"column":69}},"72":{"start":{"line":156,"column":29},"end":{"line":161,"column":8}},"73":{"start":{"line":163,"column":6},"end":{"line":163,"column":44}},"74":{"start":{"line":164,"column":6},"end":{"line":164,"column":52}},"75":{"start":{"line":165,"column":6},"end":{"line":165,"column":44}},"76":{"start":{"line":167,"column":27},"end":{"line":167,"column":54}},"77":{"start":{"line":168,"column":6},"end":{"line":168,"column":59}},"78":{"start":{"line":170,"column":6},"end":{"line":175,"column":7}},"79":{"start":{"line":171,"column":8},"end":{"line":171,"column":100}},"80":{"start":{"line":172,"column":8},"end":{"line":172,"column":25}},"81":{"start":{"line":174,"column":8},"end":{"line":174,"column":126}},"82":{"start":{"line":178,"column":6},"end":{"line":178,"column":55}},"83":{"start":{"line":179,"column":6},"end":{"line":179,"column":146}},"84":{"start":{"line":184,"column":24},"end":{"line":215,"column":3}},"85":{"start":{"line":185,"column":4},"end":{"line":185,"column":48}},"86":{"start":{"line":186,"column":4},"end":{"line":186,"column":49}},"87":{"start":{"line":188,"column":4},"end":{"line":214,"column":5}},"88":{"start":{"line":190,"column":23},"end":{"line":190,"column":67}},"89":{"start":{"line":192,"column":6},"end":{"line":210,"column":7}},"90":{"start":{"line":193,"column":24},"end":{"line":193,"column":45}},"91":{"start":{"line":194,"column":8},"end":{"line":194,"column":55}},"92":{"start":{"line":197,"column":8},"end":{"line":203,"column":11}},"93":{"start":{"line":204,"column":8},"end":{"line":204,"column":30}},"94":{"start":{"line":207,"column":8},"end":{"line":207,"column":35}},"95":{"start":{"line":209,"column":8},"end":{"line":209,"column":57}},"96":{"start":{"line":212,"column":6},"end":{"line":212,"column":57}},"97":{"start":{"line":213,"column":6},"end":{"line":213,"column":120}},"98":{"start":{"line":220,"column":2},"end":{"line":222,"column":9}},"99":{"start":{"line":221,"column":4},"end":{"line":221,"column":21}},"100":{"start":{"line":225,"column":2},"end":{"line":229,"column":4}},"101":{"start":{"line":227,"column":6},"end":{"line":227,"column":23}},"102":{"start":{"line":232,"column":24},"end":{"line":274,"column":3}},"103":{"start":{"line":233,"column":4},"end":{"line":273,"column":20}},"104":{"start":{"line":255,"column":38},"end":{"line":255,"column":64}},"105":{"start":{"line":262,"column":25},"end":{"line":262,"column":71}},"106":{"start":{"line":268,"column":37},"end":{"line":268,"column":75}},"107":{"start":{"line":276,"column":2},"end":{"line":391,"column":4}},"108":{"start":{"line":281,"column":43},"end":{"line":281,"column":64}},"109":{"start":{"line":316,"column":43},"end":{"line":316,"column":65}},"110":{"start":{"line":326,"column":30},"end":{"line":326,"column":52}},"111":{"start":{"line":338,"column":48},"end":{"line":338,"column":92}},"112":{"start":{"line":345,"column":48},"end":{"line":345,"column":93}},"113":{"start":{"line":354,"column":48},"end":{"line":354,"column":96}},"114":{"start":{"line":362,"column":33},"end":{"line":362,"column":92}},"115":{"start":{"line":373,"column":18},"end":{"line":373,"column":41}},"116":{"start":{"line":374,"column":18},"end":{"line":374,"column":95}},"117":{"start":{"line":375,"column":18},"end":{"line":375,"column":43}}},"fnMap":{"0":{"name":"AboutScreen","decl":{"start":{"line":17,"column":24},"end":{"line":17,"column":35}},"loc":{"start":{"line":17,"column":38},"end":{"line":392,"column":1}},"line":17},"1":{"name":"(anonymous_1)","decl":{"start":{"line":36,"column":25},"end":{"line":36,"column":26}},"loc":{"start":{"line":36,"column":37},"end":{"line":53,"column":3}},"line":36},"2":{"name":"(anonymous_2)","decl":{"start":{"line":56,"column":26},"end":{"line":56,"column":27}},"loc":{"start":{"line":56,"column":45},"end":{"line":68,"column":3}},"line":56},"3":{"name":"(anonymous_3)","decl":{"start":{"line":61,"column":40},"end":{"line":61,"column":41}},"loc":{"start":{"line":62,"column":8},"end":{"line":64,"column":40}},"line":62},"4":{"name":"(anonymous_4)","decl":{"start":{"line":71,"column":27},"end":{"line":71,"column":28}},"loc":{"start":{"line":71,"column":39},"end":{"line":115,"column":3}},"line":71},"5":{"name":"(anonymous_5)","decl":{"start":{"line":118,"column":32},"end":{"line":118,"column":33}},"loc":{"start":{"line":118,"column":74},"end":{"line":144,"column":3}},"line":118},"6":{"name":"(anonymous_6)","decl":{"start":{"line":147,"column":25},"end":{"line":147,"column":26}},"loc":{"start":{"line":147,"column":65},"end":{"line":181,"column":3}},"line":147},"7":{"name":"(anonymous_7)","decl":{"start":{"line":184,"column":24},"end":{"line":184,"column":25}},"loc":{"start":{"line":184,"column":50},"end":{"line":215,"column":3}},"line":184},"8":{"name":"(anonymous_8)","decl":{"start":{"line":220,"column":12},"end":{"line":220,"column":13}},"loc":{"start":{"line":220,"column":18},"end":{"line":222,"column":3}},"line":220},"9":{"name":"(anonymous_9)","decl":{"start":{"line":226,"column":22},"end":{"line":226,"column":23}},"loc":{"start":{"line":226,"column":28},"end":{"line":228,"column":5}},"line":226},"10":{"name":"(anonymous_10)","decl":{"start":{"line":232,"column":24},"end":{"line":232,"column":25}},"loc":{"start":{"line":233,"column":4},"end":{"line":273,"column":20}},"line":233},"11":{"name":"(anonymous_11)","decl":{"start":{"line":255,"column":32},"end":{"line":255,"column":33}},"loc":{"start":{"line":255,"column":38},"end":{"line":255,"column":64}},"line":255},"12":{"name":"(anonymous_12)","decl":{"start":{"line":262,"column":19},"end":{"line":262,"column":20}},"loc":{"start":{"line":262,"column":25},"end":{"line":262,"column":71}},"line":262},"13":{"name":"(anonymous_13)","decl":{"start":{"line":268,"column":31},"end":{"line":268,"column":32}},"loc":{"start":{"line":268,"column":37},"end":{"line":268,"column":75}},"line":268},"14":{"name":"(anonymous_14)","decl":{"start":{"line":281,"column":37},"end":{"line":281,"column":38}},"loc":{"start":{"line":281,"column":43},"end":{"line":281,"column":64}},"line":281},"15":{"name":"(anonymous_15)","decl":{"start":{"line":316,"column":24},"end":{"line":316,"column":25}},"loc":{"start":{"line":316,"column":43},"end":{"line":316,"column":65}},"line":316},"16":{"name":"(anonymous_16)","decl":{"start":{"line":326,"column":24},"end":{"line":326,"column":25}},"loc":{"start":{"line":326,"column":30},"end":{"line":326,"column":52}},"line":326},"17":{"name":"(anonymous_17)","decl":{"start":{"line":338,"column":30},"end":{"line":338,"column":31}},"loc":{"start":{"line":338,"column":48},"end":{"line":338,"column":92}},"line":338},"18":{"name":"(anonymous_18)","decl":{"start":{"line":345,"column":30},"end":{"line":345,"column":31}},"loc":{"start":{"line":345,"column":48},"end":{"line":345,"column":93}},"line":345},"19":{"name":"(anonymous_19)","decl":{"start":{"line":354,"column":30},"end":{"line":354,"column":31}},"loc":{"start":{"line":354,"column":48},"end":{"line":354,"column":96}},"line":354},"20":{"name":"(anonymous_20)","decl":{"start":{"line":362,"column":27},"end":{"line":362,"column":28}},"loc":{"start":{"line":362,"column":33},"end":{"line":362,"column":92}},"line":362},"21":{"name":"(anonymous_21)","decl":{"start":{"line":372,"column":25},"end":{"line":372,"column":26}},"loc":{"start":{"line":372,"column":31},"end":{"line":376,"column":17}},"line":372}},"branchMap":{"0":{"loc":{"start":{"line":40,"column":6},"end":{"line":46,"column":7}},"type":"if","locations":[{"start":{"line":40,"column":6},"end":{"line":46,"column":7}},{"start":{"line":44,"column":13},"end":{"line":46,"column":7}}],"line":40},"1":{"loc":{"start":{"line":58,"column":4},"end":{"line":67,"column":5}},"type":"if","locations":[{"start":{"line":58,"column":4},"end":{"line":67,"column":5}},{"start":{"line":60,"column":11},"end":{"line":67,"column":5}}],"line":58},"2":{"loc":{"start":{"line":62,"column":8},"end":{"line":64,"column":40}},"type":"binary-expr","locations":[{"start":{"line":62,"column":8},"end":{"line":62,"column":64}},{"start":{"line":63,"column":8},"end":{"line":63,"column":65}},{"start":{"line":64,"column":8},"end":{"line":64,"column":40}}],"line":62},"3":{"loc":{"start":{"line":72,"column":4},"end":{"line":75,"column":5}},"type":"if","locations":[{"start":{"line":72,"column":4},"end":{"line":75,"column":5}},{"start":{},"end":{}}],"line":72},"4":{"loc":{"start":{"line":72,"column":8},"end":{"line":72,"column":47}},"type":"binary-expr","locations":[{"start":{"line":72,"column":8},"end":{"line":72,"column":25}},{"start":{"line":72,"column":29},"end":{"line":72,"column":47}}],"line":72},"5":{"loc":{"start":{"line":79,"column":18},"end":{"line":79,"column":95}},"type":"cond-expr","locations":[{"start":{"line":79,"column":31},"end":{"line":79,"column":71}},{"start":{"line":79,"column":74},"end":{"line":79,"column":95}}],"line":79},"6":{"loc":{"start":{"line":80,"column":21},"end":{"line":80,"column":48}},"type":"cond-expr","locations":[{"start":{"line":80,"column":34},"end":{"line":80,"column":39}},{"start":{"line":80,"column":42},"end":{"line":80,"column":48}}],"line":80},"7":{"loc":{"start":{"line":82,"column":21},"end":{"line":82,"column":56}},"type":"cond-expr","locations":[{"start":{"line":82,"column":34},"end":{"line":82,"column":44}},{"start":{"line":82,"column":47},"end":{"line":82,"column":56}}],"line":82},"8":{"loc":{"start":{"line":93,"column":6},"end":{"line":110,"column":7}},"type":"if","locations":[{"start":{"line":93,"column":6},"end":{"line":110,"column":7}},{"start":{"line":100,"column":13},"end":{"line":110,"column":7}}],"line":93},"9":{"loc":{"start":{"line":94,"column":31},"end":{"line":94,"column":116}},"type":"cond-expr","locations":[{"start":{"line":94,"column":44},"end":{"line":94,"column":77}},{"start":{"line":94,"column":80},"end":{"line":94,"column":116}}],"line":94},"10":{"loc":{"start":{"line":105,"column":8},"end":{"line":109,"column":9}},"type":"if","locations":[{"start":{"line":105,"column":8},"end":{"line":109,"column":9}},{"start":{"line":107,"column":15},"end":{"line":109,"column":9}}],"line":105},"11":{"loc":{"start":{"line":105,"column":12},"end":{"line":105,"column":64}},"type":"binary-expr","locations":[{"start":{"line":105,"column":12},"end":{"line":105,"column":23}},{"start":{"line":105,"column":27},"end":{"line":105,"column":64}}],"line":105},"12":{"loc":{"start":{"line":108,"column":30},"end":{"line":108,"column":112}},"type":"binary-expr","locations":[{"start":{"line":108,"column":30},"end":{"line":108,"column":41}},{"start":{"line":108,"column":45},"end":{"line":108,"column":112}}],"line":108},"13":{"loc":{"start":{"line":108,"column":65},"end":{"line":108,"column":100}},"type":"cond-expr","locations":[{"start":{"line":108,"column":78},"end":{"line":108,"column":86}},{"start":{"line":108,"column":89},"end":{"line":108,"column":100}}],"line":108},"14":{"loc":{"start":{"line":112,"column":37},"end":{"line":112,"column":77}},"type":"cond-expr","locations":[{"start":{"line":112,"column":55},"end":{"line":112,"column":63}},{"start":{"line":112,"column":66},"end":{"line":112,"column":77}}],"line":112},"15":{"loc":{"start":{"line":132,"column":6},"end":{"line":139,"column":7}},"type":"if","locations":[{"start":{"line":132,"column":6},"end":{"line":139,"column":7}},{"start":{"line":135,"column":13},"end":{"line":139,"column":7}}],"line":132},"16":{"loc":{"start":{"line":133,"column":45},"end":{"line":133,"column":78}},"type":"cond-expr","locations":[{"start":{"line":133,"column":54},"end":{"line":133,"column":63}},{"start":{"line":133,"column":66},"end":{"line":133,"column":78}}],"line":133},"17":{"loc":{"start":{"line":138,"column":66},"end":{"line":138,"column":104}},"type":"binary-expr","locations":[{"start":{"line":138,"column":66},"end":{"line":138,"column":81}},{"start":{"line":138,"column":85},"end":{"line":138,"column":104}}],"line":138},"18":{"loc":{"start":{"line":142,"column":46},"end":{"line":142,"column":106}},"type":"cond-expr","locations":[{"start":{"line":142,"column":71},"end":{"line":142,"column":84}},{"start":{"line":142,"column":87},"end":{"line":142,"column":106}}],"line":142},"19":{"loc":{"start":{"line":170,"column":6},"end":{"line":175,"column":7}},"type":"if","locations":[{"start":{"line":170,"column":6},"end":{"line":175,"column":7}},{"start":{"line":173,"column":13},"end":{"line":175,"column":7}}],"line":170},"20":{"loc":{"start":{"line":174,"column":81},"end":{"line":174,"column":122}},"type":"binary-expr","locations":[{"start":{"line":174,"column":81},"end":{"line":174,"column":99}},{"start":{"line":174,"column":103},"end":{"line":174,"column":122}}],"line":174},"21":{"loc":{"start":{"line":179,"column":46},"end":{"line":179,"column":106}},"type":"cond-expr","locations":[{"start":{"line":179,"column":71},"end":{"line":179,"column":84}},{"start":{"line":179,"column":87},"end":{"line":179,"column":106}}],"line":179},"22":{"loc":{"start":{"line":192,"column":6},"end":{"line":210,"column":7}},"type":"if","locations":[{"start":{"line":192,"column":6},"end":{"line":210,"column":7}},{"start":{"line":208,"column":13},"end":{"line":210,"column":7}}],"line":192},"23":{"loc":{"start":{"line":200,"column":20},"end":{"line":200,"column":42}},"type":"binary-expr","locations":[{"start":{"line":200,"column":20},"end":{"line":200,"column":36}},{"start":{"line":200,"column":40},"end":{"line":200,"column":42}}],"line":200},"24":{"loc":{"start":{"line":202,"column":16},"end":{"line":202,"column":34}},"type":"binary-expr","locations":[{"start":{"line":202,"column":16},"end":{"line":202,"column":28}},{"start":{"line":202,"column":32},"end":{"line":202,"column":34}}],"line":202},"25":{"loc":{"start":{"line":213,"column":56},"end":{"line":213,"column":116}},"type":"cond-expr","locations":[{"start":{"line":213,"column":81},"end":{"line":213,"column":94}},{"start":{"line":213,"column":97},"end":{"line":213,"column":116}}],"line":213},"26":{"loc":{"start":{"line":235,"column":9},"end":{"line":241,"column":9}},"type":"cond-expr","locations":[{"start":{"line":236,"column":10},"end":{"line":236,"column":55}},{"start":{"line":238,"column":10},"end":{"line":240,"column":29}}],"line":235},"27":{"loc":{"start":{"line":245,"column":11},"end":{"line":247,"column":11}},"type":"binary-expr","locations":[{"start":{"line":245,"column":11},"end":{"line":245,"column":24}},{"start":{"line":246,"column":12},"end":{"line":246,"column":88}}],"line":245},"28":{"loc":{"start":{"line":250,"column":25},"end":{"line":250,"column":57}},"type":"cond-expr","locations":[{"start":{"line":250,"column":38},"end":{"line":250,"column":45}},{"start":{"line":250,"column":48},"end":{"line":250,"column":57}}],"line":250},"29":{"loc":{"start":{"line":264,"column":26},"end":{"line":264,"column":55}},"type":"cond-expr","locations":[{"start":{"line":264,"column":39},"end":{"line":264,"column":46}},{"start":{"line":264,"column":49},"end":{"line":264,"column":55}}],"line":264},"30":{"loc":{"start":{"line":265,"column":25},"end":{"line":265,"column":60}},"type":"cond-expr","locations":[{"start":{"line":265,"column":38},"end":{"line":265,"column":49}},{"start":{"line":265,"column":52},"end":{"line":265,"column":60}}],"line":265},"31":{"loc":{"start":{"line":299,"column":7},"end":{"line":319,"column":7}},"type":"cond-expr","locations":[{"start":{"line":300,"column":8},"end":{"line":302,"column":29}},{"start":{"line":303,"column":10},"end":{"line":319,"column":7}}],"line":299},"32":{"loc":{"start":{"line":303,"column":10},"end":{"line":319,"column":7}},"type":"cond-expr","locations":[{"start":{"line":304,"column":8},"end":{"line":311,"column":27}},{"start":{"line":313,"column":8},"end":{"line":318,"column":10}}],"line":303},"33":{"loc":{"start":{"line":306,"column":13},"end":{"line":306,"column":103}},"type":"cond-expr","locations":[{"start":{"line":306,"column":24},"end":{"line":306,"column":70}},{"start":{"line":306,"column":73},"end":{"line":306,"column":103}}],"line":306},"34":{"loc":{"start":{"line":309,"column":13},"end":{"line":309,"column":122}},"type":"cond-expr","locations":[{"start":{"line":309,"column":24},"end":{"line":309,"column":54}},{"start":{"line":309,"column":57},"end":{"line":309,"column":122}}],"line":309},"35":{"loc":{"start":{"line":331,"column":15},"end":{"line":331,"column":82}},"type":"cond-expr","locations":[{"start":{"line":331,"column":33},"end":{"line":331,"column":52}},{"start":{"line":331,"column":55},"end":{"line":331,"column":82}}],"line":331},"36":{"loc":{"start":{"line":383,"column":19},"end":{"line":383,"column":59}},"type":"cond-expr","locations":[{"start":{"line":383,"column":37},"end":{"line":383,"column":48}},{"start":{"line":383,"column":51},"end":{"line":383,"column":59}}],"line":383}},"s":{"0":0,"1":0,"2":0,"3":0,"4":0,"5":0,"6":0,"7":0,"8":0,"9":0,"10":0,"11":0,"12":0,"13":0,"14":0,"15":0,"16":0,"17":0,"18":0,"19":0,"20":0,"21":0,"22":0,"23":0,"24":0,"25":0,"26":0,"27":0,"28":0,"29":0,"30":0,"31":0,"32":0,"33":0,"34":0,"35":0,"36":0,"37":0,"38":0,"39":0,"40":0,"41":0,"42":0,"43":0,"44":0,"45":0,"46":0,"47":0,"48":0,"49":0,"50":0,"51":0,"52":0,"53":0,"54":0,"55":0,"56":0,"57":0,"58":0,"59":0,"60":0,"61":0,"62":0,"63":0,"64":0,"65":0,"66":0,"67":0,"68":0,"69":0,"70":0,"71":0,"72":0,"73":0,"74":0,"75":0,"76":0,"77":0,"78":0,"79":0,"80":0,"81":0,"82":0,"83":0,"84":0,"85":0,"86":0,"87":0,"88":0,"89":0,"90":0,"91":0,"92":0,"93":0,"94":0,"95":0,"96":0,"97":0,"98":0,"99":0,"100":0,"101":0,"102":0,"103":0,"104":0,"105":0,"106":0,"107":0,"108":0,"109":0,"110":0,"111":0,"112":0,"113":0,"114":0,"115":0,"116":0,"117":0},"f":{"0":0,"1":0,"2":0,"3":0,"4":0,"5":0,"6":0,"7":0,"8":0,"9":0,"10":0,"11":0,"12":0,"13":0,"14":0,"15":0,"16":0,"17":0,"18":0,"19":0,"20":0,"21":0},"b":{"0":[0,0],"1":[0,0],"2":[0,0,0],"3":[0,0],"4":[0,0],"5":[0,0],"6":[0,0],"7":[0,0],"8":[0,0],"9":[0,0],"10":[0,0],"11":[0,0],"12":[0,0],"13":[0,0],"14":[0,0],"15":[0,0],"16":[0,0],"17":[0,0],"18":[0,0],"19":[0,0],"20":[0,0],"21":[0,0],"22":[0,0],"23":[0,0],"24":[0,0],"25":[0,0],"26":[0,0],"27":[0,0],"28":[0,0],"29":[0,0],"30":[0,0],"31":[0,0],"32":[0,0],"33":[0,0],"34":[0,0],"35":[0,0],"36":[0,0]}}
,"C:\\Users\\Devyd Silva\\Documents\\GitHub\\-Alunos_SENAI\\Alunos_SENAI\\app\\(tabs)\\categories.styles.tsx": {"path":"C:\\Users\\Devyd Silva\\Documents\\GitHub\\-Alunos_SENAI\\Alunos_SENAI\\app\\(tabs)\\categories.styles.tsx","statementMap":{"0":{"start":{"line":4,"column":25},"end":{"line":7,"column":1}},"1":{"start":{"line":9,"column":22},"end":{"line":17,"column":1}},"2":{"start":{"line":19,"column":21},"end":{"line":23,"column":1}},"3":{"start":{"line":25,"column":30},"end":{"line":33,"column":1}},"4":{"start":{"line":35,"column":35},"end":{"line":39,"column":1}},"5":{"start":{"line":41,"column":32},"end":{"line":45,"column":1}},"6":{"start":{"line":47,"column":27},"end":{"line":50,"column":1}},"7":{"start":{"line":52,"column":30},"end":{"line":57,"column":1}},"8":{"start":{"line":59,"column":25},"end":{"line":63,"column":1}},"9":{"start":{"line":65,"column":28},"end":{"line":69,"column":1}},"10":{"start":{"line":71,"column":21},"end":{"line":74,"column":1}},"11":{"start":{"line":76,"column":20},"end":{"line":82,"column":1}},"12":{"start":{"line":77,"column":56},"end":{"line":77,"column":114}},"13":{"start":{"line":81,"column":47},"end":{"line":81,"column":70}},"14":{"start":{"line":84,"column":26},"end":{"line":88,"column":1}},"15":{"start":{"line":90,"column":24},"end":{"line":93,"column":1}},"16":{"start":{"line":95,"column":24},"end":{"line":100,"column":1}},"17":{"start":{"line":98,"column":45},"end":{"line":98,"column":101}},"18":{"start":{"line":102,"column":29},"end":{"line":105,"column":1}},"19":{"start":{"line":104,"column":45},"end":{"line":104,"column":103}},"20":{"start":{"line":107,"column":27},"end":{"line":113,"column":1}},"21":{"start":{"line":111,"column":53},"end":{"line":111,"column":96}},"22":{"start":{"line":115,"column":26},"end":{"line":119,"column":1}},"23":{"start":{"line":121,"column":31},"end":{"line":124,"column":1}},"24":{"start":{"line":126,"column":27},"end":{"line":134,"column":1}},"25":{"start":{"line":136,"column":28},"end":{"line":144,"column":1}},"26":{"start":{"line":146,"column":26},"end":{"line":150,"column":1}},"27":{"start":{"line":153,"column":28},"end":{"line":158,"column":1}},"28":{"start":{"line":160,"column":28},"end":{"line":166,"column":1}},"29":{"start":{"line":168,"column":26},"end":{"line":174,"column":1}},"30":{"start":{"line":176,"column":25},"end":{"line":178,"column":1}},"31":{"start":{"line":180,"column":21},"end":{"line":189,"column":1}},"32":{"start":{"line":191,"column":30},"end":{"line":194,"column":1}},"33":{"start":{"line":196,"column":33},"end":{"line":200,"column":1}},"34":{"start":{"line":202,"column":24},"end":{"line":212,"column":1}},"35":{"start":{"line":206,"column":51},"end":{"line":206,"column":101}},"36":{"start":{"line":211,"column":55},"end":{"line":211,"column":101}},"37":{"start":{"line":214,"column":28},"end":{"line":218,"column":1}},"38":{"start":{"line":220,"column":29},"end":{"line":223,"column":1}},"39":{"start":{"line":225,"column":28},"end":{"line":229,"column":1}},"40":{"start":{"line":231,"column":27},"end":{"line":237,"column":1}},"41":{"start":{"line":239,"column":28},"end":{"line":243,"column":1}},"42":{"start":{"line":245,"column":26},"end":{"line":247,"column":1}},"43":{"start":{"line":249,"column":32},"end":{"line":254,"column":1}},"44":{"start":{"line":256,"column":30},"end":{"line":261,"column":1}}},"fnMap":{"0":{"name":"(anonymous_0)","decl":{"start":{"line":77,"column":22},"end":{"line":77,"column":23}},"loc":{"start":{"line":77,"column":56},"end":{"line":77,"column":114}},"line":77},"1":{"name":"(anonymous_1)","decl":{"start":{"line":81,"column":13},"end":{"line":81,"column":14}},"loc":{"start":{"line":81,"column":47},"end":{"line":81,"column":70}},"line":81},"2":{"name":"(anonymous_2)","decl":{"start":{"line":98,"column":11},"end":{"line":98,"column":12}},"loc":{"start":{"line":98,"column":45},"end":{"line":98,"column":101}},"line":98},"3":{"name":"(anonymous_3)","decl":{"start":{"line":104,"column":11},"end":{"line":104,"column":12}},"loc":{"start":{"line":104,"column":45},"end":{"line":104,"column":103}},"line":104},"4":{"name":"(anonymous_4)","decl":{"start":{"line":111,"column":22},"end":{"line":111,"column":23}},"loc":{"start":{"line":111,"column":53},"end":{"line":111,"column":96}},"line":111},"5":{"name":"(anonymous_5)","decl":{"start":{"line":206,"column":18},"end":{"line":206,"column":19}},"loc":{"start":{"line":206,"column":51},"end":{"line":206,"column":101}},"line":206},"6":{"name":"(anonymous_6)","decl":{"start":{"line":211,"column":22},"end":{"line":211,"column":23}},"loc":{"start":{"line":211,"column":55},"end":{"line":211,"column":101}},"line":211}},"branchMap":{"0":{"loc":{"start":{"line":77,"column":56},"end":{"line":77,"column":114}},"type":"cond-expr","locations":[{"start":{"line":77,"column":72},"end":{"line":77,"column":89}},{"start":{"line":77,"column":92},"end":{"line":77,"column":114}}],"line":77},"1":{"loc":{"start":{"line":81,"column":47},"end":{"line":81,"column":70}},"type":"cond-expr","locations":[{"start":{"line":81,"column":63},"end":{"line":81,"column":66}},{"start":{"line":81,"column":69},"end":{"line":81,"column":70}}],"line":81},"2":{"loc":{"start":{"line":98,"column":45},"end":{"line":98,"column":101}},"type":"cond-expr","locations":[{"start":{"line":98,"column":61},"end":{"line":98,"column":80}},{"start":{"line":98,"column":83},"end":{"line":98,"column":101}}],"line":98},"3":{"loc":{"start":{"line":104,"column":45},"end":{"line":104,"column":103}},"type":"cond-expr","locations":[{"start":{"line":104,"column":61},"end":{"line":104,"column":80}},{"start":{"line":104,"column":83},"end":{"line":104,"column":103}}],"line":104},"4":{"loc":{"start":{"line":111,"column":53},"end":{"line":111,"column":96}},"type":"cond-expr","locations":[{"start":{"line":111,"column":67},"end":{"line":111,"column":81}},{"start":{"line":111,"column":84},"end":{"line":111,"column":96}}],"line":111},"5":{"loc":{"start":{"line":206,"column":51},"end":{"line":206,"column":101}},"type":"cond-expr","locations":[{"start":{"line":206,"column":67},"end":{"line":206,"column":81}},{"start":{"line":206,"column":84},"end":{"line":206,"column":101}}],"line":206},"6":{"loc":{"start":{"line":211,"column":55},"end":{"line":211,"column":101}},"type":"cond-expr","locations":[{"start":{"line":211,"column":71},"end":{"line":211,"column":85}},{"start":{"line":211,"column":88},"end":{"line":211,"column":101}}],"line":211}},"s":{"0":0,"1":0,"2":0,"3":0,"4":0,"5":0,"6":0,"7":0,"8":0,"9":0,"10":0,"11":0,"12":0,"13":0,"14":0,"15":0,"16":0,"17":0,"18":0,"19":0,"20":0,"21":0,"22":0,"23":0,"24":0,"25":0,"26":0,"27":0,"28":0,"29":0,"30":0,"31":0,"32":0,"33":0,"34":0,"35":0,"36":0,"37":0,"38":0,"39":0,"40":0,"41":0,"42":0,"43":0,"44":0},"f":{"0":0,"1":0,"2":0,"3":0,"4":0,"5":0,"6":0},"b":{"0":[0,0],"1":[0,0],"2":[0,0],"3":[0,0],"4":[0,0],"5":[0,0],"6":[0,0]}}
,"C:\\Users\\Devyd Silva\\Documents\\GitHub\\-Alunos_SENAI\\Alunos_SENAI\\app\\(tabs)\\categories.tsx": {"path":"C:\\Users\\Devyd Silva\\Documents\\GitHub\\-Alunos_SENAI\\Alunos_SENAI\\app\\(tabs)\\categories.tsx","statementMap":{"0":{"start":{"line":16,"column":38},"end":{"line":16,"column":63}},"1":{"start":{"line":17,"column":32},"end":{"line":17,"column":46}},"2":{"start":{"line":18,"column":42},"end":{"line":18,"column":57}},"3":{"start":{"line":19,"column":52},"end":{"line":19,"column":81}},"4":{"start":{"line":20,"column":44},"end":{"line":24,"column":4}},"5":{"start":{"line":26,"column":18},"end":{"line":26,"column":41}},"6":{"start":{"line":29,"column":27},"end":{"line":45,"column":3}},"7":{"start":{"line":30,"column":4},"end":{"line":44,"column":5}},"8":{"start":{"line":31,"column":6},"end":{"line":31,"column":23}},"9":{"start":{"line":32,"column":23},"end":{"line":32,"column":59}},"10":{"start":{"line":33,"column":6},"end":{"line":38,"column":7}},"11":{"start":{"line":34,"column":21},"end":{"line":34,"column":42}},"12":{"start":{"line":35,"column":8},"end":{"line":35,"column":28}},"13":{"start":{"line":37,"column":8},"end":{"line":37,"column":71}},"14":{"start":{"line":40,"column":6},"end":{"line":40,"column":61}},"15":{"start":{"line":41,"column":6},"end":{"line":41,"column":57}},"16":{"start":{"line":43,"column":6},"end":{"line":43,"column":24}},"17":{"start":{"line":48,"column":26},"end":{"line":84,"column":3}},"18":{"start":{"line":49,"column":4},"end":{"line":52,"column":5}},"19":{"start":{"line":50,"column":6},"end":{"line":50,"column":48}},"20":{"start":{"line":51,"column":6},"end":{"line":51,"column":13}},"21":{"start":{"line":54,"column":4},"end":{"line":83,"column":5}},"22":{"start":{"line":55,"column":25},"end":{"line":55,"column":51}},"23":{"start":{"line":56,"column":18},"end":{"line":58,"column":33}},"24":{"start":{"line":59,"column":21},"end":{"line":59,"column":48}},"25":{"start":{"line":61,"column":23},"end":{"line":65,"column":8}},"26":{"start":{"line":67,"column":6},"end":{"line":79,"column":7}},"27":{"start":{"line":68,"column":8},"end":{"line":71,"column":10}},"28":{"start":{"line":72,"column":8},"end":{"line":72,"column":67}},"29":{"start":{"line":73,"column":8},"end":{"line":73,"column":35}},"30":{"start":{"line":74,"column":8},"end":{"line":74,"column":31}},"31":{"start":{"line":75,"column":8},"end":{"line":75,"column":27}},"32":{"start":{"line":77,"column":22},"end":{"line":77,"column":43}},"33":{"start":{"line":78,"column":8},"end":{"line":78,"column":70}},"34":{"start":{"line":81,"column":6},"end":{"line":81,"column":54}},"35":{"start":{"line":82,"column":6},"end":{"line":82,"column":27}},"36":{"start":{"line":87,"column":26},"end":{"line":103,"column":3}},"37":{"start":{"line":88,"column":4},"end":{"line":102,"column":5}},"38":{"start":{"line":89,"column":23},"end":{"line":89,"column":69}},"39":{"start":{"line":90,"column":6},"end":{"line":99,"column":7}},"40":{"start":{"line":91,"column":26},"end":{"line":91,"column":47}},"41":{"start":{"line":92,"column":8},"end":{"line":96,"column":11}},"42":{"start":{"line":97,"column":8},"end":{"line":97,"column":37}},"43":{"start":{"line":98,"column":8},"end":{"line":98,"column":30}},"44":{"start":{"line":101,"column":6},"end":{"line":101,"column":54}},"45":{"start":{"line":106,"column":27},"end":{"line":140,"column":3}},"46":{"start":{"line":107,"column":4},"end":{"line":107,"column":49}},"47":{"start":{"line":108,"column":4},"end":{"line":108,"column":37}},"48":{"start":{"line":109,"column":4},"end":{"line":109,"column":60}},"49":{"start":{"line":111,"column":4},"end":{"line":139,"column":5}},"50":{"start":{"line":112,"column":6},"end":{"line":112,"column":64}},"51":{"start":{"line":113,"column":6},"end":{"line":113,"column":71}},"52":{"start":{"line":115,"column":29},"end":{"line":120,"column":8}},"53":{"start":{"line":122,"column":6},"end":{"line":122,"column":44}},"54":{"start":{"line":123,"column":6},"end":{"line":123,"column":52}},"55":{"start":{"line":124,"column":6},"end":{"line":124,"column":44}},"56":{"start":{"line":126,"column":27},"end":{"line":126,"column":54}},"57":{"start":{"line":127,"column":6},"end":{"line":127,"column":59}},"58":{"start":{"line":129,"column":6},"end":{"line":134,"column":7}},"59":{"start":{"line":130,"column":8},"end":{"line":130,"column":99}},"60":{"start":{"line":131,"column":8},"end":{"line":131,"column":27}},"61":{"start":{"line":133,"column":8},"end":{"line":133,"column":126}},"62":{"start":{"line":137,"column":6},"end":{"line":137,"column":55}},"63":{"start":{"line":138,"column":6},"end":{"line":138,"column":146}},"64":{"start":{"line":142,"column":2},"end":{"line":144,"column":9}},"65":{"start":{"line":143,"column":4},"end":{"line":143,"column":23}},"66":{"start":{"line":146,"column":2},"end":{"line":150,"column":4}},"67":{"start":{"line":148,"column":6},"end":{"line":148,"column":25}},"68":{"start":{"line":152,"column":26},"end":{"line":182,"column":3}},"69":{"start":{"line":153,"column":4},"end":{"line":181,"column":13}},"70":{"start":{"line":171,"column":38},"end":{"line":171,"column":66}},"71":{"start":{"line":176,"column":39},"end":{"line":176,"column":79}},"72":{"start":{"line":184,"column":2},"end":{"line":279,"column":4}},"73":{"start":{"line":188,"column":41},"end":{"line":188,"column":62}},"74":{"start":{"line":208,"column":45},"end":{"line":208,"column":67}},"75":{"start":{"line":218,"column":30},"end":{"line":218,"column":52}},"76":{"start":{"line":231,"column":18},"end":{"line":231,"column":68}},"77":{"start":{"line":240,"column":18},"end":{"line":240,"column":73}},"78":{"start":{"line":251,"column":20},"end":{"line":251,"column":87}},"79":{"start":{"line":263,"column":18},"end":{"line":263,"column":41}},"80":{"start":{"line":264,"column":18},"end":{"line":264,"column":77}},"81":{"start":{"line":265,"column":18},"end":{"line":265,"column":45}}},"fnMap":{"0":{"name":"CategoriesScreen","decl":{"start":{"line":15,"column":24},"end":{"line":15,"column":40}},"loc":{"start":{"line":15,"column":43},"end":{"line":280,"column":1}},"line":15},"1":{"name":"(anonymous_1)","decl":{"start":{"line":29,"column":27},"end":{"line":29,"column":28}},"loc":{"start":{"line":29,"column":39},"end":{"line":45,"column":3}},"line":29},"2":{"name":"(anonymous_2)","decl":{"start":{"line":48,"column":26},"end":{"line":48,"column":27}},"loc":{"start":{"line":48,"column":38},"end":{"line":84,"column":3}},"line":48},"3":{"name":"(anonymous_3)","decl":{"start":{"line":87,"column":26},"end":{"line":87,"column":27}},"loc":{"start":{"line":87,"column":52},"end":{"line":103,"column":3}},"line":87},"4":{"name":"(anonymous_4)","decl":{"start":{"line":106,"column":27},"end":{"line":106,"column":28}},"loc":{"start":{"line":106,"column":67},"end":{"line":140,"column":3}},"line":106},"5":{"name":"(anonymous_5)","decl":{"start":{"line":142,"column":12},"end":{"line":142,"column":13}},"loc":{"start":{"line":142,"column":18},"end":{"line":144,"column":3}},"line":142},"6":{"name":"(anonymous_6)","decl":{"start":{"line":147,"column":22},"end":{"line":147,"column":23}},"loc":{"start":{"line":147,"column":28},"end":{"line":149,"column":5}},"line":147},"7":{"name":"(anonymous_7)","decl":{"start":{"line":152,"column":26},"end":{"line":152,"column":27}},"loc":{"start":{"line":153,"column":4},"end":{"line":181,"column":13}},"line":153},"8":{"name":"(anonymous_8)","decl":{"start":{"line":171,"column":32},"end":{"line":171,"column":33}},"loc":{"start":{"line":171,"column":38},"end":{"line":171,"column":66}},"line":171},"9":{"name":"(anonymous_9)","decl":{"start":{"line":176,"column":33},"end":{"line":176,"column":34}},"loc":{"start":{"line":176,"column":39},"end":{"line":176,"column":79}},"line":176},"10":{"name":"(anonymous_10)","decl":{"start":{"line":188,"column":35},"end":{"line":188,"column":36}},"loc":{"start":{"line":188,"column":41},"end":{"line":188,"column":62}},"line":188},"11":{"name":"(anonymous_11)","decl":{"start":{"line":208,"column":24},"end":{"line":208,"column":25}},"loc":{"start":{"line":208,"column":45},"end":{"line":208,"column":67}},"line":208},"12":{"name":"(anonymous_12)","decl":{"start":{"line":218,"column":24},"end":{"line":218,"column":25}},"loc":{"start":{"line":218,"column":30},"end":{"line":218,"column":52}},"line":218},"13":{"name":"(anonymous_13)","decl":{"start":{"line":230,"column":30},"end":{"line":230,"column":31}},"loc":{"start":{"line":231,"column":18},"end":{"line":231,"column":68}},"line":231},"14":{"name":"(anonymous_14)","decl":{"start":{"line":239,"column":30},"end":{"line":239,"column":31}},"loc":{"start":{"line":240,"column":18},"end":{"line":240,"column":73}},"line":240},"15":{"name":"(anonymous_15)","decl":{"start":{"line":250,"column":27},"end":{"line":250,"column":28}},"loc":{"start":{"line":251,"column":20},"end":{"line":251,"column":87}},"line":251},"16":{"name":"(anonymous_16)","decl":{"start":{"line":262,"column":25},"end":{"line":262,"column":26}},"loc":{"start":{"line":262,"column":31},"end":{"line":266,"column":17}},"line":262}},"branchMap":{"0":{"loc":{"start":{"line":33,"column":6},"end":{"line":38,"column":7}},"type":"if","locations":[{"start":{"line":33,"column":6},"end":{"line":38,"column":7}},{"start":{"line":36,"column":13},"end":{"line":38,"column":7}}],"line":33},"1":{"loc":{"start":{"line":49,"column":4},"end":{"line":52,"column":5}},"type":"if","locations":[{"start":{"line":49,"column":4},"end":{"line":52,"column":5}},{"start":{},"end":{}}],"line":49},"2":{"loc":{"start":{"line":56,"column":18},"end":{"line":58,"column":33}},"type":"cond-expr","locations":[{"start":{"line":57,"column":10},"end":{"line":57,"column":54}},{"start":{"line":58,"column":10},"end":{"line":58,"column":33}}],"line":56},"3":{"loc":{"start":{"line":59,"column":21},"end":{"line":59,"column":48}},"type":"cond-expr","locations":[{"start":{"line":59,"column":34},"end":{"line":59,"column":39}},{"start":{"line":59,"column":42},"end":{"line":59,"column":48}}],"line":59},"4":{"loc":{"start":{"line":67,"column":6},"end":{"line":79,"column":7}},"type":"if","locations":[{"start":{"line":67,"column":6},"end":{"line":79,"column":7}},{"start":{"line":76,"column":13},"end":{"line":79,"column":7}}],"line":67},"5":{"loc":{"start":{"line":70,"column":10},"end":{"line":70,"column":68}},"type":"cond-expr","locations":[{"start":{"line":70,"column":23},"end":{"line":70,"column":46}},{"start":{"line":70,"column":49},"end":{"line":70,"column":68}}],"line":70},"6":{"loc":{"start":{"line":78,"column":28},"end":{"line":78,"column":68}},"type":"binary-expr","locations":[{"start":{"line":78,"column":28},"end":{"line":78,"column":39}},{"start":{"line":78,"column":43},"end":{"line":78,"column":68}}],"line":78},"7":{"loc":{"start":{"line":90,"column":6},"end":{"line":99,"column":7}},"type":"if","locations":[{"start":{"line":90,"column":6},"end":{"line":99,"column":7}},{"start":{},"end":{}}],"line":90},"8":{"loc":{"start":{"line":94,"column":21},"end":{"line":94,"column":46}},"type":"binary-expr","locations":[{"start":{"line":94,"column":21},"end":{"line":94,"column":40}},{"start":{"line":94,"column":44},"end":{"line":94,"column":46}}],"line":94},"9":{"loc":{"start":{"line":129,"column":6},"end":{"line":134,"column":7}},"type":"if","locations":[{"start":{"line":129,"column":6},"end":{"line":134,"column":7}},{"start":{"line":132,"column":13},"end":{"line":134,"column":7}}],"line":129},"10":{"loc":{"start":{"line":133,"column":81},"end":{"line":133,"column":122}},"type":"binary-expr","locations":[{"start":{"line":133,"column":81},"end":{"line":133,"column":99}},{"start":{"line":133,"column":103},"end":{"line":133,"column":122}}],"line":133},"11":{"loc":{"start":{"line":138,"column":46},"end":{"line":138,"column":106}},"type":"cond-expr","locations":[{"start":{"line":138,"column":71},"end":{"line":138,"column":84}},{"start":{"line":138,"column":87},"end":{"line":138,"column":106}}],"line":138},"12":{"loc":{"start":{"line":159,"column":11},"end":{"line":163,"column":11}},"type":"binary-expr","locations":[{"start":{"line":159,"column":11},"end":{"line":159,"column":25}},{"start":{"line":160,"column":12},"end":{"line":162,"column":30}}],"line":159},"13":{"loc":{"start":{"line":166,"column":25},"end":{"line":166,"column":57}},"type":"cond-expr","locations":[{"start":{"line":166,"column":38},"end":{"line":166,"column":45}},{"start":{"line":166,"column":48},"end":{"line":166,"column":57}}],"line":166},"14":{"loc":{"start":{"line":194,"column":7},"end":{"line":211,"column":7}},"type":"cond-expr","locations":[{"start":{"line":195,"column":8},"end":{"line":197,"column":29}},{"start":{"line":198,"column":10},"end":{"line":211,"column":7}}],"line":194},"15":{"loc":{"start":{"line":198,"column":10},"end":{"line":211,"column":7}},"type":"cond-expr","locations":[{"start":{"line":199,"column":8},"end":{"line":203,"column":27}},{"start":{"line":205,"column":8},"end":{"line":210,"column":10}}],"line":198},"16":{"loc":{"start":{"line":223,"column":15},"end":{"line":223,"column":72}},"type":"cond-expr","locations":[{"start":{"line":223,"column":35},"end":{"line":223,"column":53}},{"start":{"line":223,"column":56},"end":{"line":223,"column":72}}],"line":223}},"s":{"0":0,"1":0,"2":0,"3":0,"4":0,"5":0,"6":0,"7":0,"8":0,"9":0,"10":0,"11":0,"12":0,"13":0,"14":0,"15":0,"16":0,"17":0,"18":0,"19":0,"20":0,"21":0,"22":0,"23":0,"24":0,"25":0,"26":0,"27":0,"28":0,"29":0,"30":0,"31":0,"32":0,"33":0,"34":0,"35":0,"36":0,"37":0,"38":0,"39":0,"40":0,"41":0,"42":0,"43":0,"44":0,"45":0,"46":0,"47":0,"48":0,"49":0,"50":0,"51":0,"52":0,"53":0,"54":0,"55":0,"56":0,"57":0,"58":0,"59":0,"60":0,"61":0,"62":0,"63":0,"64":0,"65":0,"66":0,"67":0,"68":0,"69":0,"70":0,"71":0,"72":0,"73":0,"74":0,"75":0,"76":0,"77":0,"78":0,"79":0,"80":0,"81":0},"f":{"0":0,"1":0,"2":0,"3":0,"4":0,"5":0,"6":0,"7":0,"8":0,"9":0,"10":0,"11":0,"12":0,"13":0,"14":0,"15":0,"16":0},"b":{"0":[0,0],"1":[0,0],"2":[0,0],"3":[0,0],"4":[0,0],"5":[0,0],"6":[0,0],"7":[0,0],"8":[0,0],"9":[0,0],"10":[0,0],"11":[0,0],"12":[0,0],"13":[0,0],"14":[0,0],"15":[0,0],"16":[0,0]}}
,"C:\\Users\\Devyd Silva\\Documents\\GitHub\\-Alunos_SENAI\\Alunos_SENAI\\app\\(tabs)\\index.styles.tsx": {"path":"C:\\Users\\Devyd Silva\\Documents\\GitHub\\-Alunos_SENAI\\Alunos_SENAI\\app\\(tabs)\\index.styles.tsx","statementMap":{"0":{"start":{"line":4,"column":25},"end":{"line":7,"column":1}},"1":{"start":{"line":9,"column":23},"end":{"line":11,"column":1}},"2":{"start":{"line":13,"column":21},"end":{"line":19,"column":1}},"3":{"start":{"line":21,"column":24},"end":{"line":26,"column":1}},"4":{"start":{"line":28,"column":31},"end":{"line":32,"column":1}},"5":{"start":{"line":34,"column":27},"end":{"line":42,"column":1}},"6":{"start":{"line":44,"column":34},"end":{"line":56,"column":1}},"7":{"start":{"line":58,"column":28},"end":{"line":65,"column":1}},"8":{"start":{"line":67,"column":28},"end":{"line":70,"column":1}},"9":{"start":{"line":72,"column":28},"end":{"line":77,"column":1}},"10":{"start":{"line":75,"column":45},"end":{"line":75,"column":101}},"11":{"start":{"line":79,"column":29},"end":{"line":82,"column":1}},"12":{"start":{"line":81,"column":45},"end":{"line":81,"column":103}},"13":{"start":{"line":84,"column":30},"end":{"line":89,"column":1}},"14":{"start":{"line":88,"column":53},"end":{"line":88,"column":96}},"15":{"start":{"line":91,"column":34},"end":{"line":95,"column":1}},"16":{"start":{"line":97,"column":29},"end":{"line":102,"column":1}},"17":{"start":{"line":104,"column":25},"end":{"line":110,"column":1}},"18":{"start":{"line":112,"column":29},"end":{"line":118,"column":1}},"19":{"start":{"line":120,"column":36},"end":{"line":123,"column":1}},"20":{"start":{"line":125,"column":27},"end":{"line":131,"column":1}},"21":{"start":{"line":133,"column":32},"end":{"line":139,"column":1}},"22":{"start":{"line":141,"column":23},"end":{"line":144,"column":1}},"23":{"start":{"line":146,"column":28},"end":{"line":150,"column":1}},"24":{"start":{"line":152,"column":31},"end":{"line":155,"column":1}},"25":{"start":{"line":157,"column":25},"end":{"line":165,"column":1}},"26":{"start":{"line":167,"column":28},"end":{"line":175,"column":1}},"27":{"start":{"line":177,"column":30},"end":{"line":181,"column":1}},"28":{"start":{"line":183,"column":21},"end":{"line":192,"column":1}},"29":{"start":{"line":194,"column":33},"end":{"line":198,"column":1}},"30":{"start":{"line":200,"column":24},"end":{"line":210,"column":1}},"31":{"start":{"line":204,"column":51},"end":{"line":204,"column":101}},"32":{"start":{"line":209,"column":55},"end":{"line":209,"column":101}},"33":{"start":{"line":212,"column":28},"end":{"line":216,"column":1}},"34":{"start":{"line":218,"column":29},"end":{"line":221,"column":1}},"35":{"start":{"line":223,"column":28},"end":{"line":229,"column":1}},"36":{"start":{"line":224,"column":57},"end":{"line":224,"column":109}},"37":{"start":{"line":231,"column":32},"end":{"line":235,"column":1}},"38":{"start":{"line":237,"column":29},"end":{"line":239,"column":1}},"39":{"start":{"line":241,"column":26},"end":{"line":246,"column":1}},"40":{"start":{"line":248,"column":24},"end":{"line":252,"column":1}}},"fnMap":{"0":{"name":"(anonymous_0)","decl":{"start":{"line":75,"column":11},"end":{"line":75,"column":12}},"loc":{"start":{"line":75,"column":45},"end":{"line":75,"column":101}},"line":75},"1":{"name":"(anonymous_1)","decl":{"start":{"line":81,"column":11},"end":{"line":81,"column":12}},"loc":{"start":{"line":81,"column":45},"end":{"line":81,"column":103}},"line":81},"2":{"name":"(anonymous_2)","decl":{"start":{"line":88,"column":22},"end":{"line":88,"column":23}},"loc":{"start":{"line":88,"column":53},"end":{"line":88,"column":96}},"line":88},"3":{"name":"(anonymous_3)","decl":{"start":{"line":204,"column":18},"end":{"line":204,"column":19}},"loc":{"start":{"line":204,"column":51},"end":{"line":204,"column":101}},"line":204},"4":{"name":"(anonymous_4)","decl":{"start":{"line":209,"column":22},"end":{"line":209,"column":23}},"loc":{"start":{"line":209,"column":55},"end":{"line":209,"column":101}},"line":209},"5":{"name":"(anonymous_5)","decl":{"start":{"line":224,"column":22},"end":{"line":224,"column":23}},"loc":{"start":{"line":224,"column":57},"end":{"line":224,"column":109}},"line":224}},"branchMap":{"0":{"loc":{"start":{"line":75,"column":45},"end":{"line":75,"column":101}},"type":"cond-expr","locations":[{"start":{"line":75,"column":61},"end":{"line":75,"column":80}},{"start":{"line":75,"column":83},"end":{"line":75,"column":101}}],"line":75},"1":{"loc":{"start":{"line":81,"column":45},"end":{"line":81,"column":103}},"type":"cond-expr","locations":[{"start":{"line":81,"column":61},"end":{"line":81,"column":80}},{"start":{"line":81,"column":83},"end":{"line":81,"column":103}}],"line":81},"2":{"loc":{"start":{"line":88,"column":53},"end":{"line":88,"column":96}},"type":"cond-expr","locations":[{"start":{"line":88,"column":67},"end":{"line":88,"column":81}},{"start":{"line":88,"column":84},"end":{"line":88,"column":96}}],"line":88},"3":{"loc":{"start":{"line":204,"column":51},"end":{"line":204,"column":101}},"type":"cond-expr","locations":[{"start":{"line":204,"column":67},"end":{"line":204,"column":81}},{"start":{"line":204,"column":84},"end":{"line":204,"column":101}}],"line":204},"4":{"loc":{"start":{"line":209,"column":55},"end":{"line":209,"column":101}},"type":"cond-expr","locations":[{"start":{"line":209,"column":71},"end":{"line":209,"column":85}},{"start":{"line":209,"column":88},"end":{"line":209,"column":101}}],"line":209},"5":{"loc":{"start":{"line":224,"column":57},"end":{"line":224,"column":109}},"type":"cond-expr","locations":[{"start":{"line":224,"column":74},"end":{"line":224,"column":92}},{"start":{"line":224,"column":95},"end":{"line":224,"column":109}}],"line":224}},"s":{"0":0,"1":0,"2":0,"3":0,"4":0,"5":0,"6":0,"7":0,"8":0,"9":0,"10":0,"11":0,"12":0,"13":0,"14":0,"15":0,"16":0,"17":0,"18":0,"19":0,"20":0,"21":0,"22":0,"23":0,"24":0,"25":0,"26":0,"27":0,"28":0,"29":0,"30":0,"31":0,"32":0,"33":0,"34":0,"35":0,"36":0,"37":0,"38":0,"39":0,"40":0},"f":{"0":0,"1":0,"2":0,"3":0,"4":0,"5":0},"b":{"0":[0,0],"1":[0,0],"2":[0,0],"3":[0,0],"4":[0,0],"5":[0,0]}}
,"C:\\Users\\Devyd Silva\\Documents\\GitHub\\-Alunos_SENAI\\Alunos_SENAI\\app\\(tabs)\\products.styles.tsx": {"path":"C:\\Users\\Devyd Silva\\Documents\\GitHub\\-Alunos_SENAI\\Alunos_SENAI\\app\\(tabs)\\products.styles.tsx","statementMap":{"0":{"start":{"line":4,"column":25},"end":{"line":7,"column":1}},"1":{"start":{"line":9,"column":22},"end":{"line":17,"column":1}},"2":{"start":{"line":19,"column":21},"end":{"line":23,"column":1}},"3":{"start":{"line":25,"column":30},"end":{"line":33,"column":1}},"4":{"start":{"line":35,"column":35},"end":{"line":39,"column":1}},"5":{"start":{"line":41,"column":32},"end":{"line":45,"column":1}},"6":{"start":{"line":47,"column":27},"end":{"line":50,"column":1}},"7":{"start":{"line":52,"column":30},"end":{"line":57,"column":1}},"8":{"start":{"line":59,"column":25},"end":{"line":63,"column":1}},"9":{"start":{"line":65,"column":21},"end":{"line":68,"column":1}},"10":{"start":{"line":70,"column":20},"end":{"line":76,"column":1}},"11":{"start":{"line":75,"column":47},"end":{"line":75,"column":70}},"12":{"start":{"line":78,"column":27},"end":{"line":81,"column":1}},"13":{"start":{"line":83,"column":27},"end":{"line":88,"column":1}},"14":{"start":{"line":90,"column":30},"end":{"line":98,"column":1}},"15":{"start":{"line":100,"column":27},"end":{"line":102,"column":1}},"16":{"start":{"line":104,"column":27},"end":{"line":109,"column":1}},"17":{"start":{"line":107,"column":45},"end":{"line":107,"column":101}},"18":{"start":{"line":111,"column":32},"end":{"line":115,"column":1}},"19":{"start":{"line":113,"column":45},"end":{"line":113,"column":103}},"20":{"start":{"line":117,"column":32},"end":{"line":120,"column":1}},"21":{"start":{"line":122,"column":33},"end":{"line":125,"column":1}},"22":{"start":{"line":127,"column":31},"end":{"line":131,"column":1}},"23":{"start":{"line":133,"column":21},"end":{"line":137,"column":1}},"24":{"start":{"line":139,"column":28},"end":{"line":142,"column":1}},"25":{"start":{"line":144,"column":27},"end":{"line":150,"column":1}},"26":{"start":{"line":148,"column":53},"end":{"line":148,"column":96}},"27":{"start":{"line":152,"column":26},"end":{"line":156,"column":1}},"28":{"start":{"line":158,"column":31},"end":{"line":161,"column":1}},"29":{"start":{"line":163,"column":27},"end":{"line":171,"column":1}},"30":{"start":{"line":173,"column":28},"end":{"line":181,"column":1}},"31":{"start":{"line":183,"column":26},"end":{"line":187,"column":1}},"32":{"start":{"line":190,"column":28},"end":{"line":195,"column":1}},"33":{"start":{"line":197,"column":28},"end":{"line":203,"column":1}},"34":{"start":{"line":205,"column":26},"end":{"line":211,"column":1}},"35":{"start":{"line":213,"column":25},"end":{"line":215,"column":1}},"36":{"start":{"line":217,"column":29},"end":{"line":220,"column":1}},"37":{"start":{"line":222,"column":27},"end":{"line":227,"column":1}},"38":{"start":{"line":229,"column":23},"end":{"line":237,"column":1}},"39":{"start":{"line":239,"column":26},"end":{"line":242,"column":1}},"40":{"start":{"line":244,"column":25},"end":{"line":248,"column":1}},"41":{"start":{"line":250,"column":28},"end":{"line":254,"column":1}},"42":{"start":{"line":256,"column":21},"end":{"line":265,"column":1}},"43":{"start":{"line":267,"column":30},"end":{"line":270,"column":1}},"44":{"start":{"line":272,"column":37},"end":{"line":276,"column":1}},"45":{"start":{"line":278,"column":33},"end":{"line":283,"column":1}},"46":{"start":{"line":285,"column":31},"end":{"line":287,"column":1}},"47":{"start":{"line":289,"column":27},"end":{"line":294,"column":1}},"48":{"start":{"line":296,"column":26},"end":{"line":302,"column":1}},"49":{"start":{"line":297,"column":56},"end":{"line":297,"column":108}},"50":{"start":{"line":304,"column":30},"end":{"line":308,"column":1}},"51":{"start":{"line":306,"column":45},"end":{"line":306,"column":101}},"52":{"start":{"line":307,"column":51},"end":{"line":307,"column":103}},"53":{"start":{"line":310,"column":19},"end":{"line":313,"column":1}},"54":{"start":{"line":315,"column":28},"end":{"line":319,"column":1}},"55":{"start":{"line":321,"column":27},"end":{"line":327,"column":1}},"56":{"start":{"line":329,"column":28},"end":{"line":333,"column":1}},"57":{"start":{"line":335,"column":26},"end":{"line":337,"column":1}},"58":{"start":{"line":339,"column":32},"end":{"line":344,"column":1}},"59":{"start":{"line":346,"column":30},"end":{"line":351,"column":1}}},"fnMap":{"0":{"name":"(anonymous_0)","decl":{"start":{"line":75,"column":13},"end":{"line":75,"column":14}},"loc":{"start":{"line":75,"column":47},"end":{"line":75,"column":70}},"line":75},"1":{"name":"(anonymous_1)","decl":{"start":{"line":107,"column":11},"end":{"line":107,"column":12}},"loc":{"start":{"line":107,"column":45},"end":{"line":107,"column":101}},"line":107},"2":{"name":"(anonymous_2)","decl":{"start":{"line":113,"column":11},"end":{"line":113,"column":12}},"loc":{"start":{"line":113,"column":45},"end":{"line":113,"column":103}},"line":113},"3":{"name":"(anonymous_3)","decl":{"start":{"line":148,"column":22},"end":{"line":148,"column":23}},"loc":{"start":{"line":148,"column":53},"end":{"line":148,"column":96}},"line":148},"4":{"name":"(anonymous_4)","decl":{"start":{"line":297,"column":22},"end":{"line":297,"column":23}},"loc":{"start":{"line":297,"column":56},"end":{"line":297,"column":108}},"line":297},"5":{"name":"(anonymous_5)","decl":{"start":{"line":306,"column":11},"end":{"line":306,"column":12}},"loc":{"start":{"line":306,"column":45},"end":{"line":306,"column":101}},"line":306},"6":{"name":"(anonymous_6)","decl":{"start":{"line":307,"column":17},"end":{"line":307,"column":18}},"loc":{"start":{"line":307,"column":51},"end":{"line":307,"column":103}},"line":307}},"branchMap":{"0":{"loc":{"start":{"line":75,"column":47},"end":{"line":75,"column":70}},"type":"cond-expr","locations":[{"start":{"line":75,"column":63},"end":{"line":75,"column":66}},{"start":{"line":75,"column":69},"end":{"line":75,"column":70}}],"line":75},"1":{"loc":{"start":{"line":107,"column":45},"end":{"line":107,"column":101}},"type":"cond-expr","locations":[{"start":{"line":107,"column":61},"end":{"line":107,"column":80}},{"start":{"line":107,"column":83},"end":{"line":107,"column":101}}],"line":107},"2":{"loc":{"start":{"line":113,"column":45},"end":{"line":113,"column":103}},"type":"cond-expr","locations":[{"start":{"line":113,"column":61},"end":{"line":113,"column":80}},{"start":{"line":113,"column":83},"end":{"line":113,"column":103}}],"line":113},"3":{"loc":{"start":{"line":148,"column":53},"end":{"line":148,"column":96}},"type":"cond-expr","locations":[{"start":{"line":148,"column":67},"end":{"line":148,"column":81}},{"start":{"line":148,"column":84},"end":{"line":148,"column":96}}],"line":148},"4":{"loc":{"start":{"line":297,"column":56},"end":{"line":297,"column":108}},"type":"cond-expr","locations":[{"start":{"line":297,"column":73},"end":{"line":297,"column":87}},{"start":{"line":297,"column":90},"end":{"line":297,"column":108}}],"line":297},"5":{"loc":{"start":{"line":306,"column":45},"end":{"line":306,"column":101}},"type":"cond-expr","locations":[{"start":{"line":306,"column":62},"end":{"line":306,"column":78}},{"start":{"line":306,"column":81},"end":{"line":306,"column":101}}],"line":306},"6":{"loc":{"start":{"line":307,"column":51},"end":{"line":307,"column":103}},"type":"cond-expr","locations":[{"start":{"line":307,"column":68},"end":{"line":307,"column":83}},{"start":{"line":307,"column":86},"end":{"line":307,"column":103}}],"line":307}},"s":{"0":0,"1":0,"2":0,"3":0,"4":0,"5":0,"6":0,"7":0,"8":0,"9":0,"10":0,"11":0,"12":0,"13":0,"14":0,"15":0,"16":0,"17":0,"18":0,"19":0,"20":0,"21":0,"22":0,"23":0,"24":0,"25":0,"26":0,"27":0,"28":0,"29":0,"30":0,"31":0,"32":0,"33":0,"34":0,"35":0,"36":0,"37":0,"38":0,"39":0,"40":0,"41":0,"42":0,"43":0,"44":0,"45":0,"46":0,"47":0,"48":0,"49":0,"50":0,"51":0,"52":0,"53":0,"54":0,"55":0,"56":0,"57":0,"58":0,"59":0},"f":{"0":0,"1":0,"2":0,"3":0,"4":0,"5":0,"6":0},"b":{"0":[0,0],"1":[0,0],"2":[0,0],"3":[0,0],"4":[0,0],"5":[0,0],"6":[0,0]}}
,"C:\\Users\\Devyd Silva\\Documents\\GitHub\\-Alunos_SENAI\\Alunos_SENAI\\app\\(tabs)\\products.tsx": {"path":"C:\\Users\\Devyd Silva\\Documents\\GitHub\\-Alunos_SENAI\\Alunos_SENAI\\app\\(tabs)\\products.tsx","statementMap":{"0":{"start":{"line":36,"column":34},"end":{"line":36,"column":57}},"1":{"start":{"line":37,"column":38},"end":{"line":37,"column":63}},"2":{"start":{"line":38,"column":42},"end":{"line":38,"column":68}},"3":{"start":{"line":39,"column":32},"end":{"line":39,"column":46}},"4":{"start":{"line":40,"column":42},"end":{"line":40,"column":57}},"5":{"start":{"line":41,"column":48},"end":{"line":41,"column":77}},"6":{"start":{"line":42,"column":40},"end":{"line":53,"column":4}},"7":{"start":{"line":55,"column":18},"end":{"line":55,"column":41}},"8":{"start":{"line":58,"column":25},"end":{"line":71,"column":3}},"9":{"start":{"line":59,"column":4},"end":{"line":70,"column":5}},"10":{"start":{"line":60,"column":6},"end":{"line":60,"column":23}},"11":{"start":{"line":61,"column":23},"end":{"line":61,"column":57}},"12":{"start":{"line":62,"column":6},"end":{"line":65,"column":7}},"13":{"start":{"line":63,"column":21},"end":{"line":63,"column":42}},"14":{"start":{"line":64,"column":8},"end":{"line":64,"column":26}},"15":{"start":{"line":67,"column":6},"end":{"line":67,"column":55}},"16":{"start":{"line":69,"column":6},"end":{"line":69,"column":24}},"17":{"start":{"line":74,"column":27},"end":{"line":84,"column":3}},"18":{"start":{"line":75,"column":4},"end":{"line":83,"column":5}},"19":{"start":{"line":76,"column":23},"end":{"line":76,"column":59}},"20":{"start":{"line":77,"column":6},"end":{"line":80,"column":7}},"21":{"start":{"line":78,"column":21},"end":{"line":78,"column":42}},"22":{"start":{"line":79,"column":8},"end":{"line":79,"column":56}},"23":{"start":{"line":79,"column":52},"end":{"line":79,"column":53}},"24":{"start":{"line":82,"column":6},"end":{"line":82,"column":57}},"25":{"start":{"line":87,"column":29},"end":{"line":97,"column":3}},"26":{"start":{"line":88,"column":4},"end":{"line":96,"column":5}},"27":{"start":{"line":89,"column":23},"end":{"line":89,"column":57}},"28":{"start":{"line":90,"column":6},"end":{"line":93,"column":7}},"29":{"start":{"line":91,"column":21},"end":{"line":91,"column":42}},"30":{"start":{"line":92,"column":8},"end":{"line":92,"column":30}},"31":{"start":{"line":95,"column":6},"end":{"line":95,"column":59}},"32":{"start":{"line":100,"column":20},"end":{"line":121,"column":3}},"33":{"start":{"line":101,"column":4},"end":{"line":120,"column":5}},"34":{"start":{"line":102,"column":25},"end":{"line":102,"column":74}},"35":{"start":{"line":103,"column":6},"end":{"line":106,"column":7}},"36":{"start":{"line":104,"column":8},"end":{"line":104,"column":89}},"37":{"start":{"line":105,"column":8},"end":{"line":105,"column":15}},"38":{"start":{"line":108,"column":21},"end":{"line":113,"column":8}},"39":{"start":{"line":115,"column":6},"end":{"line":117,"column":7}},"40":{"start":{"line":116,"column":8},"end":{"line":116,"column":71}},"41":{"start":{"line":119,"column":6},"end":{"line":119,"column":59}},"42":{"start":{"line":124,"column":27},"end":{"line":145,"column":3}},"43":{"start":{"line":125,"column":4},"end":{"line":144,"column":5}},"44":{"start":{"line":126,"column":25},"end":{"line":126,"column":80}},"45":{"start":{"line":127,"column":6},"end":{"line":130,"column":7}},"46":{"start":{"line":128,"column":8},"end":{"line":128,"column":90}},"47":{"start":{"line":129,"column":8},"end":{"line":129,"column":15}},"48":{"start":{"line":132,"column":21},"end":{"line":137,"column":8}},"49":{"start":{"line":139,"column":6},"end":{"line":141,"column":7}},"50":{"start":{"line":140,"column":8},"end":{"line":140,"column":71}},"51":{"start":{"line":143,"column":6},"end":{"line":143,"column":66}},"52":{"start":{"line":148,"column":29},"end":{"line":180,"column":3}},"53":{"start":{"line":149,"column":4},"end":{"line":152,"column":5}},"54":{"start":{"line":150,"column":6},"end":{"line":150,"column":55}},"55":{"start":{"line":151,"column":6},"end":{"line":151,"column":13}},"56":{"start":{"line":154,"column":4},"end":{"line":179,"column":5}},"57":{"start":{"line":155,"column":22},"end":{"line":155,"column":83}},"58":{"start":{"line":156,"column":6},"end":{"line":176,"column":7}},"59":{"start":{"line":157,"column":8},"end":{"line":173,"column":10}},"60":{"start":{"line":165,"column":16},"end":{"line":169,"column":19}},"61":{"start":{"line":175,"column":8},"end":{"line":175,"column":81}},"62":{"start":{"line":178,"column":6},"end":{"line":178,"column":61}},"63":{"start":{"line":183,"column":24},"end":{"line":234,"column":3}},"64":{"start":{"line":184,"column":4},"end":{"line":187,"column":5}},"65":{"start":{"line":185,"column":6},"end":{"line":185,"column":48}},"66":{"start":{"line":186,"column":6},"end":{"line":186,"column":13}},"67":{"start":{"line":189,"column":4},"end":{"line":233,"column":5}},"68":{"start":{"line":190,"column":25},"end":{"line":190,"column":49}},"69":{"start":{"line":191,"column":18},"end":{"line":193,"column":31}},"70":{"start":{"line":194,"column":21},"end":{"line":194,"column":48}},"71":{"start":{"line":196,"column":20},"end":{"line":203,"column":7}},"72":{"start":{"line":205,"column":23},"end":{"line":209,"column":8}},"73":{"start":{"line":211,"column":6},"end":{"line":230,"column":7}},"74":{"start":{"line":212,"column":8},"end":{"line":212,"column":87}},"75":{"start":{"line":213,"column":8},"end":{"line":224,"column":11}},"76":{"start":{"line":225,"column":8},"end":{"line":225,"column":33}},"77":{"start":{"line":226,"column":8},"end":{"line":226,"column":31}},"78":{"start":{"line":227,"column":8},"end":{"line":227,"column":25}},"79":{"start":{"line":229,"column":8},"end":{"line":229,"column":55}},"80":{"start":{"line":232,"column":6},"end":{"line":232,"column":52}},"81":{"start":{"line":237,"column":25},"end":{"line":271,"column":3}},"82":{"start":{"line":238,"column":4},"end":{"line":238,"column":49}},"83":{"start":{"line":239,"column":4},"end":{"line":239,"column":37}},"84":{"start":{"line":240,"column":4},"end":{"line":240,"column":58}},"85":{"start":{"line":242,"column":4},"end":{"line":270,"column":5}},"86":{"start":{"line":243,"column":6},"end":{"line":243,"column":62}},"87":{"start":{"line":244,"column":6},"end":{"line":244,"column":69}},"88":{"start":{"line":246,"column":29},"end":{"line":251,"column":8}},"89":{"start":{"line":253,"column":6},"end":{"line":253,"column":44}},"90":{"start":{"line":254,"column":6},"end":{"line":254,"column":52}},"91":{"start":{"line":255,"column":6},"end":{"line":255,"column":44}},"92":{"start":{"line":257,"column":27},"end":{"line":257,"column":54}},"93":{"start":{"line":258,"column":6},"end":{"line":258,"column":59}},"94":{"start":{"line":260,"column":6},"end":{"line":265,"column":7}},"95":{"start":{"line":261,"column":8},"end":{"line":261,"column":97}},"96":{"start":{"line":262,"column":8},"end":{"line":262,"column":25}},"97":{"start":{"line":264,"column":8},"end":{"line":264,"column":126}},"98":{"start":{"line":268,"column":6},"end":{"line":268,"column":55}},"99":{"start":{"line":269,"column":6},"end":{"line":269,"column":146}},"100":{"start":{"line":274,"column":24},"end":{"line":297,"column":3}},"101":{"start":{"line":275,"column":4},"end":{"line":296,"column":5}},"102":{"start":{"line":276,"column":23},"end":{"line":276,"column":67}},"103":{"start":{"line":277,"column":6},"end":{"line":293,"column":7}},"104":{"start":{"line":278,"column":24},"end":{"line":278,"column":45}},"105":{"start":{"line":279,"column":8},"end":{"line":290,"column":11}},"106":{"start":{"line":291,"column":8},"end":{"line":291,"column":35}},"107":{"start":{"line":292,"column":8},"end":{"line":292,"column":30}},"108":{"start":{"line":295,"column":6},"end":{"line":295,"column":52}},"109":{"start":{"line":299,"column":2},"end":{"line":303,"column":9}},"110":{"start":{"line":300,"column":4},"end":{"line":300,"column":21}},"111":{"start":{"line":301,"column":4},"end":{"line":301,"column":23}},"112":{"start":{"line":302,"column":4},"end":{"line":302,"column":25}},"113":{"start":{"line":305,"column":2},"end":{"line":309,"column":4}},"114":{"start":{"line":307,"column":6},"end":{"line":307,"column":23}},"115":{"start":{"line":311,"column":24},"end":{"line":362,"column":3}},"116":{"start":{"line":312,"column":4},"end":{"line":361,"column":13}},"117":{"start":{"line":351,"column":38},"end":{"line":351,"column":64}},"118":{"start":{"line":356,"column":39},"end":{"line":356,"column":77}},"119":{"start":{"line":364,"column":2},"end":{"line":561,"column":4}},"120":{"start":{"line":368,"column":41},"end":{"line":368,"column":62}},"121":{"start":{"line":387,"column":43},"end":{"line":387,"column":65}},"122":{"start":{"line":396,"column":30},"end":{"line":396,"column":52}},"123":{"start":{"line":427,"column":48},"end":{"line":427,"column":94}},"124":{"start":{"line":434,"column":48},"end":{"line":434,"column":99}},"125":{"start":{"line":447,"column":20},"end":{"line":447,"column":75}},"126":{"start":{"line":462,"column":20},"end":{"line":472,"column":35}},"127":{"start":{"line":466,"column":24},"end":{"line":466,"column":84}},"128":{"start":{"line":482,"column":20},"end":{"line":492,"column":35}},"129":{"start":{"line":486,"column":24},"end":{"line":486,"column":86}},"130":{"start":{"line":503,"column":20},"end":{"line":503,"column":73}},"131":{"start":{"line":513,"column":20},"end":{"line":513,"column":73}},"132":{"start":{"line":524,"column":18},"end":{"line":524,"column":74}},"133":{"start":{"line":534,"column":18},"end":{"line":534,"column":41}},"134":{"start":{"line":535,"column":18},"end":{"line":546,"column":21}},"135":{"start":{"line":547,"column":18},"end":{"line":547,"column":43}}},"fnMap":{"0":{"name":"ProductsScreen","decl":{"start":{"line":35,"column":24},"end":{"line":35,"column":38}},"loc":{"start":{"line":35,"column":41},"end":{"line":562,"column":1}},"line":35},"1":{"name":"(anonymous_1)","decl":{"start":{"line":58,"column":25},"end":{"line":58,"column":26}},"loc":{"start":{"line":58,"column":37},"end":{"line":71,"column":3}},"line":58},"2":{"name":"(anonymous_2)","decl":{"start":{"line":74,"column":27},"end":{"line":74,"column":28}},"loc":{"start":{"line":74,"column":39},"end":{"line":84,"column":3}},"line":74},"3":{"name":"(anonymous_3)","decl":{"start":{"line":79,"column":34},"end":{"line":79,"column":35}},"loc":{"start":{"line":79,"column":52},"end":{"line":79,"column":53}},"line":79},"4":{"name":"(anonymous_4)","decl":{"start":{"line":87,"column":29},"end":{"line":87,"column":30}},"loc":{"start":{"line":87,"column":41},"end":{"line":97,"column":3}},"line":87},"5":{"name":"(anonymous_5)","decl":{"start":{"line":100,"column":20},"end":{"line":100,"column":21}},"loc":{"start":{"line":100,"column":32},"end":{"line":121,"column":3}},"line":100},"6":{"name":"(anonymous_6)","decl":{"start":{"line":124,"column":27},"end":{"line":124,"column":28}},"loc":{"start":{"line":124,"column":39},"end":{"line":145,"column":3}},"line":124},"7":{"name":"(anonymous_7)","decl":{"start":{"line":148,"column":29},"end":{"line":148,"column":30}},"loc":{"start":{"line":148,"column":41},"end":{"line":180,"column":3}},"line":148},"8":{"name":"(anonymous_8)","decl":{"start":{"line":164,"column":23},"end":{"line":164,"column":24}},"loc":{"start":{"line":164,"column":29},"end":{"line":170,"column":15}},"line":164},"9":{"name":"(anonymous_9)","decl":{"start":{"line":183,"column":24},"end":{"line":183,"column":25}},"loc":{"start":{"line":183,"column":36},"end":{"line":234,"column":3}},"line":183},"10":{"name":"(anonymous_10)","decl":{"start":{"line":237,"column":25},"end":{"line":237,"column":26}},"loc":{"start":{"line":237,"column":65},"end":{"line":271,"column":3}},"line":237},"11":{"name":"(anonymous_11)","decl":{"start":{"line":274,"column":24},"end":{"line":274,"column":25}},"loc":{"start":{"line":274,"column":50},"end":{"line":297,"column":3}},"line":274},"12":{"name":"(anonymous_12)","decl":{"start":{"line":299,"column":12},"end":{"line":299,"column":13}},"loc":{"start":{"line":299,"column":18},"end":{"line":303,"column":3}},"line":299},"13":{"name":"(anonymous_13)","decl":{"start":{"line":306,"column":22},"end":{"line":306,"column":23}},"loc":{"start":{"line":306,"column":28},"end":{"line":308,"column":5}},"line":306},"14":{"name":"(anonymous_14)","decl":{"start":{"line":311,"column":24},"end":{"line":311,"column":25}},"loc":{"start":{"line":312,"column":4},"end":{"line":361,"column":13}},"line":312},"15":{"name":"(anonymous_15)","decl":{"start":{"line":351,"column":32},"end":{"line":351,"column":33}},"loc":{"start":{"line":351,"column":38},"end":{"line":351,"column":64}},"line":351},"16":{"name":"(anonymous_16)","decl":{"start":{"line":356,"column":33},"end":{"line":356,"column":34}},"loc":{"start":{"line":356,"column":39},"end":{"line":356,"column":77}},"line":356},"17":{"name":"(anonymous_17)","decl":{"start":{"line":368,"column":35},"end":{"line":368,"column":36}},"loc":{"start":{"line":368,"column":41},"end":{"line":368,"column":62}},"line":368},"18":{"name":"(anonymous_18)","decl":{"start":{"line":387,"column":24},"end":{"line
[...]
e":99,"column":4},"end":{"line":99,"column":22}},"41":{"start":{"line":100,"column":4},"end":{"line":100,"column":26}},"42":{"start":{"line":104,"column":32},"end":{"line":122,"column":3}},"43":{"start":{"line":105,"column":16},"end":{"line":105,"column":36}},"44":{"start":{"line":106,"column":4},"end":{"line":109,"column":5}},"45":{"start":{"line":107,"column":6},"end":{"line":107,"column":58}},"46":{"start":{"line":108,"column":6},"end":{"line":108,"column":13}},"47":{"start":{"line":112,"column":4},"end":{"line":115,"column":5}},"48":{"start":{"line":113,"column":6},"end":{"line":113,"column":84}},"49":{"start":{"line":114,"column":6},"end":{"line":114,"column":13}},"50":{"start":{"line":117,"column":4},"end":{"line":121,"column":5}},"51":{"start":{"line":118,"column":6},"end":{"line":118,"column":68}},"52":{"start":{"line":119,"column":6},"end":{"line":119,"column":29}},"53":{"start":{"line":120,"column":6},"end":{"line":120,"column":24}},"54":{"start":{"line":124,"column":2},"end":{"line":126,"column":9}},"55":{"start":{"line":125,"column":4},"end":{"line":125,"column":20}},"56":{"start":{"line":128,"column":2},"end":{"line":132,"column":4}},"57":{"start":{"line":130,"column":6},"end":{"line":130,"column":22}},"58":{"start":{"line":134,"column":24},"end":{"line":189,"column":3}},"59":{"start":{"line":135,"column":25},"end":{"line":135,"column":77}},"60":{"start":{"line":137,"column":4},"end":{"line":188,"column":6}},"61":{"start":{"line":174,"column":41},"end":{"line":174,"column":64}},"62":{"start":{"line":180,"column":27},"end":{"line":180,"column":48}},"63":{"start":{"line":192,"column":23},"end":{"line":194,"column":3}},"64":{"start":{"line":193,"column":11},"end":{"line":193,"column":57}},"65":{"start":{"line":196,"column":2},"end":{"line":298,"column":4}},"66":{"start":{"line":200,"column":38},"end":{"line":200,"column":66}},"67":{"start":{"line":228,"column":41},"end":{"line":228,"column":65}},"68":{"start":{"line":248,"column":43},"end":{"line":248,"column":69}},"69":{"start":{"line":257,"column":30},"end":{"line":257,"column":52}},"70":{"start":{"line":283,"column":18},"end":{"line":283,"column":41}},"71":{"start":{"line":284,"column":18},"end":{"line":284,"column":36}}},"fnMap":{"0":{"name":"StockScreen","decl":{"start":{"line":22,"column":24},"end":{"line":22,"column":35}},"loc":{"start":{"line":22,"column":38},"end":{"line":299,"column":1}},"line":22},"1":{"name":"(anonymous_1)","decl":{"start":{"line":36,"column":24},"end":{"line":36,"column":25}},"loc":{"start":{"line":36,"column":36},"end":{"line":49,"column":3}},"line":36},"2":{"name":"(anonymous_2)","decl":{"start":{"line":52,"column":32},"end":{"line":52,"column":33}},"loc":{"start":{"line":56,"column":7},"end":{"line":79,"column":3}},"line":56},"3":{"name":"(anonymous_3)","decl":{"start":{"line":82,"column":28},"end":{"line":82,"column":29}},"loc":{"start":{"line":82,"column":47},"end":{"line":88,"column":3}},"line":82},"4":{"name":"(anonymous_4)","decl":{"start":{"line":91,"column":26},"end":{"line":91,"column":27}},"loc":{"start":{"line":91,"column":45},"end":{"line":101,"column":3}},"line":91},"5":{"name":"(anonymous_5)","decl":{"start":{"line":104,"column":32},"end":{"line":104,"column":33}},"loc":{"start":{"line":104,"column":38},"end":{"line":122,"column":3}},"line":104},"6":{"name":"(anonymous_6)","decl":{"start":{"line":124,"column":12},"end":{"line":124,"column":13}},"loc":{"start":{"line":124,"column":18},"end":{"line":126,"column":3}},"line":124},"7":{"name":"(anonymous_7)","decl":{"start":{"line":129,"column":22},"end":{"line":129,"column":23}},"loc":{"start":{"line":129,"column":28},"end":{"line":131,"column":5}},"line":129},"8":{"name":"(anonymous_8)","decl":{"start":{"line":134,"column":24},"end":{"line":134,"column":25}},"loc":{"start":{"line":134,"column":57},"end":{"line":189,"column":3}},"line":134},"9":{"name":"(anonymous_9)","decl":{"start":{"line":174,"column":35},"end":{"line":174,"column":36}},"loc":{"start":{"line":174,"column":41},"end":{"line":174,"column":64}},"line":174},"10":{"name":"(anonymous_10)","decl":{"start":{"line":180,"column":21},"end":{"line":180,"column":22}},"loc":{"start":{"line":180,"column":27},"end":{"line":180,"column":48}},"line":180},"11":{"name":"(anonymous_11)","decl":{"start":{"line":193,"column":4},"end":{"line":193,"column":5}},"loc":{"start":{"line":193,"column":11},"end":{"line":193,"column":57}},"line":193},"12":{"name":"(anonymous_12)","decl":{"start":{"line":200,"column":32},"end":{"line":200,"column":33}},"loc":{"start":{"line":200,"column":38},"end":{"line":200,"column":66}},"line":200},"13":{"name":"(anonymous_13)","decl":{"start":{"line":228,"column":29},"end":{"line":228,"column":30}},"loc":{"start":{"line":228,"column":41},"end":{"line":228,"column":65}},"line":228},"14":{"name":"(anonymous_14)","decl":{"start":{"line":248,"column":24},"end":{"line":248,"column":25}},"loc":{"start":{"line":248,"column":43},"end":{"line":248,"column":69}},"line":248},"15":{"name":"(anonymous_15)","decl":{"start":{"line":257,"column":24},"end":{"line":257,"column":25}},"loc":{"start":{"line":257,"column":30},"end":{"line":257,"column":52}},"line":257},"16":{"name":"(anonymous_16)","decl":{"start":{"line":282,"column":25},"end":{"line":282,"column":26}},"loc":{"start":{"line":282,"column":31},"end":{"line":285,"column":17}},"line":282}},"branchMap":{"0":{"loc":{"start":{"line":40,"column":6},"end":{"line":43,"column":7}},"type":"if","locations":[{"start":{"line":40,"column":6},"end":{"line":43,"column":7}},{"start":{},"end":{}}],"line":40},"1":{"loc":{"start":{"line":66,"column":22},"end":{"line":66,"column":76}},"type":"cond-expr","locations":[{"start":{"line":66,"column":43},"end":{"line":66,"column":59}},{"start":{"line":66,"column":62},"end":{"line":66,"column":76}}],"line":66},"2":{"loc":{"start":{"line":70,"column":6},"end":{"line":75,"column":7}},"type":"if","locations":[{"start":{"line":70,"column":6},"end":{"line":75,"column":7}},{"start":{"line":73,"column":13},"end":{"line":75,"column":7}}],"line":70},"3":{"loc":{"start":{"line":71,"column":34},"end":{"line":71,"column":74}},"type":"cond-expr","locations":[{"start":{"line":71,"column":55},"end":{"line":71,"column":64}},{"start":{"line":71,"column":67},"end":{"line":71,"column":74}}],"line":71},"4":{"loc":{"start":{"line":92,"column":4},"end":{"line":95,"column":5}},"type":"if","locations":[{"start":{"line":92,"column":4},"end":{"line":95,"column":5}},{"start":{},"end":{}}],"line":92},"5":{"loc":{"start":{"line":106,"column":4},"end":{"line":109,"column":5}},"type":"if","locations":[{"start":{"line":106,"column":4},"end":{"line":109,"column":5}},{"start":{},"end":{}}],"line":106},"6":{"loc":{"start":{"line":106,"column":8},"end":{"line":106,"column":24}},"type":"binary-expr","locations":[{"start":{"line":106,"column":8},"end":{"line":106,"column":12}},{"start":{"line":106,"column":16},"end":{"line":106,"column":24}}],"line":106},"7":{"loc":{"start":{"line":112,"column":4},"end":{"line":115,"column":5}},"type":"if","locations":[{"start":{"line":112,"column":4},"end":{"line":115,"column":5}},{"start":{},"end":{}}],"line":112},"8":{"loc":{"start":{"line":112,"column":8},"end":{"line":112,"column":58}},"type":"binary-expr","locations":[{"start":{"line":112,"column":8},"end":{"line":112,"column":36}},{"start":{"line":112,"column":40},"end":{"line":112,"column":58}}],"line":112},"9":{"loc":{"start":{"line":117,"column":4},"end":{"line":121,"column":5}},"type":"if","locations":[{"start":{"line":117,"column":4},"end":{"line":121,"column":5}},{"start":{},"end":{}}],"line":117},"10":{"loc":{"start":{"line":140,"column":11},"end":{"line":146,"column":11}},"type":"cond-expr","locations":[{"start":{"line":141,"column":12},"end":{"line":141,"column":65}},{"start":{"line":143,"column":12},"end":{"line":145,"column":31}}],"line":140},"11":{"loc":{"start":{"line":150,"column":13},"end":{"line":152,"column":13}},"type":"binary-expr","locations":[{"start":{"line":150,"column":13},"end":{"line":150,"column":29}},{"start":{"line":151,"column":14},"end":{"line":151,"column":66}}],"line":150},"12":{"loc":{"start":{"line":159,"column":13},"end":{"line":163,"column":13}},"type":"binary-expr","locations":[{"start":{"line":159,"column":13},"end":{"line":159,"column":33}},{"start":{"line":160,"column":14},"end":{"line":162,"column":27}}],"line":159},"13":{"loc":{"start":{"line":166,"column":11},"end":{"line":170,"column":11}},"type":"binary-expr","locations":[{"start":{"line":166,"column":11},"end":{"line":166,"column":23}},{"start":{"line":167,"column":12},"end":{"line":169,"column":28}}],"line":166},"14":{"loc":{"start":{"line":202,"column":18},"end":{"line":202,"column":59}},"type":"cond-expr","locations":[{"start":{"line":202,"column":32},"end":{"line":202,"column":40}},{"start":{"line":202,"column":43},"end":{"line":202,"column":59}}],"line":202},"15":{"loc":{"start":{"line":234,"column":7},"end":{"line":250,"column":7}},"type":"cond-expr","locations":[{"start":{"line":235,"column":8},"end":{"line":237,"column":29}},{"start":{"line":238,"column":10},"end":{"line":250,"column":7}}],"line":234},"16":{"loc":{"start":{"line":238,"column":10},"end":{"line":250,"column":7}},"type":"cond-expr","locations":[{"start":{"line":239,"column":8},"end":{"line":243,"column":27}},{"start":{"line":245,"column":8},"end":{"line":249,"column":10}}],"line":238},"17":{"loc":{"start":{"line":246,"column":16},"end":{"line":246,"column":53}},"type":"cond-expr","locations":[{"start":{"line":246,"column":30},"end":{"line":246,"column":42}},{"start":{"line":246,"column":45},"end":{"line":246,"column":53}}],"line":246},"18":{"loc":{"start":{"line":262,"column":15},"end":{"line":262,"column":95}},"type":"cond-expr","locations":[{"start":{"line":262,"column":48},"end":{"line":262,"column":71}},{"start":{"line":262,"column":74},"end":{"line":262,"column":95}}],"line":262},"19":{"loc":{"start":{"line":265,"column":13},"end":{"line":270,"column":13}},"type":"binary-expr","locations":[{"start":{"line":265,"column":13},"end":{"line":265,"column":41}},{"start":{"line":266,"column":14},"end":{"line":269,"column":35}}],"line":265}},"s":{"0":0,"1":0,"2":0,"3":0,"4":0,"5":0,"6":0,"7":0,"8":0,"9":0,"10":0,"11":0,"12":0,"13":0,"14":0,"15":0,"16":0,"17":0,"18":0,"19":0,"20":0,"21":0,"22":0,"23":0,"24":0,"25":0,"26":0,"27":0,"28":0,"29":0,"30":0,"31":0,"32":0,"33":0,"34":0,"35":0,"36":0,"37":0,"38":0,"39":0,"40":0,"41":0,"42":0,"43":0,"44":0,"45":0,"46":0,"47":0,"48":0,"49":0,"50":0,"51":0,"52":0,"53":0,"54":0,"55":0,"56":0,"57":0,"58":0,"59":0,"60":0,"61":0,"62":0,"63":0,"64":0,"65":0,"66":0,"67":0,"68":0,"69":0,"70":0,"71":0},"f":{"0":0,"1":0,"2":0,"3":0,"4":0,"5":0,"6":0,"7":0,"8":0,"9":0,"10":0,"11":0,"12":0,"13":0,"14":0,"15":0,"16":0},"b":{"0":[0,0],"1":[0,0],"2":[0,0],"3":[0,0],"4":[0,0],"5":[0,0],"6":[0,0],"7":[0,0],"8":[0,0],"9":[0,0],"10":[0,0],"11":[0,0],"12":[0,0],"13":[0,0],"14":[0,0],"15":[0,0],"16":[0,0],"17":[0,0],"18":[0,0],"19":[0,0]}}
,"C:\\Users\\Devyd Silva\\Documents\\GitHub\\-Alunos_SENAI\\Alunos_SENAI\\app\\services\\codigoBarras.ts": {"path":"C:\\Users\\Devyd Silva\\Documents\\GitHub\\-Alunos_SENAI\\Alunos_SENAI\\app\\services\\codigoBarras.ts","statementMap":{"0":{"start":{"line":43,"column":2},"end":{"line":73,"column":3}},"1":{"start":{"line":44,"column":24},"end":{"line":44,"column":49}},"2":{"start":{"line":47,"column":21},"end":{"line":49,"column":5}},"3":{"start":{"line":51,"column":4},"end":{"line":53,"column":5}},"4":{"start":{"line":52,"column":6},"end":{"line":52,"column":18}},"5":{"start":{"line":55,"column":17},"end":{"line":55,"column":38}},"6":{"start":{"line":58,"column":4},"end":{"line":60,"column":5}},"7":{"start":{"line":59,"column":6},"end":{"line":59,"column":18}},"8":{"start":{"line":62,"column":4},"end":{"line":69,"column":6}},"9":{"start":{"line":71,"column":4},"end":{"line":71,"column":61}},"10":{"start":{"line":72,"column":4},"end":{"line":72,"column":16}},"11":{"start":{"line":90,"column":22},"end":{"line":90,"column":47}},"12":{"start":{"line":93,"column":24},"end":{"line":93,"column":64}},"13":{"start":{"line":95,"column":2},"end":{"line":97,"column":3}},"14":{"start":{"line":96,"column":4},"end":{"line":96,"column":17}},"15":{"start":{"line":100,"column":2},"end":{"line":113,"column":3}},"16":{"start":{"line":101,"column":20},"end":{"line":101,"column":53}},"17":{"start":{"line":102,"column":30},"end":{"line":102,"column":44}},"18":{"start":{"line":104,"column":15},"end":{"line":104,"column":16}},"19":{"start":{"line":105,"column":4},"end":{"line":107,"column":7}},"20":{"start":{"line":106,"column":6},"end":{"line":106,"column":49}},"21":{"start":{"line":109,"column":18},"end":{"line":109,"column":27}},"22":{"start":{"line":110,"column":28},"end":{"line":110,"column":56}},"23":{"start":{"line":112,"column":4},"end":{"line":112,"column":49}},"24":{"start":{"line":115,"column":2},"end":{"line":115,"column":14}},"25":{"start":{"line":129,"column":22},"end":{"line":129,"column":47}},"26":{"start":{"line":132,"column":2},"end":{"line":134,"column":3}},"27":{"start":{"line":133,"column":4},"end":{"line":133,"column":78}},"28":{"start":{"line":136,"column":2},"end":{"line":136,"column":21}}},"fnMap":{"0":{"name":"buscarProdutoPorCodigoBarras","decl":{"start":{"line":42,"column":22},"end":{"line":42,"column":50}},"loc":{"start":{"line":42,"column":104},"end":{"line":74,"column":1}},"line":42},"1":{"name":"validarCodigoBarras","decl":{"start":{"line":89,"column":16},"end":{"line":89,"column":35}},"loc":{"start":{"line":89,"column":61},"end":{"line":116,"column":1}},"line":89},"2":{"name":"(anonymous_2)","decl":{"start":{"line":105,"column":20},"end":{"line":105,"column":21}},"loc":{"start":{"line":105,"column":39},"end":{"line":107,"column":5}},"line":105},"3":{"name":"formatarCodigoBarras","decl":{"start":{"line":128,"column":16},"end":{"line":128,"column":36}},"loc":{"start":{"line":128,"column":61},"end":{"line":137,"column":1}},"line":128}},"branchMap":{"0":{"loc":{"start":{"line":51,"column":4},"end":{"line":53,"column":5}},"type":"if","locations":[{"start":{"line":51,"column":4},"end":{"line":53,"column":5}},{"start":{},"end":{}}],"line":51},"1":{"loc":{"start":{"line":58,"column":4},"end":{"line":60,"column":5}},"type":"if","locations":[{"start":{"line":58,"column":4},"end":{"line":60,"column":5}},{"start":{},"end":{}}],"line":58},"2":{"loc":{"start":{"line":64,"column":20},"end":{"line":64,"column":52}},"type":"binary-expr","locations":[{"start":{"line":64,"column":20},"end":{"line":64,"column":46}},{"start":{"line":64,"column":50},"end":{"line":64,"column":52}}],"line":64},"3":{"loc":{"start":{"line":65,"column":14},"end":{"line":65,"column":40}},"type":"binary-expr","locations":[{"start":{"line":65,"column":14},"end":{"line":65,"column":34}},{"start":{"line":65,"column":38},"end":{"line":65,"column":40}}],"line":65},"4":{"loc":{"start":{"line":66,"column":18},"end":{"line":66,"column":48}},"type":"binary-expr","locations":[{"start":{"line":66,"column":18},"end":{"line":66,"column":42}},{"start":{"line":66,"column":46},"end":{"line":66,"column":48}}],"line":66},"5":{"loc":{"start":{"line":67,"column":17},"end":{"line":67,"column":46}},"type":"binary-expr","locations":[{"start":{"line":67,"column":17},"end":{"line":67,"column":40}},{"start":{"line":67,"column":44},"end":{"line":67,"column":46}}],"line":67},"6":{"loc":{"start":{"line":68,"column":16},"end":{"line":68,"column":44}},"type":"binary-expr","locations":[{"start":{"line":68,"column":16},"end":{"line":68,"column":38}},{"start":{"line":68,"column":42},"end":{"line":68,"column":44}}],"line":68},"7":{"loc":{"start":{"line":95,"column":2},"end":{"line":97,"column":3}},"type":"if","locations":[{"start":{"line":95,"column":2},"end":{"line":97,"column":3}},{"start":{},"end":{}}],"line":95},"8":{"loc":{"start":{"line":100,"column":2},"end":{"line":113,"column":3}},"type":"if","locations":[{"start":{"line":100,"column":2},"end":{"line":113,"column":3}},{"start":{},"end":{}}],"line":100},"9":{"loc":{"start":{"line":106,"column":24},"end":{"line":106,"column":47}},"type":"cond-expr","locations":[{"start":{"line":106,"column":42},"end":{"line":106,"column":43}},{"start":{"line":106,"column":46},"end":{"line":106,"column":47}}],"line":106},"10":{"loc":{"start":{"line":110,"column":28},"end":{"line":110,"column":56}},"type":"cond-expr","locations":[{"start":{"line":110,"column":42},"end":{"line":110,"column":43}},{"start":{"line":110,"column":46},"end":{"line":110,"column":56}}],"line":110},"11":{"loc":{"start":{"line":132,"column":2},"end":{"line":134,"column":3}},"type":"if","locations":[{"start":{"line":132,"column":2},"end":{"line":134,"column":3}},{"start":{},"end":{}}],"line":132}},"s":{"0":6,"1":6,"2":6,"3":5,"4":1,"5":4,"6":4,"7":1,"8":3,"9":1,"10":1,"11":11,"12":11,"13":11,"14":4,"15":7,"16":5,"17":5,"18":5,"19":5,"20":60,"21":5,"22":5,"23":5,"24":2,"25":6,"26":6,"27":3,"28":3},"f":{"0":6,"1":11,"2":60,"3":6},"b":{"0":[1,4],"1":[1,3],"2":[3,1],"3":[3,1],"4":[3,1],"5":[3,1],"6":[3,1],"7":[4,7],"8":[5,2],"9":[30,30],"10":[0,5],"11":[3,3]},"_coverageSchema":"1a1c01bbd47fc00a2c39e90264f33305004495a9","hash":"db68c7614e8cabb6d3f618a2b02adb76a10d866b"}
,"C:\\Users\\Devyd Silva\\Documents\\GitHub\\-Alunos_SENAI\\Alunos_SENAI\\app\\services\\viaCep.ts": {"path":"C:\\Users\\Devyd Silva\\Documents\\GitHub\\-Alunos_SENAI\\Alunos_SENAI\\app\\services\\viaCep.ts","statementMap":{"0":{"start":{"line":56,"column":2},"end":{"line":83,"column":3}},"1":{"start":{"line":58,"column":21},"end":{"line":58,"column":43}},"2":{"start":{"line":61,"column":4},"end":{"line":63,"column":5}},"3":{"start":{"line":62,"column":6},"end":{"line":62,"column":38}},"4":{"start":{"line":66,"column":21},"end":{"line":66,"column":78}},"5":{"start":{"line":68,"column":4},"end":{"line":70,"column":5}},"6":{"start":{"line":69,"column":6},"end":{"line":69,"column":44}},"7":{"start":{"line":72,"column":33},"end":{"line":72,"column":54}},"8":{"start":{"line":75,"column":4},"end":{"line":77,"column":5}},"9":{"start":{"line":76,"column":6},"end":{"line":76,"column":18}},"10":{"start":{"line":79,"column":4},"end":{"line":79,"column":16}},"11":{"start":{"line":81,"column":4},"end":{"line":81,"column":48}},"12":{"start":{"line":82,"column":4},"end":{"line":82,"column":16}},"13":{"start":{"line":96,"column":19},"end":{"line":96,"column":41}},"14":{"start":{"line":97,"column":2},"end":{"line":97,"column":53}},"15":{"start":{"line":112,"column":19},"end":{"line":112,"column":41}},"16":{"start":{"line":113,"column":2},"end":{"line":113,"column":31}}},"fnMap":{"0":{"name":"buscarCep","decl":{"start":{"line":55,"column":22},"end":{"line":55,"column":31}},"loc":{"start":{"line":55,"column":77},"end":{"line":84,"column":1}},"line":55},"1":{"name":"formatarCep","decl":{"start":{"line":95,"column":16},"end":{"line":95,"column":27}},"loc":{"start":{"line":95,"column":49},"end":{"line":98,"column":1}},"line":95},"2":{"name":"validarCep","decl":{"start":{"line":111,"column":16},"end":{"line":111,"column":26}},"loc":{"start":{"line":111,"column":49},"end":{"line":114,"column":1}},"line":111}},"branchMap":{"0":{"loc":{"start":{"line":61,"column":4},"end":{"line":63,"column":5}},"type":"if","locations":[{"start":{"line":61,"column":4},"end":{"line":63,"column":5}},{"start":{},"end":{}}],"line":61},"1":{"loc":{"start":{"line":68,"column":4},"end":{"line":70,"column":5}},"type":"if","locations":[{"start":{"line":68,"column":4},"end":{"line":70,"column":5}},{"start":{},"end":{}}],"line":68},"2":{"loc":{"start":{"line":75,"column":4},"end":{"line":77,"column":5}},"type":"if","locations":[{"start":{"line":75,"column":4},"end":{"line":77,"column":5}},{"start":{},"end":{}}],"line":75}},"s":{"0":8,"1":8,"2":8,"3":2,"4":6,"5":5,"6":1,"7":4,"8":4,"9":1,"10":3,"11":4,"12":4,"13":5,"14":5,"15":7,"16":7},"f":{"0":8,"1":5,"2":7},"b":{"0":[2,6],"1":[1,4],"2":[1,3]},"_coverageSchema":"1a1c01bbd47fc00a2c39e90264f33305004495a9","hash":"02efb799ffb0553427869649171bf6c1a44c8393"}
}
