{"C:\\Users\\Devyd Silva\\Documents\\GitHub\\-Alunos_SENAI\\Alunos_SENAI\\app\\(tabs)\\about.tsx": {"path":"C:\\Users\\Devyd Silva\\Documents\\GitHub\\-Alunos_SENAI\\Alunos_SENAI\\app\\(tabs)\\about.tsx","statementMap":{"0":{"start":{"line":17,"column":34},"end":{"line":17,"column":57}},"1":{"start":{"line":18,"column":52},"end":{"line":18,"column":75}},"2":{"start":{"line":19,"column":32},"end":{"line":19,"column":46}},"3":{"start":{"line":20,"column":42},"end":{"line":20,"column":57}},"4":{"start":{"line":21,"column":34},"end":{"line":21,"column":46}},"5":{"start":{"line":22,"column":48},"end":{"line":22,"column":77}},"6":{"start":{"line":23,"column":40},"end":{"line":29,"column":4}},"7":{"start":{"line":32,"column":18},"end":{"line":32,"column":41}},"8":{"start":{"line":35,"column":25},"end":{"line":52,"column":3}},"9":{"start":{"line":36,"column":4},"end":{"line":51,"column":5}},"10":{"start":{"line":37,"column":6},"end":{"line":37,"column":23}},"11":{"start":{"line":38,"column":23},"end":{"line":38,"column":57}},"12":{"start":{"line":39,"column":6},"end":{"line":45,"column":7}},"13":{"start":{"line":40,"column":21},"end":{"line":40,"column":42}},"14":{"start":{"line":41,"column":8},"end":{"line":41,"column":26}},"15":{"start":{"line":42,"column":8},"end":{"line":42,"column":35}},"16":{"start":{"line":44,"column":8},"end":{"line":44,"column":69}},"17":{"start":{"line":47,"column":6},"end":{"line":47,"column":61}},"18":{"start":{"line":48,"column":6},"end":{"line":48,"column":55}},"19":{"start":{"line":50,"column":6},"end":{"line":50,"column":24}},"20":{"start":{"line":55,"column":26},"end":{"line":67,"column":3}},"21":{"start":{"line":56,"column":4},"end":{"line":56,"column":23}},"22":{"start":{"line":57,"column":4},"end":{"line":66,"column":5}},"23":{"start":{"line":58,"column":6},"end":{"line":58,"column":37}},"24":{"start":{"line":60,"column":24},"end":{"line":64,"column":7}},"25":{"start":{"line":61,"column":8},"end":{"line":63,"column":40}},"26":{"start":{"line":65,"column":6},"end":{"line":65,"column":38}},"27":{"start":{"line":70,"column":27},"end":{"line":114,"column":3}},"28":{"start":{"line":71,"column":4},"end":{"line":74,"column":5}},"29":{"start":{"line":72,"column":6},"end":{"line":72,"column":59}},"30":{"start":{"line":73,"column":6},"end":{"line":73,"column":13}},"31":{"start":{"line":76,"column":4},"end":{"line":113,"column":5}},"32":{"start":{"line":77,"column":25},"end":{"line":77,"column":49}},"33":{"start":{"line":78,"column":18},"end":{"line":78,"column":95}},"34":{"start":{"line":79,"column":21},"end":{"line":79,"column":48}},"35":{"start":{"line":81,"column":6},"end":{"line":81,"column":82}},"36":{"start":{"line":82,"column":6},"end":{"line":82,"column":50}},"37":{"start":{"line":84,"column":23},"end":{"line":90,"column":8}},"38":{"start":{"line":92,"column":6},"end":{"line":109,"column":7}},"39":{"start":{"line":93,"column":31},"end":{"line":93,"column":116}},"40":{"start":{"line":94,"column":8},"end":{"line":94,"column":47}},"41":{"start":{"line":95,"column":8},"end":{"line":95,"column":85}},"42":{"start":{"line":96,"column":8},"end":{"line":96,"column":33}},"43":{"start":{"line":97,"column":8},"end":{"line":97,"column":31}},"44":{"start":{"line":98,"column":8},"end":{"line":98,"column":25}},"45":{"start":{"line":100,"column":22},"end":{"line":100,"column":43}},"46":{"start":{"line":101,"column":8},"end":{"line":101,"column":45}},"47":{"start":{"line":104,"column":8},"end":{"line":108,"column":9}},"48":{"start":{"line":105,"column":10},"end":{"line":105,"column":90}},"49":{"start":{"line":107,"column":10},"end":{"line":107,"column":114}},"50":{"start":{"line":111,"column":6},"end":{"line":111,"column":89}},"51":{"start":{"line":112,"column":6},"end":{"line":112,"column":57}},"52":{"start":{"line":117,"column":32},"end":{"line":143,"column":3}},"53":{"start":{"line":118,"column":4},"end":{"line":142,"column":5}},"54":{"start":{"line":119,"column":6},"end":{"line":119,"column":89}},"55":{"start":{"line":121,"column":23},"end":{"line":127,"column":8}},"56":{"start":{"line":129,"column":6},"end":{"line":129,"column":55}},"57":{"start":{"line":131,"column":6},"end":{"line":138,"column":7}},"58":{"start":{"line":132,"column":8},"end":{"line":132,"column":95}},"59":{"start":{"line":133,"column":8},"end":{"line":133,"column":25}},"60":{"start":{"line":135,"column":26},"end":{"line":135,"column":47}},"61":{"start":{"line":136,"column":8},"end":{"line":136,"column":49}},"62":{"start":{"line":137,"column":8},"end":{"line":137,"column":108}},"63":{"start":{"line":140,"column":6},"end":{"line":140,"column":54}},"64":{"start":{"line":141,"column":6},"end":{"line":141,"column":110}},"65":{"start":{"line":146,"column":25},"end":{"line":180,"column":3}},"66":{"start":{"line":147,"column":4},"end":{"line":147,"column":49}},"67":{"start":{"line":148,"column":4},"end":{"line":148,"column":37}},"68":{"start":{"line":149,"column":4},"end":{"line":149,"column":61}},"69":{"start":{"line":151,"column":4},"end":{"line":179,"column":5}},"70":{"start":{"line":152,"column":6},"end":{"line":152,"column":62}},"71":{"start":{"line":153,"column":6},"end":{"line":153,"column":69}},"72":{"start":{"line":155,"column":29},"end":{"line":160,"column":8}},"73":{"start":{"line":162,"column":6},"end":{"line":162,"column":44}},"74":{"start":{"line":163,"column":6},"end":{"line":163,"column":52}},"75":{"start":{"line":164,"column":6},"end":{"line":164,"column":44}},"76":{"start":{"line":166,"column":27},"end":{"line":166,"column":54}},"77":{"start":{"line":167,"column":6},"end":{"line":167,"column":59}},"78":{"start":{"line":169,"column":6},"end":{"line":174,"column":7}},"79":{"start":{"line":170,"column":8},"end":{"line":170,"column":100}},"80":{"start":{"line":171,"column":8},"end":{"line":171,"column":25}},"81":{"start":{"line":173,"column":8},"end":{"line":173,"column":126}},"82":{"start":{"line":177,"column":6},"end":{"line":177,"column":55}},"83":{"start":{"line":178,"column":6},"end":{"line":178,"column":146}},"84":{"start":{"line":183,"column":24},"end":{"line":214,"column":3}},"85":{"start":{"line":184,"column":4},"end":{"line":184,"column":48}},"86":{"start":{"line":185,"column":4},"end":{"line":185,"column":49}},"87":{"start":{"line":187,"column":4},"end":{"line":213,"column":5}},"88":{"start":{"line":189,"column":23},"end":{"line":189,"column":67}},"89":{"start":{"line":191,"column":6},"end":{"line":209,"column":7}},"90":{"start":{"line":192,"column":24},"end":{"line":192,"column":45}},"91":{"start":{"line":193,"column":8},"end":{"line":193,"column":55}},"92":{"start":{"line":196,"column":8},"end":{"line":202,"column":11}},"93":{"start":{"line":203,"column":8},"end":{"line":203,"column":30}},"94":{"start":{"line":206,"column":8},"end":{"line":206,"column":35}},"95":{"start":{"line":208,"column":8},"end":{"line":208,"column":57}},"96":{"start":{"line":211,"column":6},"end":{"line":211,"column":57}},"97":{"start":{"line":212,"column":6},"end":{"line":212,"column":120}},"98":{"start":{"line":219,"column":2},"end":{"line":221,"column":9}},"99":{"start":{"line":220,"column":4},"end":{"line":220,"column":21}},"100":{"start":{"line":224,"column":2},"end":{"line":228,"column":4}},"101":{"start":{"line":226,"column":6},"end":{"line":226,"column":23}},"102":{"start":{"line":231,"column":24},"end":{"line":279,"column":3}},"103":{"start":{"line":232,"column":4},"end":{"line":278,"column":11}},"104":{"start":{"line":256,"column":25},"end":{"line":256,"column":51}},"105":{"start":{"line":264,"column":25},"end":{"line":264,"column":71}},"106":{"start":{"line":272,"column":25},"end":{"line":272,"column":63}},"107":{"start":{"line":281,"column":2},"end":{"line":405,"column":4}},"108":{"start":{"line":286,"column":73},"end":{"line":286,"column":94}},"109":{"start":{"line":322,"column":34},"end":{"line":322,"column":56}},"110":{"start":{"line":333,"column":30},"end":{"line":333,"column":52}},"111":{"start":{"line":346,"column":40},"end":{"line":346,"column":84}},"112":{"start":{"line":354,"column":40},"end":{"line":354,"column":85}},"113":{"start":{"line":364,"column":40},"end":{"line":364,"column":88}},"114":{"start":{"line":372,"column":33},"end":{"line":372,"column":92}},"115":{"start":{"line":384,"column":18},"end":{"line":384,"column":41}},"116":{"start":{"line":385,"column":18},"end":{"line":385,"column":95}},"117":{"start":{"line":386,"column":18},"end":{"line":386,"column":43}},"118":{"start":{"line":408,"column":15},"end":{"line":722,"column":2}}},"fnMap":{"0":{"name":"AboutScreen","decl":{"start":{"line":16,"column":24},"end":{"line":16,"column":35}},"loc":{"start":{"line":16,"column":38},"end":{"line":406,"column":1}},"line":16},"1":{"name":"(anonymous_1)","decl":{"start":{"line":35,"column":25},"end":{"line":35,"column":26}},"loc":{"start":{"line":35,"column":37},"end":{"line":52,"column":3}},"line":35},"2":{"name":"(anonymous_2)","decl":{"start":{"line":55,"column":26},"end":{"line":55,"column":27}},"loc":{"start":{"line":55,"column":45},"end":{"line":67,"column":3}},"line":55},"3":{"name":"(anonymous_3)","decl":{"start":{"line":60,"column":40},"end":{"line":60,"column":41}},"loc":{"start":{"line":61,"column":8},"end":{"line":63,"column":40}},"line":61},"4":{"name":"(anonymous_4)","decl":{"start":{"line":70,"column":27},"end":{"line":70,"column":28}},"loc":{"start":{"line":70,"column":39},"end":{"line":114,"column":3}},"line":70},"5":{"name":"(anonymous_5)","decl":{"start":{"line":117,"column":32},"end":{"line":117,"column":33}},"loc":{"start":{"line":117,"column":74},"end":{"line":143,"column":3}},"line":117},"6":{"name":"(anonymous_6)","decl":{"start":{"line":146,"column":25},"end":{"line":146,"column":26}},"loc":{"start":{"line":146,"column":65},"end":{"line":180,"column":3}},"line":146},"7":{"name":"(anonymous_7)","decl":{"start":{"line":183,"column":24},"end":{"line":183,"column":25}},"loc":{"start":{"line":183,"column":50},"end":{"line":214,"column":3}},"line":183},"8":{"name":"(anonymous_8)","decl":{"start":{"line":219,"column":12},"end":{"line":219,"column":13}},"loc":{"start":{"line":219,"column":18},"end":{"line":221,"column":3}},"line":219},"9":{"name":"(anonymous_9)","decl":{"start":{"line":225,"column":22},"end":{"line":225,"column":23}},"loc":{"start":{"line":225,"column":28},"end":{"line":227,"column":5}},"line":225},"10":{"name":"(anonymous_10)","decl":{"start":{"line":231,"column":24},"end":{"line":231,"column":25}},"loc":{"start":{"line":232,"column":4},"end":{"line":278,"column":11}},"line":232},"11":{"name":"(anonymous_11)","decl":{"start":{"line":256,"column":19},"end":{"line":256,"column":20}},"loc":{"start":{"line":256,"column":25},"end":{"line":256,"column":51}},"line":256},"12":{"name":"(anonymous_12)","decl":{"start":{"line":264,"column":19},"end":{"line":264,"column":20}},"loc":{"start":{"line":264,"column":25},"end":{"line":264,"column":71}},"line":264},"13":{"name":"(anonymous_13)","decl":{"start":{"line":272,"column":19},"end":{"line":272,"column":20}},"loc":{"start":{"line":272,"column":25},"end":{"line":272,"column":63}},"line":272},"14":{"name":"(anonymous_14)","decl":{"start":{"line":286,"column":67},"end":{"line":286,"column":68}},"loc":{"start":{"line":286,"column":73},"end":{"line":286,"column":94}},"line":286},"15":{"name":"(anonymous_15)","decl":{"start":{"line":322,"column":24},"end":{"line":322,"column":25}},"loc":{"start":{"line":322,"column":34},"end":{"line":322,"column":56}},"line":322},"16":{"name":"(anonymous_16)","decl":{"start":{"line":333,"column":24},"end":{"line":333,"column":25}},"loc":{"start":{"line":333,"column":30},"end":{"line":333,"column":52}},"line":333},"17":{"name":"(anonymous_17)","decl":{"start":{"line":346,"column":30},"end":{"line":346,"column":31}},"loc":{"start":{"line":346,"column":40},"end":{"line":346,"column":84}},"line":346},"18":{"name":"(anonymous_18)","decl":{"start":{"line":354,"column":30},"end":{"line":354,"column":31}},"loc":{"start":{"line":354,"column":40},"end":{"line":354,"column":85}},"line":354},"19":{"name":"(anonymous_19)","decl":{"start":{"line":364,"column":30},"end":{"line":364,"column":31}},"loc":{"start":{"line":364,"column":40},"end":{"line":364,"column":88}},"line":364},"20":{"name":"(anonymous_20)","decl":{"start":{"line":372,"column":27},"end":{"line":372,"column":28}},"loc":{"start":{"line":372,"column":33},"end":{"line":372,"column":92}},"line":372},"21":{"name":"(anonymous_21)","decl":{"start":{"line":383,"column":25},"end":{"line":383,"column":26}},"loc":{"start":{"line":383,"column":31},"end":{"line":387,"column":17}},"line":383}},"branchMap":{"0":{"loc":{"start":{"line":39,"column":6},"end":{"line":45,"column":7}},"type":"if","locations":[{"start":{"line":39,"column":6},"end":{"line":45,"column":7}},{"start":{"line":43,"column":13},"end":{"line":45,"column":7}}],"line":39},"1":{"loc":{"start":{"line":57,"column":4},"end":{"line":66,"column":5}},"type":"if","locations":[{"start":{"line":57,"column":4},"end":{"line":66,"column":5}},{"start":{"line":59,"column":11},"end":{"line":66,"column":5}}],"line":57},"2":{"loc":{"start":{"line":61,"column":8},"end":{"line":63,"column":40}},"type":"binary-expr","locations":[{"start":{"line":61,"column":8},"end":{"line":61,"column":64}},{"start":{"line":62,"column":8},"end":{"line":62,"column":65}},{"start":{"line":63,"column":8},"end":{"line":63,"column":40}}],"line":61},"3":{"loc":{"start":{"line":71,"column":4},"end":{"line":74,"column":5}},"type":"if","locations":[{"start":{"line":71,"column":4},"end":{"line":74,"column":5}},{"start":{},"end":{}}],"line":71},"4":{"loc":{"start":{"line":71,"column":8},"end":{"line":71,"column":47}},"type":"binary-expr","locations":[{"start":{"line":71,"column":8},"end":{"line":71,"column":25}},{"start":{"line":71,"column":29},"end":{"line":71,"column":47}}],"line":71},"5":{"loc":{"start":{"line":78,"column":18},"end":{"line":78,"column":95}},"type":"cond-expr","locations":[{"start":{"line":78,"column":31},"end":{"line":78,"column":71}},{"start":{"line":78,"column":74},"end":{"line":78,"column":95}}],"line":78},"6":{"loc":{"start":{"line":79,"column":21},"end":{"line":79,"column":48}},"type":"cond-expr","locations":[{"start":{"line":79,"column":34},"end":{"line":79,"column":39}},{"start":{"line":79,"column":42},"end":{"line":79,"column":48}}],"line":79},"7":{"loc":{"start":{"line":81,"column":21},"end":{"line":81,"column":56}},"type":"cond-expr","locations":[{"start":{"line":81,"column":34},"end":{"line":81,"column":44}},{"start":{"line":81,"column":47},"end":{"line":81,"column":56}}],"line":81},"8":{"loc":{"start":{"line":92,"column":6},"end":{"line":109,"column":7}},"type":"if","locations":[{"start":{"line":92,"column":6},"end":{"line":109,"column":7}},{"start":{"line":99,"column":13},"end":{"line":109,"column":7}}],"line":92},"9":{"loc":{"start":{"line":93,"column":31},"end":{"line":93,"column":116}},"type":"cond-expr","locations":[{"start":{"line":93,"column":44},"end":{"line":93,"column":77}},{"start":{"line":93,"column":80},"end":{"line":93,"column":116}}],"line":93},"10":{"loc":{"start":{"line":104,"column":8},"end":{"line":108,"column":9}},"type":"if","locations":[{"start":{"line":104,"column":8},"end":{"line":108,"column":9}},{"start":{"line":106,"column":15},"end":{"line":108,"column":9}}],"line":104},"11":{"loc":{"start":{"line":104,"column":12},"end":{"line":104,"column":64}},"type":"binary-expr","locations":[{"start":{"line":104,"column":12},"end":{"line":104,"column":23}},{"start":{"line":104,"column":27},"end":{"line":104,"column":64}}],"line":104},"12":{"loc":{"start":{"line":107,"column":30},"end":{"line":107,"column":112}},"type":"binary-expr","locations":[{"start":{"line":107,"column":30},"end":{"line":107,"column":41}},{"start":{"line":107,"column":45},"end":{"line":107,"column":112}}],"line":107},"13":{"loc":{"start":{"line":107,"column":65},"end":{"line":107,"column":100}},"type":"cond-expr","locations":[{"start":{"line":107,"column":78},"end":{"line":107,"column":86}},{"start":{"line":107,"column":89},"end":{"line":107,"column":100}}],"line":107},"14":{"loc":{"start":{"line":111,"column":37},"end":{"line":111,"column":77}},"type":"cond-expr","locations":[{"start":{"line":111,"column":55},"end":{"line":111,"column":63}},{"start":{"line":111,"column":66},"end":{"line":111,"column":77}}],"line":111},"15":{"loc":{"start":{"line":131,"column":6},"end":{"line":138,"column":7}},"type":"if","locations":[{"start":{"line":131,"column":6},"end":{"line":138,"column":7}},{"start":{"line":134,"column":13},"end":{"line":138,"column":7}}],"line":131},"16":{"loc":{"start":{"line":132,"column":45},"end":{"line":132,"column":78}},"type":"cond-expr","locations":[{"start":{"line":132,"column":54},"end":{"line":132,"column":63}},{"start":{"line":132,"column":66},"end":{"line":132,"column":78}}],"line":132},"17":{"loc":{"start":{"line":137,"column":66},"end":{"line":137,"column":104}},"type":"binary-expr","locations":[{"start":{"line":137,"column":66},"end":{"line":137,"column":81}},{"start":{"line":137,"column":85},"end":{"line":137,"column":104}}],"line":137},"18":{"loc":{"start":{"line":141,"column":46},"end":{"line":141,"column":106}},"type":"cond-expr","locations":[{"start":{"line":141,"column":71},"end":{"line":141,"column":84}},{"start":{"line":141,"column":87},"end":{"line":141,"column":106}}],"line":141},"19":{"loc":{"start":{"line":169,"column":6},"end":{"line":174,"column":7}},"type":"if","locations":[{"start":{"line":169,"column":6},"end":{"line":174,"column":7}},{"start":{"line":172,"column":13},"end":{"line":174,"column":7}}],"line":169},"20":{"loc":{"start":{"line":173,"column":81},"end":{"line":173,"column":122}},"type":"binary-expr","locations":[{"start":{"line":173,"column":81},"end":{"line":173,"column":99}},{"start":{"line":173,"column":103},"end":{"line":173,"column":122}}],"line":173},"21":{"loc":{"start":{"line":178,"column":46},"end":{"line":178,"column":106}},"type":"cond-expr","locations":[{"start":{"line":178,"column":71},"end":{"line":178,"column":84}},{"start":{"line":178,"column":87},"end":{"line":178,"column":106}}],"line":178},"22":{"loc":{"start":{"line":191,"column":6},"end":{"line":209,"column":7}},"type":"if","locations":[{"start":{"line":191,"column":6},"end":{"line":209,"column":7}},{"start":{"line":207,"column":13},"end":{"line":209,"column":7}}],"line":191},"23":{"loc":{"start":{"line":199,"column":20},"end":{"line":199,"column":42}},"type":"binary-expr","locations":[{"start":{"line":199,"column":20},"end":{"line":199,"column":36}},{"start":{"line":199,"column":40},"end":{"line":199,"column":42}}],"line":199},"24":{"loc":{"start":{"line":201,"column":16},"end":{"line":201,"column":34}},"type":"binary-expr","locations":[{"start":{"line":201,"column":16},"end":{"line":201,"column":28}},{"start":{"line":201,"column":32},"end":{"line":201,"column":34}}],"line":201},"25":{"loc":{"start":{"line":212,"column":56},"end":{"line":212,"column":116}},"type":"cond-expr","locations":[{"start":{"line":212,"column":81},"end":{"line":212,"column":94}},{"start":{"line":212,"column":97},"end":{"line":212,"column":116}}],"line":212},"26":{"loc":{"start":{"line":232,"column":38},"end":{"line":232,"column":74}},"type":"binary-expr","locations":[{"start":{"line":232,"column":38},"end":{"line":232,"column":49}},{"start":{"line":232,"column":53},"end":{"line":232,"column":74}}],"line":232},"27":{"loc":{"start":{"line":234,"column":9},"end":{"line":240,"column":9}},"type":"cond-expr","locations":[{"start":{"line":235,"column":10},"end":{"line":235,"column":74}},{"start":{"line":237,"column":10},"end":{"line":239,"column":17}}],"line":234},"28":{"loc":{"start":{"line":242,"column":44},"end":{"line":242,"column":78}},"type":"binary-expr","locations":[{"start":{"line":242,"column":44},"end":{"line":242,"column":55}},{"start":{"line":242,"column":59},"end":{"line":242,"column":78}}],"line":242},"29":{"loc":{"start":{"line":243,"column":45},"end":{"line":243,"column":79}},"type":"binary-expr","locations":[{"start":{"line":243,"column":45},"end":{"line":243,"column":56}},{"start":{"line":243,"column":60},"end":{"line":243,"column":79}}],"line":243},"30":{"loc":{"start":{"line":244,"column":11},"end":{"line":246,"column":11}},"type":"binary-expr","locations":[{"start":{"line":244,"column":11},"end":{"line":244,"column":24}},{"start":{"line":245,"column":12},"end":{"line":245,"column":109}}],"line":244},"31":{"loc":{"start":{"line":245,"column":50},"end":{"line":245,"column":84}},"type":"binary-expr","locations":[{"start":{"line":245,"column":50},"end":{"line":245,"column":61}},{"start":{"line":245,"column":65},"end":{"line":245,"column":84}}],"line":245},"32":{"loc":{"start":{"line":248,"column":61},"end":{"line":248,"column":95}},"type":"cond-expr","locations":[{"start":{"line":248,"column":74},"end":{"line":248,"column":83}},{"start":{"line":248,"column":86},"end":{"line":248,"column":95}}],"line":248},"33":{"loc":{"start":{"line":249,"column":43},"end":{"line":249,"column":75}},"type":"cond-expr","locations":[{"start":{"line":249,"column":56},"end":{"line":249,"column":63}},{"start":{"line":249,"column":66},"end":{"line":249,"column":75}}],"line":249},"34":{"loc":{"start":{"line":263,"column":57},"end":{"line":263,"column":91}},"type":"cond-expr","locations":[{"start":{"line":263,"column":70},"end":{"line":263,"column":79}},{"start":{"line":263,"column":82},"end":{"line":263,"column":91}}],"line":263},"35":{"loc":{"start":{"line":266,"column":26},"end":{"line":266,"column":55}},"type":"cond-expr","locations":[{"start":{"line":266,"column":39},"end":{"line":266,"column":46}},{"start":{"line":266,"column":49},"end":{"line":266,"column":55}}],"line":266},"36":{"loc":{"start":{"line":267,"column":43},"end":{"line":267,"column":78}},"type":"cond-expr","locations":[{"start":{"line":267,"column":56},"end":{"line":267,"column":67}},{"start":{"line":267,"column":70},"end":{"line":267,"column":78}}],"line":267},"37":{"loc":{"start":{"line":305,"column":7},"end":{"line":326,"column":7}},"type":"cond-expr","locations":[{"start":{"line":306,"column":8},"end":{"line":308,"column":15}},{"start":{"line":309,"column":10},"end":{"line":326,"column":7}}],"line":305},"38":{"loc":{"start":{"line":309,"column":10},"end":{"line":326,"column":7}},"type":"cond-expr","locations":[{"start":{"line":310,"column":8},"end":{"line":317,"column":15}},{"start":{"line":319,"column":8},"end":{"line":325,"column":10}}],"line":309},"39":{"loc":{"start":{"line":312,"column":13},"end":{"line":312,"column":103}},"type":"cond-expr","locations":[{"start":{"line":312,"column":24},"end":{"line":312,"column":70}},{"start":{"line":312,"column":73},"end":{"line":312,"column":103}}],"line":312},"40":{"loc":{"start":{"line":315,"column":13},"end":{"line":315,"column":122}},"type":"cond-expr","locations":[{"start":{"line":315,"column":24},"end":{"line":315,"column":54}},{"start":{"line":315,"column":57},"end":{"line":315,"column":122}}],"line":315},"41":{"loc":{"start":{"line":338,"column":15},"end":{"line":338,"column":82}},"type":"cond-expr","locations":[{"start":{"line":338,"column":33},"end":{"line":338,"column":52}},{"start":{"line":338,"column":55},"end":{"line":338,"column":82}}],"line":338},"42":{"loc":{"start":{"line":371,"column":43},"end":{"line":371,"column":86}},"type":"binary-expr","locations":[{"start":{"line":371,"column":43},"end":{"line":371,"column":60}},{"start":{"line":371,"column":64},"end":{"line":371,"column":86}}],"line":371},"43":{"loc":{"start":{"line":397,"column":19},"end":{"line":397,"column":59}},"type":"cond-expr","locations":[{"start":{"line":397,"column":37},"end":{"line":397,"column":48}},{"start":{"line":397,"column":51},"end":{"line":397,"column":59}}],"line":397}},"s":{"0":0,"1":0,"2":0,"3":0,"4":0,"5":0,"6":0,"7":0,"8":0,"9":0,"10":0,"11":0,"12":0,"13":0,"14":0,"15":0,"16":0,"17":0,"18":0,"19":0,"20":0,"21":0,"22":0,"23":0,"24":0,"25":0,"26":0,"27":0,"28":0,"29":0,"30":0,"31":0,"32":0,"33":0,"34":0,"35":0,"36":0,"37":0,"38":0,"39":0,"40":0,"41":0,"42":0,"43":0,"44":0,"45":0,"46":0,"47":0,"48":0,"49":0,"50":0,"51":0,"52":0,"53":0,"54":0,"55":0,"56":0,"57":0,"58":0,"59":0,"60":0,"61":0,"62":0,"63":0,"64":0,"65":0,"66":0,"67":0,"68":0,"69":0,"70":0,"71":0,"72":0,"73":0,"74":0,"75":0,"76":0,"77":0,"78":0,"79":0,"80":0,"81":0,"82":0,"83":0,"84":0,"85":0,"86":0,"87":0,"88":0,"89":0,"90":0,"91":0,"92":0,"93":0,"94":0,"95":0,"96":0,"97":0,"98":0,"99":0,"100":0,"101":0,"102":0,"103":0,"104":0,"105":0,"106":0,"107":0,"108":0,"109":0,"110":0,"111":0,"112":0,"113":0,"114":0,"115":0,"116":0,"117":0,"118":0},"f":{"0":0,"1":0,"2":0,"3":0,"4":0,"5":0,"6":0,"7":0,"8":0,"9":0,"10":0,"11":0,"12":0,"13":0,"14":0,"15":0,"16":0,"17":0,"18":0,"19":0,"20":0,"21":0},"b":{"0":[0,0],"1":[0,0],"2":[0,0,0],"3":[0,0],"4":[0,0],"5":[0,0],"6":[0,0],"7":[0,0],"8":[0,0],"9":[0,0],"10":[0,0],"11":[0,0],"12":[0,0],"13":[0,0],"14":[0,0],"15":[0,0],"16":[0,0],"17":[0,0],"18":[0,0],"19":[0,0],"20":[0,0],"21":[0,0],"22":[0,0],"23":[0,0],"24":[0,0],"25":[0,0],"26":[0,0],"27":[0,0],"28":[0,0],"29":[0,0],"30":[0,0],"31":[0,0],"32":[0,0],"33":[0,0],"34":[0,0],"35":[0,0],"36":[0,0],"37":[0,0],"38":[0,0],"39":[0,0],"40":[0,0],"41":[0,0],"42":[0,0],"43":[0,0]}}
,"C:\\Users\\Devyd Silva\\Documents\\GitHub\\-Alunos_SENAI\\Alunos_SENAI\\app\\(tabs)\\categories.tsx": {"path":"C:\\Users\\Devyd Silva\\Documents\\GitHub\\-Alunos_SENAI\\Alunos_SENAI\\app\\(tabs)\\categories.tsx","statementMap":{"0":{"start":{"line":25,"column":38},"end":{"line":25,"column":63}},"1":{"start":{"line":26,"column":32},"end":{"line":26,"column":46}},"2":{"start":{"line":27,"column":42},"end":{"line":27,"column":57}},"3":{"start":{"line":28,"column":52},"end":{"line":28,"column":81}},"4":{"start":{"line":29,"column":44},"end":{"line":33,"column":4}},"5":{"start":{"line":35,"column":18},"end":{"line":35,"column":41}},"6":{"start":{"line":38,"column":27},"end":{"line":54,"column":3}},"7":{"start":{"line":39,"column":4},"end":{"line":53,"column":5}},"8":{"start":{"line":40,"column":6},"end":{"line":40,"column":23}},"9":{"start":{"line":41,"column":23},"end":{"line":41,"column":59}},"10":{"start":{"line":42,"column":6},"end":{"line":47,"column":7}},"11":{"start":{"line":43,"column":21},"end":{"line":43,"column":42}},"12":{"start":{"line":44,"column":8},"end":{"line":44,"column":28}},"13":{"start":{"line":46,"column":8},"end":{"line":46,"column":71}},"14":{"start":{"line":49,"column":6},"end":{"line":49,"column":61}},"15":{"start":{"line":50,"column":6},"end":{"line":50,"column":57}},"16":{"start":{"line":52,"column":6},"end":{"line":52,"column":24}},"17":{"start":{"line":57,"column":26},"end":{"line":93,"column":3}},"18":{"start":{"line":58,"column":4},"end":{"line":61,"column":5}},"19":{"start":{"line":59,"column":6},"end":{"line":59,"column":48}},"20":{"start":{"line":60,"column":6},"end":{"line":60,"column":13}},"21":{"start":{"line":63,"column":4},"end":{"line":92,"column":5}},"22":{"start":{"line":64,"column":25},"end":{"line":64,"column":51}},"23":{"start":{"line":65,"column":18},"end":{"line":67,"column":33}},"24":{"start":{"line":68,"column":21},"end":{"line":68,"column":48}},"25":{"start":{"line":70,"column":23},"end":{"line":74,"column":8}},"26":{"start":{"line":76,"column":6},"end":{"line":88,"column":7}},"27":{"start":{"line":77,"column":8},"end":{"line":80,"column":10}},"28":{"start":{"line":81,"column":8},"end":{"line":81,"column":67}},"29":{"start":{"line":82,"column":8},"end":{"line":82,"column":35}},"30":{"start":{"line":83,"column":8},"end":{"line":83,"column":31}},"31":{"start":{"line":84,"column":8},"end":{"line":84,"column":27}},"32":{"start":{"line":86,"column":22},"end":{"line":86,"column":43}},"33":{"start":{"line":87,"column":8},"end":{"line":87,"column":70}},"34":{"start":{"line":90,"column":6},"end":{"line":90,"column":54}},"35":{"start":{"line":91,"column":6},"end":{"line":91,"column":27}},"36":{"start":{"line":96,"column":26},"end":{"line":112,"column":3}},"37":{"start":{"line":97,"column":4},"end":{"line":111,"column":5}},"38":{"start":{"line":98,"column":23},"end":{"line":98,"column":69}},"39":{"start":{"line":99,"column":6},"end":{"line":108,"column":7}},"40":{"start":{"line":100,"column":26},"end":{"line":100,"column":47}},"41":{"start":{"line":101,"column":8},"end":{"line":105,"column":11}},"42":{"start":{"line":106,"column":8},"end":{"line":106,"column":37}},"43":{"start":{"line":107,"column":8},"end":{"line":107,"column":30}},"44":{"start":{"line":110,"column":6},"end":{"line":110,"column":54}},"45":{"start":{"line":115,"column":27},"end":{"line":149,"column":3}},"46":{"start":{"line":116,"column":4},"end":{"line":116,"column":49}},"47":{"start":{"line":117,"column":4},"end":{"line":117,"column":37}},"48":{"start":{"line":118,"column":4},"end":{"line":118,"column":60}},"49":{"start":{"line":120,"column":4},"end":{"line":148,"column":5}},"50":{"start":{"line":121,"column":6},"end":{"line":121,"column":64}},"51":{"start":{"line":122,"column":6},"end":{"line":122,"column":71}},"52":{"start":{"line":124,"column":29},"end":{"line":129,"column":8}},"53":{"start":{"line":131,"column":6},"end":{"line":131,"column":44}},"54":{"start":{"line":132,"column":6},"end":{"line":132,"column":52}},"55":{"start":{"line":133,"column":6},"end":{"line":133,"column":44}},"56":{"start":{"line":135,"column":27},"end":{"line":135,"column":54}},"57":{"start":{"line":136,"column":6},"end":{"line":136,"column":59}},"58":{"start":{"line":138,"column":6},"end":{"line":143,"column":7}},"59":{"start":{"line":139,"column":8},"end":{"line":139,"column":99}},"60":{"start":{"line":140,"column":8},"end":{"line":140,"column":27}},"61":{"start":{"line":142,"column":8},"end":{"line":142,"column":126}},"62":{"start":{"line":146,"column":6},"end":{"line":146,"column":55}},"63":{"start":{"line":147,"column":6},"end":{"line":147,"column":146}},"64":{"start":{"line":151,"column":2},"end":{"line":153,"column":9}},"65":{"start":{"line":152,"column":4},"end":{"line":152,"column":23}},"66":{"start":{"line":155,"column":2},"end":{"line":159,"column":4}},"67":{"start":{"line":157,"column":6},"end":{"line":157,"column":25}},"68":{"start":{"line":161,"column":26},"end":{"line":202,"column":3}},"69":{"start":{"line":162,"column":4},"end":{"line":201,"column":11}},"70":{"start":{"line":187,"column":25},"end":{"line":187,"column":53}},"71":{"start":{"line":195,"column":25},"end":{"line":195,"column":65}},"72":{"start":{"line":204,"column":2},"end":{"line":312,"column":4}},"73":{"start":{"line":210,"column":25},"end":{"line":210,"column":46}},"74":{"start":{"line":231,"column":34},"end":{"line":231,"column":56}},"75":{"start":{"line":242,"column":30},"end":{"line":242,"column":52}},"76":{"start":{"line":256,"column":18},"end":{"line":256,"column":68}},"77":{"start":{"line":266,"column":18},"end":{"line":266,"column":73}},"78":{"start":{"line":280,"column":20},"end":{"line":280,"column":87}},"79":{"start":{"line":293,"column":18},"end":{"line":293,"column":41}},"80":{"start":{"line":294,"column":18},"end":{"line":294,"column":77}},"81":{"start":{"line":295,"column":18},"end":{"line":295,"column":45}},"82":{"start":{"line":315,"column":15},"end":{"line":550,"column":2}}},"fnMap":{"0":{"name":"CategoriesScreen","decl":{"start":{"line":24,"column":24},"end":{"line":24,"column":40}},"loc":{"start":{"line":24,"column":43},"end":{"line":313,"column":1}},"line":24},"1":{"name":"(anonymous_1)","decl":{"start":{"line":38,"column":27},"end":{"line":38,"column":28}},"loc":{"start":{"line":38,"column":39},"end":{"line":54,"column":3}},"line":38},"2":{"name":"(anonymous_2)","decl":{"start":{"line":57,"column":26},"end":{"line":57,"column":27}},"loc":{"start":{"line":57,"column":38},"end":{"line":93,"column":3}},"line":57},"3":{"name":"(anonymous_3)","decl":{"start":{"line":96,"column":26},"end":{"line":96,"column":27}},"loc":{"start":{"line":96,"column":52},"end":{"line":112,"column":3}},"line":96},"4":{"name":"(anonymous_4)","decl":{"start":{"line":115,"column":27},"end":{"line":115,"column":28}},"loc":{"start":{"line":115,"column":67},"end":{"line":149,"column":3}},"line":115},"5":{"name":"(anonymous_5)","decl":{"start":{"line":151,"column":12},"end":{"line":151,"column":13}},"loc":{"start":{"line":151,"column":18},"end":{"line":153,"column":3}},"line":151},"6":{"name":"(anonymous_6)","decl":{"start":{"line":156,"column":22},"end":{"line":156,"column":23}},"loc":{"start":{"line":156,"column":28},"end":{"line":158,"column":5}},"line":156},"7":{"name":"(anonymous_7)","decl":{"start":{"line":161,"column":26},"end":{"line":161,"column":27}},"loc":{"start":{"line":162,"column":4},"end":{"line":201,"column":11}},"line":162},"8":{"name":"(anonymous_8)","decl":{"start":{"line":187,"column":19},"end":{"line":187,"column":20}},"loc":{"start":{"line":187,"column":25},"end":{"line":187,"column":53}},"line":187},"9":{"name":"(anonymous_9)","decl":{"start":{"line":195,"column":19},"end":{"line":195,"column":20}},"loc":{"start":{"line":195,"column":25},"end":{"line":195,"column":65}},"line":195},"10":{"name":"(anonymous_10)","decl":{"start":{"line":210,"column":19},"end":{"line":210,"column":20}},"loc":{"start":{"line":210,"column":25},"end":{"line":210,"column":46}},"line":210},"11":{"name":"(anonymous_11)","decl":{"start":{"line":231,"column":24},"end":{"line":231,"column":25}},"loc":{"start":{"line":231,"column":34},"end":{"line":231,"column":56}},"line":231},"12":{"name":"(anonymous_12)","decl":{"start":{"line":242,"column":24},"end":{"line":242,"column":25}},"loc":{"start":{"line":242,"column":30},"end":{"line":242,"column":52}},"line":242},"13":{"name":"(anonymous_13)","decl":{"start":{"line":255,"column":30},"end":{"line":255,"column":31}},"loc":{"start":{"line":256,"column":18},"end":{"line":256,"column":68}},"line":256},"14":{"name":"(anonymous_14)","decl":{"start":{"line":265,"column":30},"end":{"line":265,"column":31}},"loc":{"start":{"line":266,"column":18},"end":{"line":266,"column":73}},"line":266},"15":{"name":"(anonymous_15)","decl":{"start":{"line":279,"column":27},"end":{"line":279,"column":28}},"loc":{"start":{"line":280,"column":20},"end":{"line":280,"column":87}},"line":280},"16":{"name":"(anonymous_16)","decl":{"start":{"line":292,"column":25},"end":{"line":292,"column":26}},"loc":{"start":{"line":292,"column":31},"end":{"line":296,"column":17}},"line":292}},"branchMap":{"0":{"loc":{"start":{"line":42,"column":6},"end":{"line":47,"column":7}},"type":"if","locations":[{"start":{"line":42,"column":6},"end":{"line":47,"column":7}},{"start":{"line":45,"column":13},"end":{"line":47,"column":7}}],"line":42},"1":{"loc":{"start":{"line":58,"column":4},"end":{"line":61,"column":5}},"type":"if","locations":[{"start":{"line":58,"column":4},"end":{"line":61,"column":5}},{"start":{},"end":{}}],"line":58},"2":{"loc":{"start":{"line":65,"column":18},"end":{"line":67,"column":33}},"type":"cond-expr","locations":[{"start":{"line":66,"column":10},"end":{"line":66,"column":54}},{"start":{"line":67,"column":10},"end":{"line":67,"column":33}}],"line":65},"3":{"loc":{"start":{"line":68,"column":21},"end":{"line":68,"column":48}},"type":"cond-expr","locations":[{"start":{"line":68,"column":34},"end":{"line":68,"column":39}},{"start":{"line":68,"column":42},"end":{"line":68,"column":48}}],"line":68},"4":{"loc":{"start":{"line":76,"column":6},"end":{"line":88,"column":7}},"type":"if","locations":[{"start":{"line":76,"column":6},"end":{"line":88,"column":7}},{"start":{"line":85,"column":13},"end":{"line":88,"column":7}}],"line":76},"5":{"loc":{"start":{"line":79,"column":10},"end":{"line":79,"column":68}},"type":"cond-expr","locations":[{"start":{"line":79,"column":23},"end":{"line":79,"column":46}},{"start":{"line":79,"column":49},"end":{"line":79,"column":68}}],"line":79},"6":{"loc":{"start":{"line":87,"column":28},"end":{"line":87,"column":68}},"type":"binary-expr","locations":[{"start":{"line":87,"column":28},"end":{"line":87,"column":39}},{"start":{"line":87,"column":43},"end":{"line":87,"column":68}}],"line":87},"7":{"loc":{"start":{"line":99,"column":6},"end":{"line":108,"column":7}},"type":"if","locations":[{"start":{"line":99,"column":6},"end":{"line":108,"column":7}},{"start":{},"end":{}}],"line":99},"8":{"loc":{"start":{"line":103,"column":21},"end":{"line":103,"column":46}},"type":"binary-expr","locations":[{"start":{"line":103,"column":21},"end":{"line":103,"column":40}},{"start":{"line":103,"column":44},"end":{"line":103,"column":46}}],"line":103},"9":{"loc":{"start":{"line":138,"column":6},"end":{"line":143,"column":7}},"type":"if","locations":[{"start":{"line":138,"column":6},"end":{"line":143,"column":7}},{"start":{"line":141,"column":13},"end":{"line":143,"column":7}}],"line":138},"10":{"loc":{"start":{"line":142,"column":81},"end":{"line":142,"column":122}},"type":"binary-expr","locations":[{"start":{"line":142,"column":81},"end":{"line":142,"column":99}},{"start":{"line":142,"column":103},"end":{"line":142,"column":122}}],"line":142},"11":{"loc":{"start":{"line":147,"column":46},"end":{"line":147,"column":106}},"type":"cond-expr","locations":[{"start":{"line":147,"column":71},"end":{"line":147,"column":84}},{"start":{"line":147,"column":87},"end":{"line":147,"column":106}}],"line":147},"12":{"loc":{"start":{"line":162,"column":31},"end":{"line":162,"column":64}},"type":"binary-expr","locations":[{"start":{"line":162,"column":31},"end":{"line":162,"column":42}},{"start":{"line":162,"column":46},"end":{"line":162,"column":64}}],"line":162},"13":{"loc":{"start":{"line":165,"column":41},"end":{"line":165,"column":75}},"type":"binary-expr","locations":[{"start":{"line":165,"column":41},"end":{"line":165,"column":52}},{"start":{"line":165,"column":56},"end":{"line":165,"column":75}}],"line":165},"14":{"loc":{"start":{"line":168,"column":11},"end":{"line":172,"column":11}},"type":"binary-expr","locations":[{"start":{"line":168,"column":11},"end":{"line":168,"column":25}},{"start":{"line":169,"column":12},"end":{"line":171,"column":19}}],"line":168},"15":{"loc":{"start":{"line":169,"column":48},"end":{"line":169,"column":82}},"type":"binary-expr","locations":[{"start":{"line":169,"column":48},"end":{"line":169,"column":59}},{"start":{"line":169,"column":63},"end":{"line":169,"column":82}}],"line":169},"16":{"loc":{"start":{"line":177,"column":31},"end":{"line":177,"column":65}},"type":"cond-expr","locations":[{"start":{"line":177,"column":44},"end":{"line":177,"column":53}},{"start":{"line":177,"column":56},"end":{"line":177,"column":65}}],"line":177},"17":{"loc":{"start":{"line":180,"column":43},"end":{"line":180,"column":75}},"type":"cond-expr","locations":[{"start":{"line":180,"column":56},"end":{"line":180,"column":63}},{"start":{"line":180,"column":66},"end":{"line":180,"column":75}}],"line":180},"18":{"loc":{"start":{"line":217,"column":7},"end":{"line":235,"column":7}},"type":"cond-expr","locations":[{"start":{"line":218,"column":8},"end":{"line":220,"column":15}},{"start":{"line":221,"column":10},"end":{"line":235,"column":7}}],"line":217},"19":{"loc":{"start":{"line":221,"column":10},"end":{"line":235,"column":7}},"type":"cond-expr","locations":[{"start":{"line":222,"column":8},"end":{"line":226,"column":15}},{"start":{"line":228,"column":8},"end":{"line":234,"column":10}}],"line":221},"20":{"loc":{"start":{"line":247,"column":15},"end":{"line":247,"column":72}},"type":"cond-expr","locations":[{"start":{"line":247,"column":35},"end":{"line":247,"column":53}},{"start":{"line":247,"column":56},"end":{"line":247,"column":72}}],"line":247},"21":{"loc":{"start":{"line":277,"column":20},"end":{"line":277,"column":65}},"type":"binary-expr","locations":[{"start":{"line":277,"column":20},"end":{"line":277,"column":39}},{"start":{"line":277,"column":43},"end":{"line":277,"column":65}}],"line":277}},"s":{"0":0,"1":0,"2":0,"3":0,"4":0,"5":0,"6":0,"7":0,"8":0,"9":0,"10":0,"11":0,"12":0,"13":0,"14":0,"15":0,"16":0,"17":0,"18":0,"19":0,"20":0,"21":0,"22":0,"23":0,"24":0,"25":0,"26":0,"27":0,"28":0,"29":0,"30":0,"31":0,"32":0,"33":0,"34":0,"35":0,"36":0,"37":0,"38":0,"39":0,"40":0,"41":0,"42":0,"43":0,"44":0,"45":0,"46":0,"47":0,"48":0,"49":0,"50":0,"51":0,"52":0,"53":0,"54":0,"55":0,"56":0,"57":0,"58":0,"59":0,"60":0,"61":0,"62":0,"63":0,"64":0,"65":0,"66":0,"67":0,"68":0,"69":0,"70":0,"71":0,"72":0,"73":0,"74":0,"75":0,"76":0,"77":0,"78":0,"79":0,"80":0,"81":0,"82":0},"f":{"0":0,"1":0,"2":0,"3":0,"4":0,"5":0,"6":0,"7":0,"8":0,"9":0,"10":0,"11":0,"12":0,"13":0,"14":0,"15":0,"16":0},"b":{"0":[0,0],"1":[0,0],"2":[0,0],"3":[0,0],"4":[0,0],"5":[0,0],"6":[0,0],"7":[0,0],"8":[0,0],"9":[0,0],"10":[0,0],"11":[0,0],"12":[0,0],"13":[0,0],"14":[0,0],"15":[0,0],"16":[0,0],"17":[0,0],"18":[0,0],"19":[0,0],"20":[0,0],"21":[0,0]}}
,"C:\\Users\\Devyd Silva\\Documents\\GitHub\\-Alunos_SENAI\\Alunos_SENAI\\app\\(tabs)\\products.tsx": {"path":"C:\\Users\\Devyd Silva\\Documents\\GitHub\\-Alunos_SENAI\\Alunos_SENAI\\app\\(tabs)\\products.tsx","statementMap":{"0":{"start":{"line":46,"column":34},"end":{"line":46,"column":57}},"1":{"start":{"line":47,"column":38},"end":{"line":47,"column":63}},"2":{"start":{"line":48,"column":42},"end":{"line":48,"column":68}},"3":{"start":{"line":49,"column":32},"end":{"line":49,"column":46}},"4":{"start":{"line":50,"column":42},"end":{"line":50,"column":57}},"5":{"start":{"line":51,"column":48},"end":{"line":51,"column":77}},"6":{"start":{"line":52,"column":40},"end":{"line":63,"column":4}},"7":{"start":{"line":65,"column":18},"end":{"line":65,"column":41}},"8":{"start":{"line":68,"column":25},"end":{"line":81,"column":3}},"9":{"start":{"line":69,"column":4},"end":{"line":80,"column":5}},"10":{"start":{"line":70,"column":6},"end":{"line":70,"column":23}},"11":{"start":{"line":71,"column":23},"end":{"line":71,"column":57}},"12":{"start":{"line":72,"column":6},"end":{"line":75,"column":7}},"13":{"start":{"line":73,"column":21},"end":{"line":73,"column":42}},"14":{"start":{"line":74,"column":8},"end":{"line":74,"column":26}},"15":{"start":{"line":77,"column":6},"end":{"line":77,"column":55}},"16":{"start":{"line":79,"column":6},"end":{"line":79,"column":24}},"17":{"start":{"line":84,"column":27},"end":{"line":94,"column":3}},"18":{"start":{"line":85,"column":4},"end":{"line":93,"column":5}},"19":{"start":{"line":86,"column":23},"end":{"line":86,"column":59}},"20":{"start":{"line":87,"column":6},"end":{"line":90,"column":7}},"21":{"start":{"line":88,"column":21},"end":{"line":88,"column":42}},"22":{"start":{"line":89,"column":8},"end":{"line":89,"column":56}},"23":{"start":{"line":89,"column":52},"end":{"line":89,"column":53}},"24":{"start":{"line":92,"column":6},"end":{"line":92,"column":57}},"25":{"start":{"line":97,"column":29},"end":{"line":107,"column":3}},"26":{"start":{"line":98,"column":4},"end":{"line":106,"column":5}},"27":{"start":{"line":99,"column":23},"end":{"line":99,"column":57}},"28":{"start":{"line":100,"column":6},"end":{"line":103,"column":7}},"29":{"start":{"line":101,"column":21},"end":{"line":101,"column":42}},"30":{"start":{"line":102,"column":8},"end":{"line":102,"column":30}},"31":{"start":{"line":105,"column":6},"end":{"line":105,"column":59}},"32":{"start":{"line":110,"column":20},"end":{"line":131,"column":3}},"33":{"start":{"line":111,"column":4},"end":{"line":130,"column":5}},"34":{"start":{"line":112,"column":25},"end":{"line":112,"column":74}},"35":{"start":{"line":113,"column":6},"end":{"line":116,"column":7}},"36":{"start":{"line":114,"column":8},"end":{"line":114,"column":89}},"37":{"start":{"line":115,"column":8},"end":{"line":115,"column":15}},"38":{"start":{"line":118,"column":21},"end":{"line":123,"column":8}},"39":{"start":{"line":125,"column":6},"end":{"line":127,"column":7}},"40":{"start":{"line":126,"column":8},"end":{"line":126,"column":71}},"41":{"start":{"line":129,"column":6},"end":{"line":129,"column":59}},"42":{"start":{"line":134,"column":27},"end":{"line":155,"column":3}},"43":{"start":{"line":135,"column":4},"end":{"line":154,"column":5}},"44":{"start":{"line":136,"column":25},"end":{"line":136,"column":80}},"45":{"start":{"line":137,"column":6},"end":{"line":140,"column":7}},"46":{"start":{"line":138,"column":8},"end":{"line":138,"column":90}},"47":{"start":{"line":139,"column":8},"end":{"line":139,"column":15}},"48":{"start":{"line":142,"column":21},"end":{"line":147,"column":8}},"49":{"start":{"line":149,"column":6},"end":{"line":151,"column":7}},"50":{"start":{"line":150,"column":8},"end":{"line":150,"column":71}},"51":{"start":{"line":153,"column":6},"end":{"line":153,"column":66}},"52":{"start":{"line":158,"column":29},"end":{"line":190,"column":3}},"53":{"start":{"line":159,"column":4},"end":{"line":162,"column":5}},"54":{"start":{"line":160,"column":6},"end":{"line":160,"column":55}},"55":{"start":{"line":161,"column":6},"end":{"line":161,"column":13}},"56":{"start":{"line":164,"column":4},"end":{"line":189,"column":5}},"57":{"start":{"line":165,"column":22},"end":{"line":165,"column":83}},"58":{"start":{"line":166,"column":6},"end":{"line":186,"column":7}},"59":{"start":{"line":167,"column":8},"end":{"line":183,"column":10}},"60":{"start":{"line":175,"column":16},"end":{"line":179,"column":19}},"61":{"start":{"line":185,"column":8},"end":{"line":185,"column":81}},"62":{"start":{"line":188,"column":6},"end":{"line":188,"column":61}},"63":{"start":{"line":193,"column":24},"end":{"line":244,"column":3}},"64":{"start":{"line":194,"column":4},"end":{"line":197,"column":5}},"65":{"start":{"line":195,"column":6},"end":{"line":195,"column":48}},"66":{"start":{"line":196,"column":6},"end":{"line":196,"column":13}},"67":{"start":{"line":199,"column":4},"end":{"line":243,"column":5}},"68":{"start":{"line":200,"column":25},"end":{"line":200,"column":49}},"69":{"start":{"line":201,"column":18},"end":{"line":203,"column":31}},"70":{"start":{"line":204,"column":21},"end":{"line":204,"column":48}},"71":{"start":{"line":206,"column":20},"end":{"line":213,"column":7}},"72":{"start":{"line":215,"column":23},"end":{"line":219,"column":8}},"73":{"start":{"line":221,"column":6},"end":{"line":240,"column":7}},"74":{"start":{"line":222,"column":8},"end":{"line":222,"column":87}},"75":{"start":{"line":223,"column":8},"end":{"line":234,"column":11}},"76":{"start":{"line":235,"column":8},"end":{"line":235,"column":33}},"77":{"start":{"line":236,"column":8},"end":{"line":236,"column":31}},"78":{"start":{"line":237,"column":8},"end":{"line":237,"column":25}},"79":{"start":{"line":239,"column":8},"end":{"line":239,"column":55}},"80":{"start":{"line":242,"column":6},"end":{"line":242,"column":52}},"81":{"start":{"line":247,"column":25},"end":{"line":281,"column":3}},"82":{"start":{"line":248,"column":4},"end":{"line":248,"column":49}},"83":{"start":{"line":249,"column":4},"end":{"line":249,"column":37}},"84":{"start":{"line":250,"column":4},"end":{"line":250,"column":58}},"85":{"start":{"line":252,"column":4},"end":{"line":280,"column":5}},"86":{"start":{"line":253,"column":6},"end":{"line":253,"column":62}},"87":{"start":{"line":254,"column":6},"end":{"line":254,"column":69}},"88":{"start":{"line":256,"column":29},"end":{"line":261,"column":8}},"89":{"start":{"line":263,"column":6},"end":{"line":263,"column":44}},"90":{"start":{"line":264,"column":6},"end":{"line":264,"column":52}},"91":{"start":{"line":265,"column":6},"end":{"line":265,"column":44}},"92":{"start":{"line":267,"column":27},"end":{"line":267,"column":54}},"93":{"start":{"line":268,"column":6},"end":{"line":268,"column":59}},"94":{"start":{"line":270,"column":6},"end":{"line":275,"column":7}},"95":{"start":{"line":271,"column":8},"end":{"line":271,"column":97}},"96":{"start":{"line":272,"column":8},"end":{"line":272,"column":25}},"97":{"start":{"line":274,"column":8},"end":{"line":274,"column":126}},"98":{"start":{"line":278,"column":6},"end":{"line":278,"column":55}},"99":{"start":{"line":279,"column":6},"end":{"line":279,"column":146}},"100":{"start":{"line":284,"column":24},"end":{"line":307,"column":3}},"101":{"start":{"line":285,"column":4},"end":{"line":306,"column":5}},"102":{"start":{"line":286,"column":23},"end":{"line":286,"column":67}},"103":{"start":{"line":287,"column":6},"end":{"line":303,"column":7}},"104":{"start":{"line":288,"column":24},"end":{"line":288,"column":45}},"105":{"start":{"line":289,"column":8},"end":{"line":300,"column":11}},"106":{"start":{"line":301,"column":8},"end":{"line":301,"column":35}},"107":{"start":{"line":302,"column":8},"end":{"line":302,"column":30}},"108":{"start":{"line":305,"column":6},"end":{"line":305,"column":52}},"109":{"start":{"line":309,"column":2},"end":{"line":313,"column":9}},"110":{"start":{"line":310,"column":4},"end":{"line":310,"column":21}},"111":{"start":{"line":311,"column":4},"end":{"line":311,"column":23}},"112":{"start":{"line":312,"column":4},"end":{"line":312,"column":25}},"113":{"start":{"line":315,"column":2},"end":{"line":319,"column":4}},"114":{"start":{"line":317,"column":6},"end":{"line":317,"column":23}},"115":{"start":{"line":321,"column":24},"end":{"line":383,"column":3}},"116":{"start":{"line":322,"column":4},"end":{"line":382,"column":11}},"117":{"start":{"line":368,"column":25},"end":{"line":368,"column":51}},"118":{"start":{"line":376,"column":25},"end":{"line":376,"column":63}},"119":{"start":{"line":385,"column":2},"end":{"line":614,"column":4}},"120":{"start":{"line":391,"column":25},"end":{"line":391,"column":46}},"121":{"start":{"line":411,"column":34},"end":{"line":411,"column":56}},"122":{"start":{"line":421,"column":30},"end":{"line":421,"column":52}},"123":{"start":{"line":453,"column":40},"end":{"line":453,"column":86}},"124":{"start":{"line":461,"column":40},"end":{"line":461,"column":91}},"125":{"start":{"line":474,"column":20},"end":{"line":474,"column":75}},"126":{"start":{"line":492,"column":20},"end":{"line":511,"column":39}},"127":{"start":{"line":499,"column":24},"end":{"line":499,"column":84}},"128":{"start":{"line":521,"column":20},"end":{"line":540,"column":39}},"129":{"start":{"line":528,"column":24},"end":{"line":528,"column":86}},"130":{"start":{"line":551,"column":20},"end":{"line":551,"column":73}},"131":{"start":{"line":561,"column":20},"end":{"line":561,"column":73}},"132":{"start":{"line":573,"column":18},"end":{"line":573,"column":74}},"133":{"start":{"line":584,"column":18},"end":{"line":584,"column":41}},"134":{"start":{"line":585,"column":18},"end":{"line":596,"column":21}},"135":{"start":{"line":597,"column":18},"end":{"line":597,"column":43}},"136":{"start":{"line":617,"column":15},"end":{"line":925,"column":2}}},"fnMap":{"0":{"name":"ProductsScreen","decl":{"start":{"line":45,"column":24},"end":{"line":45,"column":38}},"loc":{"start":{"line":45,"column":41},"end":{"line":615,"column":1}},"line":45},"1":{"name":"(anonymous_1)","decl":{"start":{"line":68,"column":25},"end":{"line":68,"column":26}},"loc":{"start":{"line":68,"column":37},"end":{"line":81,"column":3}},"line":68},"2":{"name":"(anonymous_2)","decl":{"start":{"line":84,"column":27},"end":{"line":84,"column":28}},"loc":{"start":{"line":84,"column":39},"end":{"line":94,"column":3}},"line":84},"3":{"name":"(anonymous_3)","decl":{"start":{"line":89,"column":34},"end":{"line":89,"column":35}},"loc":{"start":{"line":89,"column":52},"end":{"line":89,"column":53}},"line":89},"4":{"name":"(anonymous_4)","decl":{"start":{"line":97,"column":29},"end":{"line":97,"column":30}},"loc":{"start":{"line":97,"column":41},"end":{"line":107,"column":3}},"line":97},"5":{"name":"(anonymous_5)","decl":{"start":{"line":110,"column":20},"end":{"line":110,"column":21}},"loc":{"start":{"line":110,"column":32},"end":{"line":131,"column":3}},"line":110},"6":{"name":"(anonymous_6)","decl":{"start":{"line":134,"column":27},"end":{"line":134,"column":28}},"loc":{"start":{"line":134,"column":39},"end":{"line":155,"column":3}},"line":134},"7":{"name":"(anonymous_7)","decl":{"start":{"line":158,"column":29},"end":{"line":158,"column":30}},"loc":{"start":{"line":158,"column":41},"end":{"line":190,"column":3}},"line":158},"8":{"name":"(anonymous_8)","decl":{"start":{"line":174,"column":23},"end":{"line":174,"column":24}},"loc":{"start":{"line":174,"column":29},"end":{"line":180,"column":15}},"line":174},"9":{"name":"(anonymous_9)","decl":{"start":{"line":193,"column":24},"end":{"line":193,"column":25}},"loc":{"start":{"line":193,"column":36},"end":{"line":244,"column":3}},"line":193},"10":{"name":"(anonymous_10)","decl":{"start":{"line":247,"column":25},"end":{"line":247,"column":26}},"loc":{"start":{"line":247,"column":65},"end":{"line":281,"column":3}},"line":247},"11":{"name":"(anonymous_11)","decl":{"start":{"line":284,"column":24},"end":{"line":284,"column":25}},"loc":{"start":{"line":284,"column":50},"end":{"line":307,"column":3}},"line":284},"12":{"name":"(anonymous_12)","decl":{"start":{"line":309,"column":12},"end":{"line":309,"column":13}},"loc":{"start":{"line":309,"column":18},"end":{"line":313,"column":3}},"line":309},"13":{"name":"(anonymous_13)","decl":{"start":{"line":316,"column":22},"end":{"line":316,"column":23}},"loc":{"start":{"line":316,"column":28},"end":{"line":318,"column":5}},"line":316},"14":{"name":"(anonymous_14)","decl":{"start":{"line":321,"column":24},"end":{"line":321,"column":25}},"loc":{"start":{"line":322,"column":4},"end":{"line":382,"column":11}},"line":322},"15":{"name":"(anonymous_15)","decl":{"start":{"line":368,"column":19},"end":{"line":368,"column":20}},"loc":{"start":{"line":368,"column":25},"end":{"line":368,"column":51}},"line":368},"16":{"name":"(anonymous_16)","decl":{"start":{"line":376,"column":19},"end":{"line":376,"column":20}},"loc":{"start":{"line":376,"column":25},"end":{"line":376,"column":63}},"line":376},"17":{"name":"(anonymous_17)","decl":{"start":{"line":391,"column":19},"end":{"line":391,"column":20}},"loc":{"start":{"line":391,"column":25},"end":{"line":391,"column":46}},"line":391},"18":{"name":"(anonymous_18)","decl":{"start":{"line":411,"column":24},"end":{"line":411,"column":25}},"loc":{"start":{"line":411,"column":34},"end":{"line":411,"column":56}},"line":411},"19":{"name":"(anonymous_19)","decl":{"start":{"line":421,"column":24},"end":{"line":421,"column":25}},"loc":{"start":{"line":421,"column":30},"end":{"line":421,"column":52}},"line":421},"20":{"name":"(anonymous_20)","decl":{"start":{"line":453,"column":30},"end":{"line":453,"column":31}},"loc":{"start":{"line":453,"column":40},"end":{"line":453,"column":86}},"line":453},"21":{"name":"(anonymous_21)","decl":{"start":{"line":461,"column":30},"end":{"line":461,"column":31}},"loc":{"start":{"line":461,"column":40},"end":{"line":461,"column":91}},"line":461},"22":{"name":"(anonymous_22)","decl":{"start":{"line":473,"column":32},"end":{"line":473,"column":33}},"loc":{"start":{"line":474,"column":20},"end":{"line":474,"column":75}},"line":474},"23":{"name":"(anonymous_23)","decl":{"start":{"line":491,"column":34},"end":{"line":491,"column":35}},"loc":{"start":{"line":492,"column":20},"end":{"line":511,"column":39}},"line":492},"24":{"name":"(anonymous_24)","decl":{"start":{"line":498,"column":31},"end":{"line":498,"column":32}},"loc":{"start":{"line":499,"column":24},"end":{"line":499,"column":84}},"line":499},"25":{"name":"(anonymous_25)","decl":{"start":{"line":520,"column":36},"end":{"line":520,"column":37}},"loc":{"start":{"line":521,"column":20},"end":{"line":540,"column":39}},"line":521},"26":{"name":"(anonymous_26)","decl":{"start":{"line":527,"column":31},"end":{"line":527,"column":32}},"loc":{"start":{"line":528,"column":24},"end":{"line":528,"column":86}},"line":528},"27":{"name":"(anonymous_27)","decl":{"start":{"line":550,"column":32},"end":{"line":550,"column":33}},"loc":{"start":{"line":551,"column":20},"end":{"line":551,"column":73}},"line":551},"28":{"name":"(anonymous_28)","decl":{"start":{"line":560,"column":32},"end":{"line":560,"column":33}},"loc":{"start":{"line":561,"column":20},"end":{"line":561,"column":73}},"line":561},"29":{"name":"(anonymous_29)","decl":{"start":{"line":572,"column":30},"end":{"line":572,"column":31}},"loc":{"start":{"line":573,"column":18},"end":{"line":573,"column":74}},"line":573},"30":{"name":"(anonymous_30)","decl":{"start":{"line":583,"column":25},"end":{"line":583,"column":26}},"loc":{"start":{"line":583,"column":31},"end":{"line":598,"column":17}},"line":583}},"branchMap":{"0":{"loc":{"start":{"line":72,"column":6},"end":{"line":75,"column":7}},"type":"if","locations":[{"start":{"line":72,"column":6},"end":{"line":75,"column":7}},{"start":{},"end":{}}],"line":72},"1":{"loc":{"start":{"line":87,"column":6},"end":{"line":90,"column":7}},"type":"if","locations":[{"start":{"line":87,"column":6},"end":{"line":90,"column":7}},{"start":{},"end":{}}],"line":87},"2":{"loc":{"start":{"line":100,"column":6},"end":{"line":103,"column":7}},"type":"if","locations":[{"start":{"line":100,"column":6},"end":{"line":103,"column":7}},{"start":{},"end":{}}],"line":100},"3":{"loc":{"start":{"line":113,"column":6},"end":{"line":116,"column":7}},"type":"if","locations":[{"start":{"line":113,"column":6},"end":{"line":116,"column":7}},{"start":{},"end":{}}],"line":113},"4":{"loc":{"start":{"line":125,"column":6},"end":{"line":127,"column":7}},"type":"if","locations":[{"start":{"line":125,"column":6},"end":{"line":127,"column":7}},{"start":{},"end":{}}],"line":125},"5":{"loc":{"start":{"line":125,"column":10},"end":{"line":125,"column":46}},"type":"binary-expr","locations":[{"start":{"line":125,"column":10},"end":{"line":125,"column":26}},{"start":{"line":125,"column":30},"end":{"line":125,"column":46}}],"line":125},"6":{"loc":{"start":{"line":137,"column":6},"end":{"line":140,"column":7}},"type":"if","locations":[{"start":{"line":137,"column":6},"end":{"line":140,"column":7}},{"start":{},"end":{}}],"line":137},"7":{"loc":{"start":{"line":149,"column":6},"end":{"line":151,"column":7}},"type":"if","locations":[{"start":{"line":149,"column":6},"end":{"line":151,"column":7}},{"start":{},"end":{}}],"line":149},"8":{"loc":{"start":{"line":149,"column":10},"end":{"line":149,"column":46}},"type":"binary-expr","locations":[{"start":{"line":149,"column":10},"end":{"line":149,"column":26}},{"start":{"line":149,"column":30},"end":{"line":149,"column":46}}],"line":149},"9":{"loc":{"start":{"line":159,"column":4},"end":{"line":162,"column":5}},"type":"if","locations":[{"start":{"line":159,"column":4},"end":{"line":162,"column":5}},{"start":{},"end":{}}],"line":159},"10":{"loc":{"start":{"line":166,"column":6},"end":{"line":186,"column":7}},"type":"if","locations":[{"start":{"line":166,"column":6},"end":{"line":186,"column":7}},{"start":{"line":184,"column":13},"end":{"line":186,"column":7}}],"line":166},"11":{"loc":{"start":{"line":166,"column":10},"end":{"line":166,"column":41}},"type":"binary-expr","locations":[{"start":{"line":166,"column":10},"end":{"line":166,"column":17}},{"start":{"line":166,"column":21},"end":{"line":166,"column":41}}],"line":166},"12":{"loc":{"start":{"line":169,"column":38},"end":{"line":169,"column":58}},"type":"binary-expr","locations":[{"start":{"line":169,"column":38},"end":{"line":169,"column":52}},{"start":{"line":169,"column":56},"end":{"line":169,"column":58}}],"line":169},"13":{"loc":{"start":{"line":177,"column":24},"end":{"line":177,"column":50}},"type":"binary-expr","locations":[{"start":{"line":177,"column":24},"end":{"line":177,"column":44}},{"start":{"line":177,"column":48},"end":{"line":177,"column":50}}],"line":177},"14":{"loc":{"start":{"line":178,"column":29},"end":{"line":178,"column":53}},"type":"binary-expr","locations":[{"start":{"line":178,"column":29},"end":{"line":178,"column":47}},{"start":{"line":178,"column":51},"end":{"line":178,"column":53}}],"line":178},"15":{"loc":{"start":{"line":194,"column":4},"end":{"line":197,"column":5}},"type":"if","locations":[{"start":{"line":194,"column":4},"end":{"line":197,"column":5}},{"start":{},"end":{}}],"line":194},"16":{"loc":{"start":{"line":201,"column":18},"end":{"line":203,"column":31}},"type":"cond-expr","locations":[{"start":{"line":202,"column":10},"end":{"line":202,"column":50}},{"start":{"line":203,"column":10},"end":{"line":203,"column":31}}],"line":201},"17":{"loc":{"start":{"line":204,"column":21},"end":{"line":204,"column":48}},"type":"cond-expr","locations":[{"start":{"line":204,"column":34},"end":{"line":204,"column":39}},{"start":{"line":204,"column":42},"end":{"line":204,"column":48}}],"line":204},"18":{"loc":{"start":{"line":208,"column":22},"end":{"line":208,"column":54}},"type":"binary-expr","locations":[{"start":{"line":208,"column":22},"end":{"line":208,"column":46}},{"start":{"line":208,"column":50},"end":{"line":208,"column":54}}],"line":208},"19":{"loc":{"start":{"line":209,"column":23},"end":{"line":209,"column":56}},"type":"binary-expr","locations":[{"start":{"line":209,"column":23},"end":{"line":209,"column":48}},{"start":{"line":209,"column":52},"end":{"line":209,"column":56}}],"line":209},"20":{"loc":{"start":{"line":210,"column":21},"end":{"line":210,"column":61}},"type":"binary-expr","locations":[{"start":{"line":210,"column":21},"end":{"line":210,"column":56}},{"start":{"line":210,"column":60},"end":{"line":210,"column":61}}],"line":210},"21":{"loc":{"start":{"line":211,"column":21},"end":{"line":211,"column":61}},"type":"binary-expr","locations":[{"start":{"line":211,"column":21},"end":{"line":211,"column":56}},{"start":{"line":211,"column":60},"end":{"line":211,"column":61}}],"line":211},"22":{"loc":{"start":{"line":212,"column":24},"end":{"line":212,"column":65}},"type":"binary-expr","locations":[{"start":{"line":212,"column":24},"end":{"line":212,"column":60}},{"start":{"line":212,"column":64},"end":{"line":212,"column":65}}],"line":212},"23":{"loc":{"start":{"line":221,"column":6},"end":{"line":240,"column":7}},"type":"if","locations":[{"start":{"line":221,"column":6},"end":{"line":240,"column":7}},{"start":{"line":238,"column":13},"end":{"line":240,"column":7}}],"line":221},"24":{"loc":{"start":{"line":222,"column":31},"end":{"line":222,"column":85}},"type":"cond-expr","locations":[{"start":{"line":222,"column":44},"end":{"line":222,"column":65}},{"start":{"line":222,"column":68},"end":{"line":222,"column":85}}],"line":222},"25":{"loc":{"start":{"line":270,"column":6},"end":{"line":275,"column":7}},"type":"if","locations":[{"start":{"line":270,"column":6},"end":{"line":275,"column":7}},{"start":{"line":273,"column":13},"end":{"line":275,"column":7}}],"line":270},"26":{"loc":{"start":{"line":274,"column":81},"end":{"line":274,"column":122}},"type":"binary-expr","locations":[{"start":{"line":274,"column":81},"end":{"line":274,"column":99}},{"start":{"line":274,"column":103},"end":{"line":274,"column":122}}],"line":274},"27":{"loc":{"start":{"line":279,"column":46},"end":{"line":279,"column":106}},"type":"cond-expr","locations":[{"start":{"line":279,"column":71},"end":{"line":279,"column":84}},{"start":{"line":279,"column":87},"end":{"line":279,"column":106}}],"line":279},"28":{"loc":{"start":{"line":287,"column":6},"end":{"line":303,"column":7}},"type":"if","locations":[{"start":{"line":287,"column":6},"end":{"line":303,"column":7}},{"start":{},"end":{}}],"line":287},"29":{"loc":{"start":{"line":291,"column":21},"end":{"line":291,"column":44}},"type":"binary-expr","locations":[{"start":{"line":291,"column":21},"end":{"line":291,"column":38}},{"start":{"line":291,"column":42},"end":{"line":291,"column":44}}],"line":291},"30":{"loc":{"start":{"line":292,"column":24},"end":{"line":292,"column":49}},"type":"binary-expr","locations":[{"start":{"line":292,"column":24},"end":{"line":292,"column":44}},{"start":{"line":292,"column":48},"end":{"line":292,"column":49}}],"line":292},"31":{"loc":{"start":{"line":293,"column":25},"end":{"line":293,"column":51}},"type":"binary-expr","locations":[{"start":{"line":293,"column":25},"end":{"line":293,"column":46}},{"start":{"line":293,"column":50},"end":{"line":293,"column":51}}],"line":293},"32":{"loc":{"start":{"line":294,"column":16},"end":{"line":294,"column":34}},"type":"binary-expr","locations":[{"start":{"line":294,"column":16},"end":{"line":294,"column":28}},{"start":{"line":294,"column":32},"end":{"line":294,"column":34}}],"line":294},"33":{"loc":{"start":{"line":295,"column":25},"end":{"line":295,"column":52}},"type":"binary-expr","locations":[{"start":{"line":295,"column":25},"end":{"line":295,"column":46}},{"start":{"line":295,"column":50},"end":{"line":295,"column":52}}],"line":295},"34":{"loc":{"start":{"line":296,"column":23},"end":{"line":296,"column":61}},"type":"binary-expr","locations":[{"start":{"line":296,"column":23},"end":{"line":296,"column":54}},{"start":{"line":296,"column":58},"end":{"line":296,"column":61}}],"line":296},"35":{"loc":{"start":{"line":297,"column":23},"end":{"line":297,"column":61}},"type":"binary-expr","locations":[{"start":{"line":297,"column":23},"end":{"line":297,"column":54}},{"start":{"line":297,"column":58},"end":{"line":297,"column":61}}],"line":297},"36":{"loc":{"start":{"line":298,"column":26},"end":{"line":298,"column":67}},"type":"binary-expr","locations":[{"start":{"line":298,"column":26},"end":{"line":298,"column":60}},{"start":{"line":298,"column":64},"end":{"line":298,"column":67}}],"line":298},"37":{"loc":{"start":{"line":322,"column":31},"end":{"line":322,"column":64}},"type":"binary-expr","locations":[{"start":{"line":322,"column":31},"end":{"line":322,"column":42}},{"start":{"line":322,"column":46},"end":{"line":322,"column":64}}],"line":322},"38":{"loc":{"start":{"line":324,"column":9},"end":{"line":330,"column":9}},"type":"cond-expr","locations":[{"start":{"line":325,"column":10},"end":{"line":325,"column":74}},{"start":{"line":327,"column":10},"end":{"line":329,"column":17}}],"line":324},"39":{"loc":{"start":{"line":333,"column":44},"end":{"line":333,"column":78}},"type":"binary-expr","locations":[{"start":{"line":333,"column":44},"end":{"line":333,"column":55}},{"start":{"line":333,"column":59},"end":{"line":333,"column":78}}],"line":333},"40":{"loc":{"start":{"line":336,"column":11},"end":{"line":340,"column":11}},"type":"binary-expr","locations":[{"start":{"line":336,"column":11},"end":{"line":336,"column":25}},{"start":{"line":337,"column":12},"end":{"line":339,"column":19}}],"line":336},"41":{"loc":{"start":{"line":337,"column":51},"end":{"line":337,"column":85}},"type":"binary-expr","locations":[{"start":{"line":337,"column":51},"end":{"line":337,"column":62}},{"start":{"line":337,"column":66},"end":{"line":337,"column":85}}],"line":337},"42":{"loc":{"start":{"line":341,"column":11},"end":{"line":343,"column":11}},"type":"binary-expr","locations":[{"start":{"line":341,"column":11},"end":{"line":341,"column":25}},{"start":{"line":342,"column":12},"end":{"line":342,"column":81}}],"line":341},"43":{"loc":{"start":{"line":344,"column":11},"end":{"line":346,"column":11}},"type":"binary-expr","locations":[{"start":{"line":344,"column":11},"end":{"line":344,"column":26}},{"start":{"line":345,"column":12},"end":{"line":345,"column":83}}],"line":344},"44":{"loc":{"start":{"line":349,"column":13},"end":{"line":351,"column":13}},"type":"binary-expr","locations":[{"start":{"line":349,"column":13},"end":{"line":349,"column":31}},{"start":{"line":350,"column":14},"end":{"line":350,"column":78}}],"line":349},"45":{"loc":{"start":{"line":358,"column":31},"end":{"line":358,"column":65}},"type":"cond-expr","locations":[{"start":{"line":358,"column":44},"end":{"line":358,"column":53}},{"start":{"line":358,"column":56},"end":{"line":358,"column":65}}],"line":358},"46":{"loc":{"start":{"line":361,"column":43},"end":{"line":361,"column":75}},"type":"cond-expr","locations":[{"start":{"line":361,"column":56},"end":{"line":361,"column":63}},{"start":{"line":361,"column":66},"end":{"line":361,"column":75}}],"line":361},"47":{"loc":{"start":{"line":398,"column":7},"end":{"line":414,"column":7}},"type":"cond-expr","locations":[{"start":{"line":399,"column":8},"end":{"line":401,"column":15}},{"start":{"line":402,"column":10},"end":{"line":414,"column":7}}],"line":398},"48":{"loc":{"start":{"line":402,"column":10},"end":{"line":414,"column":7}},"type":"cond-expr","locations":[{"start":{"line":403,"column":8},"end":{"line":406,"column":15}},{"start":{"line":408,"column":8},"end":{"line":413,"column":10}}],"line":402},"49":{"loc":{"start":{"line":426,"column":15},"end":{"line":426,"column":66}},"type":"cond-expr","locations":[{"start":{"line":426,"column":33},"end":{"line":426,"column":49}},{"start":{"line":426,"column":52},"end":{"line":426,"column":66}}],"line":426},"50":{"loc":{"start":{"line":432,"column":17},"end":{"line":438,"column":17}},"type":"cond-expr","locations":[{"start":{"line":433,"column":18},"end":{"line":433,"column":89}},{"start":{"line":435,"column":18},"end":{"line":437,"column":25}}],"line":432},"51":{"loc":{"start":{"line":496,"column":24},"end":{"line":496,"column":92}},"type":"binary-expr","locations":[{"start":{"line":496,"column":24},"end":{"line":496,"column":63}},{"start":{"line":496,"column":67},"end":{"line":496,"column":92}}],"line":496},"52":{"loc":{"start":{"line":505,"column":26},"end":{"line":506,"column":57}},"type":"binary-expr","locations":[{"start":{"line":505,"column":26},"end":{"line":505,"column":65}},{"start":{"line":506,"column":28},"end":{"line":506,"column":57}}],"line":505},"53":{"loc":{"start":{"line":525,"column":24},"end":{"line":525,"column":94}},"type":"binary-expr","locations":[{"start":{"line":525,"column":24},"end":{"line":525,"column":65}},{"start":{"line":525,"column":69},"end":{"line":525,"column":94}}],"line":525},"54":{"loc":{"start":{"line":534,"column":26},"end":{"line":535,"column":57}},"type":"binary-expr","locations":[{"start":{"line":534,"column":26},"end":{"line":534,"column":67}},{"start":{"line":535,"column":28},"end":{"line":535,"column":57}}],"line":534}},"s":{"0":0,"1":0,"2":0,"3":0,"4":0,"5":0,"6":0,"7":0,"8":0,"9":0,"10":0,"11":0,"12":0,"13":0,"14":0,"15":0,"16":0,"17":0,"18":0,"19":0,"20":0,"21":0,"22":0,"23":0,"24":0,"25":0,"26":0,"27":0,"28":0,"29":0,"30":0,"31":0,"32":0,"33":0,"34":0,"35":0,"36":0,"37":0,"38":0,"39":0,"40":0,"41":0,"42":0,"43":0,"44":0,"45":0,"46":0,"47":0,"48":0,"49":0,"50":0,"51":0,"52":0,"53":0,"54":0,"55":0,"56":0,"57":0,"58":0,"59":0,"60":0,"61":0,"62":0,"63":0,"64":0,"65":0,"66":0,"67":0,"68":0,"69":0,"70":0,"71":0,"72":0,"73":0,"74":0,"75":0,"76":0,"77":0,"78":0,"79":0,"80":0,"81":0,"82":0,"83":0,"84":0,"85":0,"86":0,"87":0,"88":0,"89":0,"90":0,"91":0,"92":0,"93":0,"94":0,"95":0,"96":0,"97":0,"98":0,"99":0,"100":0,"101":0,"102":0,"103":0,"104":0,"105":0,"106":0,"107":0,"108":0,"109":0,"110":0,"111":0,"112":0,"113":0,"114":0,"115":0,"116":0,"117":0,"118":0,"119":0,"120":0,"121":0,"122":0,"123":0,"124":0,"125":0,"126":0,"127":0,"128":0,"129":0,"130":0,"131":0,"132":0,"133":0,"134":0,"135":0,"136":0},"f":{"0":0,"1":0,"2":0,"3":0,"4":0,"5":0,"6":0,"7":0,"8":0,"9":0,"10":0,"11":0,"12":0,"13":0,"14":0,"15":0,"16":0,"17":0,"18":0,"19":0,"20":0,"21":0,"22":0,"23":0,"24":0,"25":0,"26":0,"27":0,"28":0,"29":0,"30":0},"b":{"0":[0,0],"1":[0,0],"2":[0,0],"3":[0,0],"4":[0,0],"5":[0,0],"6":[0,0],"7":[0,0],"8":[0,0],"9":[0,0],"10":[0,0],"11":[0,0],"12":[0,0],"13":[0,0],"14":[0,0],"15":[0,0],"16":[0,0],"17":[0,0],"18":[0,0],"19":[0,0],"20":[0,0],"21":[0,0],"22":[0,0],"23":[0,0],"24":[0,0],"25":[0,0],"26":[0,0],"27":[0,0],"28":[0,0],"29":[0,0],"30":[0,0],"31":[0,0],"32":[0,0],"33":[0,0],"34":[0,0],"35":[0,0],"36":[0,0],"37":[0,0],"38":[0,0],"39":[0,0],"40":[0,0],"41":[0,0],"42":[0,0],"43":[0,0],"44":[0,0],"45":[0,0],"46":[0,0],"47":[0,0],"48":[0,0],"49":[0,0],"50":[0,0],"51":[0,0],"52":[0,0],"53":[0,0],"54":[0,0]}}
,"C:\\Users\\Devyd Silva\\Documents\\GitHub\\-Alunos_SENAI\\Alunos_SENAI\\app\\(tabs)\\stock.tsx": {"path":"C:\\Users\\Devyd Silva\\Documents\\GitHub\\-Alunos_SENAI\\Alunos_SENAI\\app\\(tabs)\\stock.tsx","statementMap":{"0":{"start":{"line":32,"column":34},"end":{"line":32,"column":57}},"1":{"start":{"line":33,"column":32},"end":{"line":33,"column":46}},"2":{"start":{"line":34,"column":42},"end":{"line":34,"column":57}},"3":{"start":{"line":35,"column":48},"end":{"line":35,"column":77}},"4":{"start":{"line":36,"column":38},"end":{"line":36,"column":50}},"5":{"start":{"line":37,"column":40},"end":{"line":37,"column":52}},"6":{"start":{"line":38,"column":40},"end":{"line":38,"column":55}},"7":{"start":{"line":39,"column":50},"end":{"line":39,"column":90}},"8":{"start":{"line":40,"column":42},"end":{"line":40,"column":53}},"9":{"start":{"line":42,"column":18},"end":{"line":42,"column":41}},"10":{"start":{"line":45,"column":24},"end":{"line":58,"column":3}},"11":{"start":{"line":46,"column":4},"end":{"line":57,"column":5}},"12":{"start":{"line":47,"column":6},"end":{"line":47,"column":23}},"13":{"start":{"line":48,"column":23},"end":{"line":48,"column":56}},"14":{"start":{"line":49,"column":6},"end":{"line":52,"column":7}},"15":{"start":{"line":50,"column":21},"end":{"line":50,"column":42}},"16":{"start":{"line":51,"column":8},"end":{"line":51,"column":26}},"17":{"start":{"line":54,"column":6},"end":{"line":54,"column":54}},"18":{"start":{"line":56,"column":6},"end":{"line":56,"column":24}},"19":{"start":{"line":61,"column":32},"end":{"line":88,"column":3}},"20":{"start":{"line":66,"column":4},"end":{"line":87,"column":5}},"21":{"start":{"line":67,"column":23},"end":{"line":77,"column":8}},"22":{"start":{"line":79,"column":6},"end":{"line":84,"column":7}},"23":{"start":{"line":80,"column":8},"end":{"line":80,"column":90}},"24":{"start":{"line":81,"column":8},"end":{"line":81,"column":24}},"25":{"start":{"line":83,"column":8},"end":{"line":83,"column":71}},"26":{"start":{"line":86,"column":6},"end":{"line":86,"column":60}},"27":{"start":{"line":91,"column":28},"end":{"line":97,"column":3}},"28":{"start":{"line":92,"column":4},"end":{"line":92,"column":40}},"29":{"start":{"line":93,"column":4},"end":{"line":93,"column":43}},"30":{"start":{"line":94,"column":4},"end":{"line":94,"column":35}},"31":{"start":{"line":95,"column":4},"end":{"line":95,"column":22}},"32":{"start":{"line":96,"column":4},"end":{"line":96,"column":26}},"33":{"start":{"line":100,"column":26},"end":{"line":110,"column":3}},"34":{"start":{"line":101,"column":4},"end":{"line":104,"column":5}},"35":{"start":{"line":102,"column":6},"end":{"line":102,"column":45}},"36":{"start":{"line":103,"column":6},"end":{"line":103,"column":13}},"37":{"start":{"line":105,"column":4},"end":{"line":105,"column":40}},"38":{"start":{"line":106,"column":4},"end":{"line":106,"column":43}},"39":{"start":{"line":107,"column":4},"end":{"line":107,"column":33}},"40":{"start":{"line":108,"column":4},"end":{"line":108,"column":22}},"41":{"start":{"line":109,"column":4},"end":{"line":109,"column":26}},"42":{"start":{"line":113,"column":32},"end":{"line":131,"column":3}},"43":{"start":{"line":114,"column":16},"end":{"line":114,"column":36}},"44":{"start":{"line":115,"column":4},"end":{"line":118,"column":5}},"45":{"start":{"line":116,"column":6},"end":{"line":116,"column":58}},"46":{"start":{"line":117,"column":6},"end":{"line":117,"column":13}},"47":{"start":{"line":121,"column":4},"end":{"line":124,"column":5}},"48":{"start":{"line":122,"column":6},"end":{"line":122,"column":84}},"49":{"start":{"line":123,"column":6},"end":{"line":123,"column":13}},"50":{"start":{"line":126,"column":4},"end":{"line":130,"column":5}},"51":{"start":{"line":127,"column":6},"end":{"line":127,"column":68}},"52":{"start":{"line":128,"column":6},"end":{"line":128,"column":29}},"53":{"start":{"line":129,"column":6},"end":{"line":129,"column":24}},"54":{"start":{"line":133,"column":2},"end":{"line":135,"column":9}},"55":{"start":{"line":134,"column":4},"end":{"line":134,"column":20}},"56":{"start":{"line":137,"column":2},"end":{"line":141,"column":4}},"57":{"start":{"line":139,"column":6},"end":{"line":139,"column":22}},"58":{"start":{"line":143,"column":24},"end":{"line":202,"column":3}},"59":{"start":{"line":144,"column":25},"end":{"line":144,"column":77}},"60":{"start":{"line":146,"column":4},"end":{"line":201,"column":6}},"61":{"start":{"line":185,"column":27},"end":{"line":185,"column":50}},"62":{"start":{"line":193,"column":27},"end":{"line":193,"column":48}},"63":{"start":{"line":205,"column":23},"end":{"line":207,"column":3}},"64":{"start":{"line":206,"column":11},"end":{"line":206,"column":57}},"65":{"start":{"line":209,"column":2},"end":{"line":320,"column":4}},"66":{"start":{"line":215,"column":25},"end":{"line":215,"column":53}},"67":{"start":{"line":244,"column":41},"end":{"line":244,"column":65}},"68":{"start":{"line":264,"column":34},"end":{"line":264,"column":60}},"69":{"start":{"line":274,"column":30},"end":{"line":274,"column":52}},"70":{"start":{"line":302,"column":18},"end":{"line":302,"column":41}},"71":{"start":{"line":303,"column":18},"end":{"line":303,"column":36}},"72":{"start":{"line":323,"column":15},"end":{"line":596,"column":2}}},"fnMap":{"0":{"name":"StockScreen","decl":{"start":{"line":31,"column":24},"end":{"line":31,"column":35}},"loc":{"start":{"line":31,"column":38},"end":{"line":321,"column":1}},"line":31},"1":{"name":"(anonymous_1)","decl":{"start":{"line":45,"column":24},"end":{"line":45,"column":25}},"loc":{"start":{"line":45,"column":36},"end":{"line":58,"column":3}},"line":45},"2":{"name":"(anonymous_2)","decl":{"start":{"line":61,"column":32},"end":{"line":61,"column":33}},"loc":{"start":{"line":65,"column":7},"end":{"line":88,"column":3}},"line":65},"3":{"name":"(anonymous_3)","decl":{"start":{"line":91,"column":28},"end":{"line":91,"column":29}},"loc":{"start":{"line":91,"column":47},"end":{"line":97,"column":3}},"line":91},"4":{"name":"(anonymous_4)","decl":{"start":{"line":100,"column":26},"end":{"line":100,"column":27}},"loc":{"start":{"line":100,"column":45},"end":{"line":110,"column":3}},"line":100},"5":{"name":"(anonymous_5)","decl":{"start":{"line":113,"column":32},"end":{"line":113,"column":33}},"loc":{"start":{"line":113,"column":38},"end":{"line":131,"column":3}},"line":113},"6":{"name":"(anonymous_6)","decl":{"start":{"line":133,"column":12},"end":{"line":133,"column":13}},"loc":{"start":{"line":133,"column":18},"end":{"line":135,"column":3}},"line":133},"7":{"name":"(anonymous_7)","decl":{"start":{"line":138,"column":22},"end":{"line":138,"column":23}},"loc":{"start":{"line":138,"column":28},"end":{"line":140,"column":5}},"line":138},"8":{"name":"(anonymous_8)","decl":{"start":{"line":143,"column":24},"end":{"line":143,"column":25}},"loc":{"start":{"line":143,"column":57},"end":{"line":202,"column":3}},"line":143},"9":{"name":"(anonymous_9)","decl":{"start":{"line":185,"column":21},"end":{"line":185,"column":22}},"loc":{"start":{"line":185,"column":27},"end":{"line":185,"column":50}},"line":185},"10":{"name":"(anonymous_10)","decl":{"start":{"line":193,"column":21},"end":{"line":193,"column":22}},"loc":{"start":{"line":193,"column":27},"end":{"line":193,"column":48}},"line":193},"11":{"name":"(anonymous_11)","decl":{"start":{"line":206,"column":4},"end":{"line":206,"column":5}},"loc":{"start":{"line":206,"column":11},"end":{"line":206,"column":57}},"line":206},"12":{"name":"(anonymous_12)","decl":{"start":{"line":215,"column":19},"end":{"line":215,"column":20}},"loc":{"start":{"line":215,"column":25},"end":{"line":215,"column":53}},"line":215},"13":{"name":"(anonymous_13)","decl":{"start":{"line":244,"column":29},"end":{"line":244,"column":30}},"loc":{"start":{"line":244,"column":41},"end":{"line":244,"column":65}},"line":244},"14":{"name":"(anonymous_14)","decl":{"start":{"line":264,"column":24},"end":{"line":264,"column":25}},"loc":{"start":{"line":264,"column":34},"end":{"line":264,"column":60}},"line":264},"15":{"name":"(anonymous_15)","decl":{"start":{"line":274,"column":24},"end":{"line":274,"column":25}},"loc":{"start":{"line":274,"column":30},"end":{"line":274,"column":52}},"line":274},"16":{"name":"(anonymous_16)","decl":{"start":{"line":301,"column":25},"end":{"line":301,"column":26}},"loc":{"start":{"line":301,"column":31},"end":{"line":304,"column":17}},"line":301}},"branchMap":{"0":{"loc":{"start":{"line":49,"column":6},"end":{"line":52,"column":7}},"type":"if","locations":[{"start":{"line":49,"column":6},"end":{"line":52,"column":7}},{"start":{},"end":{}}],"line":49},"1":{"loc":{"start":{"line":75,"column":22},"end":{"line":75,"column":76}},"type":"cond-expr","locations":[{"start":{"line":75,"column":43},"end":{"line":75,"column":59}},{"start":{"line":75,"column":62},"end":{"line":75,"column":76}}],"line":75},"2":{"loc":{"start":{"line":79,"column":6},"end":{"line":84,"column":7}},"type":"if","locations":[{"start":{"line":79,"column":6},"end":{"line":84,"column":7}},{"start":{"line":82,"column":13},"end":{"line":84,"column":7}}],"line":79},"3":{"loc":{"start":{"line":80,"column":34},"end":{"line":80,"column":74}},"type":"cond-expr","locations":[{"start":{"line":80,"column":55},"end":{"line":80,"column":64}},{"start":{"line":80,"column":67},"end":{"line":80,"column":74}}],"line":80},"4":{"loc":{"start":{"line":101,"column":4},"end":{"line":104,"column":5}},"type":"if","locations":[{"start":{"line":101,"column":4},"end":{"line":104,"column":5}},{"start":{},"end":{}}],"line":101},"5":{"loc":{"start":{"line":115,"column":4},"end":{"line":118,"column":5}},"type":"if","locations":[{"start":{"line":115,"column":4},"end":{"line":118,"column":5}},{"start":{},"end":{}}],"line":115},"6":{"loc":{"start":{"line":115,"column":8},"end":{"line":115,"column":24}},"type":"binary-expr","locations":[{"start":{"line":115,"column":8},"end":{"line":115,"column":12}},{"start":{"line":115,"column":16},"end":{"line":115,"column":24}}],"line":115},"7":{"loc":{"start":{"line":121,"column":4},"end":{"line":124,"column":5}},"type":"if","locations":[{"start":{"line":121,"column":4},"end":{"line":124,"column":5}},{"start":{},"end":{}}],"line":121},"8":{"loc":{"start":{"line":121,"column":8},"end":{"line":121,"column":58}},"type":"binary-expr","locations":[{"start":{"line":121,"column":8},"end":{"line":121,"column":36}},{"start":{"line":121,"column":40},"end":{"line":121,"column":58}}],"line":121},"9":{"loc":{"start":{"line":126,"column":4},"end":{"line":130,"column":5}},"type":"if","locations":[{"start":{"line":126,"column":4},"end":{"line":130,"column":5}},{"start":{},"end":{}}],"line":126},"10":{"loc":{"start":{"line":147,"column":33},"end":{"line":147,"column":66}},"type":"binary-expr","locations":[{"start":{"line":147,"column":33},"end":{"line":147,"column":45}},{"start":{"line":147,"column":49},"end":{"line":147,"column":66}}],"line":147},"11":{"loc":{"start":{"line":149,"column":11},"end":{"line":155,"column":11}},"type":"cond-expr","locations":[{"start":{"line":150,"column":12},"end":{"line":150,"column":84}},{"start":{"line":152,"column":12},"end":{"line":154,"column":19}}],"line":149},"12":{"loc":{"start":{"line":159,"column":13},"end":{"line":161,"column":13}},"type":"binary-expr","locations":[{"start":{"line":159,"column":13},"end":{"line":159,"column":29}},{"start":{"line":160,"column":14},"end":{"line":160,"column":75}}],"line":159},"13":{"loc":{"start":{"line":163,"column":47},"end":{"line":163,"column":85}},"type":"binary-expr","locations":[{"start":{"line":163,"column":47},"end":{"line":163,"column":59}},{"start":{"line":163,"column":63},"end":{"line":163,"column":85}}],"line":163},"14":{"loc":{"start":{"line":168,"column":13},"end":{"line":172,"column":13}},"type":"binary-expr","locations":[{"start":{"line":168,"column":13},"end":{"line":168,"column":33}},{"start":{"line":169,"column":14},"end":{"line":171,"column":21}}],"line":168},"15":{"loc":{"start":{"line":175,"column":11},"end":{"line":179,"column":11}},"type":"binary-expr","locations":[{"start":{"line":175,"column":11},"end":{"line":175,"column":23}},{"start":{"line":176,"column":12},"end":{"line":178,"column":19}}],"line":175},"16":{"loc":{"start":{"line":218,"column":18},"end":{"line":218,"column":59}},"type":"cond-expr","locations":[{"start":{"line":218,"column":32},"end":{"line":218,"column":40}},{"start":{"line":218,"column":43},"end":{"line":218,"column":59}}],"line":218},"17":{"loc":{"start":{"line":250,"column":7},"end":{"line":267,"column":7}},"type":"cond-expr","locations":[{"start":{"line":251,"column":8},"end":{"line":253,"column":15}},{"start":{"line":254,"column":10},"end":{"line":267,"column":7}}],"line":250},"18":{"loc":{"start":{"line":254,"column":10},"end":{"line":267,"column":7}},"type":"cond-expr","locations":[{"start":{"line":255,"column":8},"end":{"line":259,"column":15}},{"start":{"line":261,"column":8},"end":{"line":266,"column":10}}],"line":254},"19":{"loc":{"start":{"line":262,"column":16},"end":{"line":262,"column":53}},"type":"cond-expr","locations":[{"start":{"line":262,"column":30},"end":{"line":262,"column":42}},{"start":{"line":262,"column":45},"end":{"line":262,"column":53}}],"line":262},"20":{"loc":{"start":{"line":279,"column":15},"end":{"line":279,"column":95}},"type":"cond-expr","locations":[{"start":{"line":279,"column":48},"end":{"line":279,"column":71}},{"start":{"line":279,"column":74},"end":{"line":279,"column":95}}],"line":279},"21":{"loc":{"start":{"line":282,"column":13},"end":{"line":287,"column":13}},"type":"binary-expr","locations":[{"start":{"line":282,"column":13},"end":{"line":282,"column":41}},{"start":{"line":283,"column":14},"end":{"line":286,"column":21}}],"line":282}},"s":{"0":0,"1":0,"2":0,"3":0,"4":0,"5":0,"6":0,"7":0,"8":0,"9":0,"10":0,"11":0,"12":0,"13":0,"14":0,"15":0,"16":0,"17":0,"18":0,"19":0,"20":0,"21":0,"22":0,"23":0,"24":0,"25":0,"26":0,"27":0,"28":0,"29":0,"30":0,"31":0,"32":0,"33":0,"34":0,"35":0,"36":0,"37":0,"38":0,"39":0,"40":0,"41":0,"42":0,"43":0,"44":0,"45":0,"46":0,"47":0,"48":0,"49":0,"50":0,"51":0,"52":0,"53":0,"54":0,"55":0,"56":0,"57":0,"58":0,"59":0,"60":0,"61":0,"62":0,"63":0,"64":0,"65":0,"66":0,"67":0,"68":0,"69":0,"70":0,"71":0,"72":0},"f":{"0":0,"1":0,"2":0,"3":0,"4":0,"5":0,"6":0,"7":0,"8":0,"9":0,"10":0,"11":0,"12":0,"13":0,"14":0,"15":0,"16":0},"b":{"0":[0,0],"1":[0,0],"2":[0,0],"3":[0,0],"4":[0,0],"5":[0,0],"6":[0,0],"7":[0,0],"8":[0,0],"9":[0,0],"10":[0,0],"11":[0,0],"12":[0,0],"13":[0,0],"14":[0,0],"15":[0,0],"16":[0,0],"17":[0,0],"18":[0,0],"19":[0,0],"20":[0,0],"21":[0,0]}}
,"C:\\Users\\Devyd Silva\\Documents\\GitHub\\-Alunos_SENAI\\Alunos_SENAI\\app\\services\\codigoBarras.ts": {"path":"C:\\Users\\Devyd Silva\\Documents\\GitHub\\-Alunos_SENAI\\Alunos_SENAI\\app\\services\\codigoBarras.ts","statementMap":{"0":{"start":{"line":43,"column":2},"end":{"line":73,"column":3}},"1":{"start":{"line":44,"column":24},"end":{"line":44,"column":49}},"2":{"start":{"line":47,"column":21},"end":{"line":49,"column":5}},"3":{"start":{"line":51,"column":4},"end":{"line":53,"column":5}},"4":{"start":{"line":52,"column":6},"end":{"line":52,"column":18}},"5":{"start":{"line":55,"column":17},"end":{"line":55,"column":38}},"6":{"start":{"line":58,"column":4},"end":{"line":60,"column":5}},"7":{"start":{"line":59,"column":6},"end":{"line":59,"column":18}},"8":{"start":{"line":62,"column":4},"end":{"line":69,"column":6}},"9":{"start":{"line":71,"column":4},"end":{"line":71,"column":61}},"10":{"start":{"line":72,"column":4},"end":{"line":72,"column":16}},"11":{"start":{"line":90,"column":22},"end":{"line":90,"column":47}},"12":{"start":{"line":93,"column":24},"end":{"line":93,"column":64}},"13":{"start":{"line":95,"column":2},"end":{"line":97,"column":3}},"14":{"start":{"line":96,"column":4},"end":{"line":96,"column":17}},"15":{"start":{"line":100,"column":2},"end":{"line":113,"column":3}},"16":{"start":{"line":101,"column":20},"end":{"line":101,"column":53}},"17":{"start":{"line":102,"column":30},"end":{"line":102,"column":44}},"18":{"start":{"line":104,"column":15},"end":{"line":104,"column":16}},"19":{"start":{"line":105,"column":4},"end":{"line":107,"column":7}},"20":{"start":{"line":106,"column":6},"end":{"line":106,"column":49}},"21":{"start":{"line":109,"column":18},"end":{"line":109,"column":27}},"22":{"start":{"line":110,"column":28},"end":{"line":110,"column":56}},"23":{"start":{"line":112,"column":4},"end":{"line":112,"column":49}},"24":{"start":{"line":115,"column":2},"end":{"line":115,"column":14}},"25":{"start":{"line":129,"column":22},"end":{"line":129,"column":47}},"26":{"start":{"line":132,"column":2},"end":{"line":134,"column":3}},"27":{"start":{"line":133,"column":4},"end":{"line":133,"column":78}},"28":{"start":{"line":136,"column":2},"end":{"line":136,"column":21}}},"fnMap":{"0":{"name":"buscarProdutoPorCodigoBarras","decl":{"start":{"line":42,"column":22},"end":{"line":42,"column":50}},"loc":{"start":{"line":42,"column":104},"end":{"line":74,"column":1}},"line":42},"1":{"name":"validarCodigoBarras","decl":{"start":{"line":89,"column":16},"end":{"line":89,"column":35}},"loc":{"start":{"line":89,"column":61},"end":{"line":116,"column":1}},"line":89},"2":{"name":"(anonymous_2)","decl":{"start":{"line":105,"column":20},"end":{"line":105,"column":21}},"loc":{"start":{"line":105,"column":39},"end":{"line":107,"column":5}},"line":105},"3":{"name":"formatarCodigoBarras","decl":{"start":{"line":128,"column":16},"end":{"line":128,"column":36}},"loc":{"start":{"line":128,"column":61},"end":{"line":137,"column":1}},"line":128}},"branchMap":{"0":{"loc":{"start":{"line":51,"column":4},"end":{"line":53,"column":5}},"type":"if","locations":[{"start":{"line":51,"column":4},"end":{"line":53,"column":5}},{"start":{},"end":{}}],"line":51},"1":{"loc":{"start":{"line":58,"column":4},"end":{"line":60,"column":5}},"type":"if","locations":[{"start":{"line":58,"column":4},"end":{"line":60,"column":5}},{"start":{},"end":{}}],"line":58},"2":{"loc":{"start":{"line":64,"column":20},"end":{"line":64,"column":52}},"type":"binary-expr","locations":[{"start":{"line":64,"column":20},"end":{"line":64,"column":46}},{"start":{"line":64,"column":50},"end":{"line":64,"column":52}}],"line":64},"3":{"loc":{"start":{"line":65,"column":14},"end":{"line":65,"column":40}},"type":"binary-expr","locations":[{"start":{"line":65,"column":14},"end":{"line":65,"column":34}},{"start":{"line":65,"column":38},"end":{"line":65,"column":40}}],"line":65},"4":{"loc":{"start":{"line":66,"column":18},"end":{"line":66,"column":48}},"type":"binary-expr","locations":[{"start":{"line":66,"column":18},"end":{"line":66,"column":42}},{"start":{"line":66,"column":46},"end":{"line":66,"column":48}}],"line":66},"5":{"loc":{"start":{"line":67,"column":17},"end":{"line":67,"column":46}},"type":"binary-expr","locations":[{"start":{"line":67,"column":17},"end":{"line":67,"column":40}},{"start":{"line":67,"column":44},"end":{"line":67,"column":46}}],"line":67},"6":{"loc":{"start":{"line":68,"column":16},"end":{"line":68,"column":44}},"type":"binary-expr","locations":[{"start":{"line":68,"column":16},"end":{"line":68,"column":38}},{"start":{"line":68,"column":42},"end":{"line":68,"column":44}}],"line":68},"7":{"loc":{"start":{"line":95,"column":2},"end":{"line":97,"column":3}},"type":"if","locations":[{"start":{"line":95,"column":2},"end":{"line":97,"column":3}},{"start":{},"end":{}}],"line":95},"8":{"loc":{"start":{"line":100,"column":2},"end":{"line":113,"column":3}},"type":"if","locations":[{"start":{"line":100,"column":2},"end":{"line":113,"column":3}},{"start":{},"end":{}}],"line":100},"9":{"loc":{"start":{"line":106,"column":24},"end":{"line":106,"column":47}},"type":"cond-expr","locations":[{"start":{"line":106,"column":42},"end":{"line":106,"column":43}},{"start":{"line":106,"column":46},"end":{"line":106,"column":47}}],"line":106},"10":{"loc":{"start":{"line":110,"column":28},"end":{"line":110,"column":56}},"type":"cond-expr","locations":[{"start":{"line":110,"column":42},"end":{"line":110,"column":43}},{"start":{"line":110,"column":46},"end":{"line":110,"column":56}}],"line":110},"11":{"loc":{"start":{"line":132,"column":2},"end":{"line":134,"column":3}},"type":"if","locations":[{"start":{"line":132,"column":2},"end":{"line":134,"column":3}},{"start":{},"end":{}}],"line":132}},"s":{"0":6,"1":6,"2":6,"3":5,"4":1,"5":4,"6":4,"7":1,"8":3,"9":1,"10":1,"11":11,"12":11,"13":11,"14":4,"15":7,"16":5,"17":5,"18":5,"19":5,"20":60,"21":5,"22":5,"23":5,"24":2,"25":6,"26":6,"27":3,"28":3},"f":{"0":6,"1":11,"2":60,"3":6},"b":{"0":[1,4],"1":[1,3],"2":[3,1],"3":[3,1],"4":[3,1],"5":[3,1],"6":[3,1],"7":[4,7],"8":[5,2],"9":[30,30],"10":[0,5],"11":[3,3]},"_coverageSchema":"1a1c01bbd47fc00a2c39e90264f33305004495a9","hash":"db68c7614e8cabb6d3f618a2b02adb76a10d866b"}
,"C:\\Users\\Devyd Silva\\Documents\\GitHub\\-Alunos_SENAI\\Alunos_SENAI\\app\\services\\viaCep.ts": {"path":"C:\\Users\\Devyd Silva\\Documents\\GitHub\\-Alunos_SENAI\\Alunos_SENAI\\app\\services\\viaCep.ts","statementMap":{"0":{"start":{"line":56,"column":2},"end":{"line":83,"column":3}},"1":{"start":{"line":58,"column":21},"end":{"line":58,"column":43}},"2":{"start":{"line":61,"column":4},"end":{"line":63,"column":5}},"3":{"start":{"line":62,"column":6},"end":{"line":62,"column":38}},"4":{"start":{"line":66,"column":21},"end":{"line":66,"column":78}},"5":{"start":{"line":68,"column":4},"end":{"line":70,"column":5}},"6":{"start":{"line":69,"column":6},"end":{"line":69,"column":44}},"7":{"start":{"line":72,"column":33},"end":{"line":72,"column":54}},"8":{"start":{"line":75,"column":4},"end":{"line":77,"column":5}},"9":{"start":{"line":76,"column":6},"end":{"line":76,"column":18}},"10":{"start":{"line":79,"column":4},"end":{"line":79,"column":16}},"11":{"start":{"line":81,"column":4},"end":{"line":81,"column":48}},"12":{"start":{"line":82,"column":4},"end":{"line":82,"column":16}},"13":{"start":{"line":96,"column":19},"end":{"line":96,"column":41}},"14":{"start":{"line":97,"column":2},"end":{"line":97,"column":53}},"15":{"start":{"line":112,"column":19},"end":{"line":112,"column":41}},"16":{"start":{"line":113,"column":2},"end":{"line":113,"column":31}}},"fnMap":{"0":{"name":"buscarCep","decl":{"start":{"line":55,"column":22},"end":{"line":55,"column":31}},"loc":{"start":{"line":55,"column":77},"end":{"line":84,"column":1}},"line":55},"1":{"name":"formatarCep","decl":{"start":{"line":95,"column":16},"end":{"line":95,"column":27}},"loc":{"start":{"line":95,"column":49},"end":{"line":98,"column":1}},"line":95},"2":{"name":"validarCep","decl":{"start":{"line":111,"column":16},"end":{"line":111,"column":26}},"loc":{"start":{"line":111,"column":49},"end":{"line":114,"column":1}},"line":111}},"branchMap":{"0":{"loc":{"start":{"line":61,"column":4},"end":{"line":63,"column":5}},"type":"if","locations":[{"start":{"line":61,"column":4},"end":{"line":63,"column":5}},{"start":{},"end":{}}],"line":61},"1":{"loc":{"start":{"line":68,"column":4},"end":{"line":70,"column":5}},"type":"if","locations":[{"start":{"line":68,"column":4},"end":{"line":70,"column":5}},{"start":{},"end":{}}],"line":68},"2":{"loc":{"start":{"line":75,"column":4},"end":{"line":77,"column":5}},"type":"if","locations":[{"start":{"line":75,"column":4},"end":{"line":77,"column":5}},{"start":{},"end":{}}],"line":75}},"s":{"0":8,"1":8,"2":8,"3":2,"4":6,"5":5,"6":1,"7":4,"8":4,"9":1,"10":3,"11":4,"12":4,"13":5,"14":5,"15":7,"16":7},"f":{"0":8,"1":5,"2":7},"b":{"0":[2,6],"1":[1,4],"2":[1,3]},"_coverageSchema":"1a1c01bbd47fc00a2c39e90264f33305004495a9","hash":"02efb799ffb0553427869649171bf6c1a44c8393"}
}
