TN:
SF:app\(tabs)\about.styles.tsx
FN:110,(anonymous_0)
FN:115,(anonymous_1)
FN:152,(anonymous_2)
FN:158,(anonymous_3)
FN:164,(anonymous_4)
FN:171,(anonymous_5)
FN:202,(anonymous_6)
FN:283,(anonymous_7)
FN:288,(anonymous_8)
FNF:9
FNH:0
FNDA:0,(anonymous_0)
FNDA:0,(anonymous_1)
FNDA:0,(anonymous_2)
FNDA:0,(anonymous_3)
FNDA:0,(anonymous_4)
FNDA:0,(anonymous_5)
FNDA:0,(anonymous_6)
FNDA:0,(anonymous_7)
FNDA:0,(anonymous_8)
DA:4,0
DA:9,0
DA:19,0
DA:26,0
DA:31,0
DA:38,0
DA:44,0
DA:51,0
DA:57,0
DA:64,0
DA:74,0
DA:80,0
DA:85,0
DA:92,0
DA:98,0
DA:104,0
DA:109,0
DA:110,0
DA:115,0
DA:118,0
DA:125,0
DA:134,0
DA:144,0
DA:149,0
DA:152,0
DA:156,0
DA:158,0
DA:162,0
DA:164,0
DA:167,0
DA:171,0
DA:175,0
DA:181,0
DA:188,0
DA:201,0
DA:202,0
DA:214,0
DA:227,0
DA:235,0
DA:242,0
DA:250,0
DA:258,0
DA:262,0
DA:273,0
DA:279,0
DA:283,0
DA:288,0
DA:291,0
DA:297,0
DA:302,0
DA:308,0
DA:316,0
DA:322,0
DA:326,0
DA:333,0
LF:55
LH:0
BRDA:110,0,0,0
BRDA:110,0,1,0
BRDA:115,1,0,0
BRDA:115,1,1,0
BRDA:152,2,0,0
BRDA:152,2,1,0
BRDA:158,3,0,0
BRDA:158,3,1,0
BRDA:164,4,0,0
BRDA:164,4,1,0
BRDA:171,5,0,0
BRDA:171,5,1,0
BRDA:202,6,0,0
BRDA:202,6,1,0
BRDA:283,7,0,0
BRDA:283,7,1,0
BRDA:288,8,0,0
BRDA:288,8,1,0
BRF:18
BRH:0
end_of_record
TN:
SF:app\(tabs)\about.tsx
FN:17,AboutScreen
FN:36,(anonymous_1)
FN:56,(anonymous_2)
FN:61,(anonymous_3)
FN:71,(anonymous_4)
FN:118,(anonymous_5)
FN:147,(anonymous_6)
FN:184,(anonymous_7)
FN:220,(anonymous_8)
FN:226,(anonymous_9)
FN:232,(anonymous_10)
FN:255,(anonymous_11)
FN:262,(anonymous_12)
FN:268,(anonymous_13)
FN:281,(anonymous_14)
FN:316,(anonymous_15)
FN:326,(anonymous_16)
FN:338,(anonymous_17)
FN:345,(anonymous_18)
FN:354,(anonymous_19)
FN:362,(anonymous_20)
FN:372,(anonymous_21)
FNF:22
FNH:0
FNDA:0,AboutScreen
FNDA:0,(anonymous_1)
FNDA:0,(anonymous_2)
FNDA:0,(anonymous_3)
FNDA:0,(anonymous_4)
FNDA:0,(anonymous_5)
FNDA:0,(anonymous_6)
FNDA:0,(anonymous_7)
FNDA:0,(anonymous_8)
FNDA:0,(anonymous_9)
FNDA:0,(anonymous_10)
FNDA:0,(anonymous_11)
FNDA:0,(anonymous_12)
FNDA:0,(anonymous_13)
FNDA:0,(anonymous_14)
FNDA:0,(anonymous_15)
FNDA:0,(anonymous_16)
FNDA:0,(anonymous_17)
FNDA:0,(anonymous_18)
FNDA:0,(anonymous_19)
FNDA:0,(anonymous_20)
FNDA:0,(anonymous_21)
DA:18,0
DA:19,0
DA:20,0
DA:21,0
DA:22,0
DA:23,0
DA:24,0
DA:33,0
DA:36,0
DA:37,0
DA:38,0
DA:39,0
DA:40,0
DA:41,0
DA:42,0
DA:43,0
DA:45,0
DA:48,0
DA:49,0
DA:51,0
DA:56,0
DA:57,0
DA:58,0
DA:59,0
DA:61,0
DA:62,0
DA:66,0
DA:71,0
DA:72,0
DA:73,0
DA:74,0
DA:77,0
DA:78,0
DA:79,0
DA:80,0
DA:82,0
DA:83,0
DA:85,0
DA:93,0
DA:94,0
DA:95,0
DA:96,0
DA:97,0
DA:98,0
DA:99,0
DA:101,0
DA:102,0
DA:105,0
DA:106,0
DA:108,0
DA:112,0
DA:113,0
DA:118,0
DA:119,0
DA:120,0
DA:122,0
DA:130,0
DA:132,0
DA:133,0
DA:134,0
DA:136,0
DA:137,0
DA:138,0
DA:141,0
DA:142,0
DA:147,0
DA:148,0
DA:149,0
DA:150,0
DA:152,0
DA:153,0
DA:154,0
DA:156,0
DA:163,0
DA:164,0
DA:165,0
DA:167,0
DA:168,0
DA:170,0
DA:171,0
DA:172,0
DA:174,0
DA:178,0
DA:179,0
DA:184,0
DA:185,0
DA:186,0
DA:188,0
DA:190,0
DA:192,0
DA:193,0
DA:194,0
DA:197,0
DA:204,0
DA:207,0
DA:209,0
DA:212,0
DA:213,0
DA:220,0
DA:221,0
DA:225,0
DA:227,0
DA:232,0
DA:233,0
DA:255,0
DA:262,0
DA:268,0
DA:276,0
DA:281,0
DA:316,0
DA:326,0
DA:338,0
DA:345,0
DA:354,0
DA:362,0
DA:373,0
DA:374,0
DA:375,0
LF:118
LH:0
BRDA:40,0,0,0
BRDA:40,0,1,0
BRDA:58,1,0,0
BRDA:58,1,1,0
BRDA:62,2,0,0
BRDA:62,2,1,0
BRDA:62,2,2,0
BRDA:72,3,0,0
BRDA:72,3,1,0
BRDA:72,4,0,0
BRDA:72,4,1,0
BRDA:79,5,0,0
BRDA:79,5,1,0
BRDA:80,6,0,0
BRDA:80,6,1,0
BRDA:82,7,0,0
BRDA:82,7,1,0
BRDA:93,8,0,0
BRDA:93,8,1,0
BRDA:94,9,0,0
BRDA:94,9,1,0
BRDA:105,10,0,0
BRDA:105,10,1,0
BRDA:105,11,0,0
BRDA:105,11,1,0
BRDA:108,12,0,0
BRDA:108,12,1,0
BRDA:108,13,0,0
BRDA:108,13,1,0
BRDA:112,14,0,0
BRDA:112,14,1,0
BRDA:132,15,0,0
BRDA:132,15,1,0
BRDA:133,16,0,0
BRDA:133,16,1,0
BRDA:138,17,0,0
BRDA:138,17,1,0
BRDA:142,18,0,0
BRDA:142,18,1,0
BRDA:170,19,0,0
BRDA:170,19,1,0
BRDA:174,20,0,0
BRDA:174,20,1,0
BRDA:179,21,0,0
BRDA:179,21,1,0
BRDA:192,22,0,0
BRDA:192,22,1,0
BRDA:200,23,0,0
BRDA:200,23,1,0
BRDA:202,24,0,0
BRDA:202,24,1,0
BRDA:213,25,0,0
BRDA:213,25,1,0
BRDA:235,26,0,0
BRDA:235,26,1,0
BRDA:245,27,0,0
BRDA:245,27,1,0
BRDA:250,28,0,0
BRDA:250,28,1,0
BRDA:264,29,0,0
BRDA:264,29,1,0
BRDA:265,30,0,0
BRDA:265,30,1,0
BRDA:299,31,0,0
BRDA:299,31,1,0
BRDA:303,32,0,0
BRDA:303,32,1,0
BRDA:306,33,0,0
BRDA:306,33,1,0
BRDA:309,34,0,0
BRDA:309,34,1,0
BRDA:331,35,0,0
BRDA:331,35,1,0
BRDA:383,36,0,0
BRDA:383,36,1,0
BRF:75
BRH:0
end_of_record
TN:
SF:app\(tabs)\categories.styles.tsx
FN:77,(anonymous_0)
FN:81,(anonymous_1)
FN:98,(anonymous_2)
FN:104,(anonymous_3)
FN:111,(anonymous_4)
FN:206,(anonymous_5)
FN:211,(anonymous_6)
FNF:7
FNH:0
FNDA:0,(anonymous_0)
FNDA:0,(anonymous_1)
FNDA:0,(anonymous_2)
FNDA:0,(anonymous_3)
FNDA:0,(anonymous_4)
FNDA:0,(anonymous_5)
FNDA:0,(anonymous_6)
DA:4,0
DA:9,0
DA:19,0
DA:25,0
DA:35,0
DA:41,0
DA:47,0
DA:52,0
DA:59,0
DA:65,0
DA:71,0
DA:76,0
DA:77,0
DA:81,0
DA:84,0
DA:90,0
DA:95,0
DA:98,0
DA:102,0
DA:104,0
DA:107,0
DA:111,0
DA:115,0
DA:121,0
DA:126,0
DA:136,0
DA:146,0
DA:153,0
DA:160,0
DA:168,0
DA:176,0
DA:180,0
DA:191,0
DA:196,0
DA:202,0
DA:206,0
DA:211,0
DA:214,0
DA:220,0
DA:225,0
DA:231,0
DA:239,0
DA:245,0
DA:249,0
DA:256,0
LF:45
LH:0
BRDA:77,0,0,0
BRDA:77,0,1,0
BRDA:81,1,0,0
BRDA:81,1,1,0
BRDA:98,2,0,0
BRDA:98,2,1,0
BRDA:104,3,0,0
BRDA:104,3,1,0
BRDA:111,4,0,0
BRDA:111,4,1,0
BRDA:206,5,0,0
BRDA:206,5,1,0
BRDA:211,6,0,0
BRDA:211,6,1,0
BRF:14
BRH:0
end_of_record
TN:
SF:app\(tabs)\categories.tsx
FN:15,CategoriesScreen
FN:29,(anonymous_1)
FN:48,(anonymous_2)
FN:87,(anonymous_3)
FN:106,(anonymous_4)
FN:142,(anonymous_5)
FN:147,(anonymous_6)
FN:152,(anonymous_7)
FN:171,(anonymous_8)
FN:176,(anonymous_9)
FN:188,(anonymous_10)
FN:208,(anonymous_11)
FN:218,(anonymous_12)
FN:230,(anonymous_13)
FN:239,(anonymous_14)
FN:250,(anonymous_15)
FN:262,(anonymous_16)
FNF:17
FNH:0
FNDA:0,CategoriesScreen
FNDA:0,(anonymous_1)
FNDA:0,(anonymous_2)
FNDA:0,(anonymous_3)
FNDA:0,(anonymous_4)
FNDA:0,(anonymous_5)
FNDA:0,(anonymous_6)
FNDA:0,(anonymous_7)
FNDA:0,(anonymous_8)
FNDA:0,(anonymous_9)
FNDA:0,(anonymous_10)
FNDA:0,(anonymous_11)
FNDA:0,(anonymous_12)
FNDA:0,(anonymous_13)
FNDA:0,(anonymous_14)
FNDA:0,(anonymous_15)
FNDA:0,(anonymous_16)
DA:16,0
DA:17,0
DA:18,0
DA:19,0
DA:20,0
DA:26,0
DA:29,0
DA:30,0
DA:31,0
DA:32,0
DA:33,0
DA:34,0
DA:35,0
DA:37,0
DA:40,0
DA:41,0
DA:43,0
DA:48,0
DA:49,0
DA:50,0
DA:51,0
DA:54,0
DA:55,0
DA:56,0
DA:59,0
DA:61,0
DA:67,0
DA:68,0
DA:72,0
DA:73,0
DA:74,0
DA:75,0
DA:77,0
DA:78,0
DA:81,0
DA:82,0
DA:87,0
DA:88,0
DA:89,0
DA:90,0
DA:91,0
DA:92,0
DA:97,0
DA:98,0
DA:101,0
DA:106,0
DA:107,0
DA:108,0
DA:109,0
DA:111,0
DA:112,0
DA:113,0
DA:115,0
DA:122,0
DA:123,0
DA:124,0
DA:126,0
DA:127,0
DA:129,0
DA:130,0
DA:131,0
DA:133,0
DA:137,0
DA:138,0
DA:142,0
DA:143,0
DA:146,0
DA:148,0
DA:152,0
DA:153,0
DA:171,0
DA:176,0
DA:184,0
DA:188,0
DA:208,0
DA:218,0
DA:231,0
DA:240,0
DA:251,0
DA:263,0
DA:264,0
DA:265,0
LF:82
LH:0
BRDA:33,0,0,0
BRDA:33,0,1,0
BRDA:49,1,0,0
BRDA:49,1,1,0
BRDA:56,2,0,0
BRDA:56,2,1,0
BRDA:59,3,0,0
BRDA:59,3,1,0
BRDA:67,4,0,0
BRDA:67,4,1,0
BRDA:70,5,0,0
BRDA:70,5,1,0
BRDA:78,6,0,0
BRDA:78,6,1,0
BRDA:90,7,0,0
BRDA:90,7,1,0
BRDA:94,8,0,0
BRDA:94,8,1,0
BRDA:129,9,0,0
BRDA:129,9,1,0
BRDA:133,10,0,0
BRDA:133,10,1,0
BRDA:138,11,0,0
BRDA:138,11,1,0
BRDA:159,12,0,0
BRDA:159,12,1,0
BRDA:166,13,0,0
BRDA:166,13,1,0
BRDA:194,14,0,0
BRDA:194,14,1,0
BRDA:198,15,0,0
BRDA:198,15,1,0
BRDA:223,16,0,0
BRDA:223,16,1,0
BRF:34
BRH:0
end_of_record
TN:
SF:app\(tabs)\index.styles.tsx
FN:75,(anonymous_0)
FN:81,(anonymous_1)
FN:88,(anonymous_2)
FN:204,(anonymous_3)
FN:209,(anonymous_4)
FN:224,(anonymous_5)
FNF:6
FNH:0
FNDA:0,(anonymous_0)
FNDA:0,(anonymous_1)
FNDA:0,(anonymous_2)
FNDA:0,(anonymous_3)
FNDA:0,(anonymous_4)
FNDA:0,(anonymous_5)
DA:4,0
DA:9,0
DA:13,0
DA:21,0
DA:28,0
DA:34,0
DA:44,0
DA:58,0
DA:67,0
DA:72,0
DA:75,0
DA:79,0
DA:81,0
DA:84,0
DA:88,0
DA:91,0
DA:97,0
DA:104,0
DA:112,0
DA:120,0
DA:125,0
DA:133,0
DA:141,0
DA:146,0
DA:152,0
DA:157,0
DA:167,0
DA:177,0
DA:183,0
DA:194,0
DA:200,0
DA:204,0
DA:209,0
DA:212,0
DA:218,0
DA:223,0
DA:224,0
DA:231,0
DA:237,0
DA:241,0
DA:248,0
LF:41
LH:0
BRDA:75,0,0,0
BRDA:75,0,1,0
BRDA:81,1,0,0
BRDA:81,1,1,0
BRDA:88,2,0,0
BRDA:88,2,1,0
BRDA:204,3,0,0
BRDA:204,3,1,0
BRDA:209,4,0,0
BRDA:209,4,1,0
BRDA:224,5,0,0
BRDA:224,5,1,0
BRF:12
BRH:0
end_of_record
TN:
SF:app\(tabs)\products.styles.tsx
FN:75,(anonymous_0)
FN:107,(anonymous_1)
FN:113,(anonymous_2)
FN:148,(anonymous_3)
FN:297,(anonymous_4)
FN:306,(anonymous_5)
FN:307,(anonymous_6)
FNF:7
FNH:0
FNDA:0,(anonymous_0)
FNDA:0,(anonymous_1)
FNDA:0,(anonymous_2)
FNDA:0,(anonymous_3)
FNDA:0,(anonymous_4)
FNDA:0,(anonymous_5)
FNDA:0,(anonymous_6)
DA:4,0
DA:9,0
DA:19,0
DA:25,0
DA:35,0
DA:41,0
DA:47,0
DA:52,0
DA:59,0
DA:65,0
DA:70,0
DA:75,0
DA:78,0
DA:83,0
DA:90,0
DA:100,0
DA:104,0
DA:107,0
DA:111,0
DA:113,0
DA:117,0
DA:122,0
DA:127,0
DA:133,0
DA:139,0
DA:144,0
DA:148,0
DA:152,0
DA:158,0
DA:163,0
DA:173,0
DA:183,0
DA:190,0
DA:197,0
DA:205,0
DA:213,0
DA:217,0
DA:222,0
DA:229,0
DA:239,0
DA:244,0
DA:250,0
DA:256,0
DA:267,0
DA:272,0
DA:278,0
DA:285,0
DA:289,0
DA:296,0
DA:297,0
DA:304,0
DA:306,0
DA:307,0
DA:310,0
DA:315,0
DA:321,0
DA:329,0
DA:335,0
DA:339,0
DA:346,0
LF:60
LH:0
BRDA:75,0,0,0
BRDA:75,0,1,0
BRDA:107,1,0,0
BRDA:107,1,1,0
BRDA:113,2,0,0
BRDA:113,2,1,0
BRDA:148,3,0,0
BRDA:148,3,1,0
BRDA:297,4,0,0
BRDA:297,4,1,0
BRDA:306,5,0,0
BRDA:306,5,1,0
BRDA:307,6,0,0
BRDA:307,6,1,0
BRF:14
BRH:0
end_of_record
TN:
SF:app\(tabs)\products.tsx
FN:35,ProductsScreen
FN:58,(anonymous_1)
FN:74,(anonymous_2)
FN:79,(anonymous_3)
FN:87,(anonymous_4)
FN:100,(anonymous_5)
FN:124,(anonymous_6)
FN:148,(anonymous_7)
FN:164,(anonymous_8)
FN:183,(anonymous_9)
FN:237,(anonymous_10)
FN:274,(anonymous_11)
FN:299,(anonymous_12)
FN:306,(anonymous_13)
FN:311,(anonymous_14)
FN:351,(anonymous_15)
FN:356,(anonymous_16)
FN:368,(anonymous_17)
FN:387,(anonymous_18)
FN:396,(anonymous_19)
FN:427,(anonymous_20)
FN:434,(anonymous_21)
FN:446,(anonymous_22)
FN:461,(anonymous_23)
FN:465,(anonymous_24)
FN:481,(anonymous_25)
FN:485,(anonymous_26)
FN:502,(anonymous_27)
FN:512,(anonymous_28)
FN:523,(anonymous_29)
FN:533,(anonymous_30)
FNF:31
FNH:0
FNDA:0,ProductsScreen
FNDA:0,(anonymous_1)
FNDA:0,(anonymous_2)
FNDA:0,(anonymous_3)
FNDA:0,(anonymous_4)
FNDA:0,(anonymous_5)
FNDA:0,(anonymous_6)
FNDA:0,(anonymous_7)
FNDA:0,(anonymous_8)
FNDA:0,(anonymous_9)
FNDA:0,(anonymous_10)
FNDA:0,(anonymous_11)
FNDA:0,(anonymous_12)
FNDA:0,(anonymous_13)
FNDA:0,(anonymous_14)
FNDA:0,(anonymous_15)
FNDA:0,(anonymous_16)
FNDA:0,(anonymous_17)
FNDA:0,(anonymous_18)
FNDA:0,(anonymous_19)
FNDA:0,(anonymous_20)
FNDA:0,(anonymous_21)
FNDA:0,(anonymous_22)
FNDA:0,(anonymous_23)
FNDA:0,(anonymous_24)
FNDA:0,(anonymous_25)
FNDA:0,(anonymous_26)
FNDA:0,(anonymous_27)
FNDA:0,(anonymous_28)
FNDA:0,(anonymous_29)
FNDA:0,(anonymous_30)
DA:36,0
DA:37,0
DA:38,0
DA:39,0
DA:40,0
DA:41,0
DA:42,0
DA:55,0
DA:58,0
DA:59,0
DA:60,0
DA:61,0
DA:62,0
DA:63,0
DA:64,0
DA:67,0
DA:69,0
DA:74,0
DA:75,0
DA:76,0
DA:77,0
DA:78,0
DA:79,0
DA:82,0
DA:87,0
DA:88,0
DA:89,0
DA:90,0
DA:91,0
DA:92,0
DA:95,0
DA:100,0
DA:101,0
DA:102,0
DA:103,0
DA:104,0
DA:105,0
DA:108,0
DA:115,0
DA:116,0
DA:119,0
DA:124,0
DA:125,0
DA:126,0
DA:127,0
DA:128,0
DA:129,0
DA:132,0
DA:139,0
DA:140,0
DA:143,0
DA:148,0
DA:149,0
DA:150,0
DA:151,0
DA:154,0
DA:155,0
DA:156,0
DA:157,0
DA:165,0
DA:175,0
DA:178,0
DA:183,0
DA:184,0
DA:185,0
DA:186,0
DA:189,0
DA:190,0
DA:191,0
DA:194,0
DA:196,0
DA:205,0
DA:211,0
DA:212,0
DA:213,0
DA:225,0
DA:226,0
DA:227,0
DA:229,0
DA:232,0
DA:237,0
DA:238,0
DA:239,0
DA:240,0
DA:242,0
DA:243,0
DA:244,0
DA:246,0
DA:253,0
DA:254,0
DA:255,0
DA:257,0
DA:258,0
DA:260,0
DA:261,0
DA:262,0
DA:264,0
DA:268,0
DA:269,0
DA:274,0
DA:275,0
DA:276,0
DA:277,0
DA:278,0
DA:279,0
DA:291,0
DA:292,0
DA:295,0
DA:299,0
DA:300,0
DA:301,0
DA:302,0
DA:305,0
DA:307,0
DA:311,0
DA:312,0
DA:351,0
DA:356,0
DA:364,0
DA:368,0
DA:387,0
DA:396,0
DA:427,0
DA:434,0
DA:447,0
DA:462,0
DA:466,0
DA:482,0
DA:486,0
DA:503,0
DA:513,0
DA:524,0
DA:534,0
DA:535,0
DA:547,0
LF:135
LH:0
BRDA:62,0,0,0
BRDA:62,0,1,0
BRDA:77,1,0,0
BRDA:77,1,1,0
BRDA:90,2,0,0
BRDA:90,2,1,0
BRDA:103,3,0,0
BRDA:103,3,1,0
BRDA:115,4,0,0
BRDA:115,4,1,0
BRDA:115,5,0,0
BRDA:115,5,1,0
BRDA:127,6,0,0
BRDA:127,6,1,0
BRDA:139,7,0,0
BRDA:139,7,1,0
BRDA:139,8,0,0
BRDA:139,8,1,0
BRDA:149,9,0,0
BRDA:149,9,1,0
BRDA:156,10,0,0
BRDA:156,10,1,0
BRDA:156,11,0,0
BRDA:156,11,1,0
BRDA:159,12,0,0
BRDA:159,12,1,0
BRDA:167,13,0,0
BRDA:167,13,1,0
BRDA:168,14,0,0
BRDA:168,14,1,0
BRDA:184,15,0,0
BRDA:184,15,1,0
BRDA:191,16,0,0
BRDA:191,16,1,0
BRDA:194,17,0,0
BRDA:194,17,1,0
BRDA:198,18,0,0
BRDA:198,18,1,0
BRDA:199,19,0,0
BRDA:199,19,1,0
BRDA:200,20,0,0
BRDA:200,20,1,0
BRDA:201,21,0,0
BRDA:201,21,1,0
BRDA:202,22,0,0
BRDA:202,22,1,0
BRDA:211,23,0,0
BRDA:211,23,1,0
BRDA:212,24,0,0
BRDA:212,24,1,0
BRDA:260,25,0,0
BRDA:260,25,1,0
BRDA:264,26,0,0
BRDA:264,26,1,0
BRDA:269,27,0,0
BRDA:269,27,1,0
BRDA:277,28,0,0
BRDA:277,28,1,0
BRDA:281,29,0,0
BRDA:281,29,1,0
BRDA:282,30,0,0
BRDA:282,30,1,0
BRDA:283,31,0,0
BRDA:283,31,1,0
BRDA:284,32,0,0
BRDA:284,32,1,0
BRDA:285,33,0,0
BRDA:285,33,1,0
BRDA:286,34,0,0
BRDA:286,34,1,0
BRDA:287,35,0,0
BRDA:287,35,1,0
BRDA:288,36,0,0
BRDA:288,36,1,0
BRDA:314,37,0,0
BRDA:314,37,1,0
BRDA:326,38,0,0
BRDA:326,38,1,0
BRDA:331,39,0,0
BRDA:331,39,1,0
BRDA:334,40,0,0
BRDA:334,40,1,0
BRDA:339,41,0,0
BRDA:339,41,1,0
BRDA:346,42,0,0
BRDA:346,42,1,0
BRDA:374,43,0,0
BRDA:374,43,1,0
BRDA:378,44,0,0
BRDA:378,44,1,0
BRDA:401,45,0,0
BRDA:401,45,1,0
BRDA:407,46,0,0
BRDA:407,46,1,0
BRF:94
BRH:0
end_of_record
TN:
SF:app\(tabs)\stock.styles.tsx
FN:56,(anonymous_0)
FN:110,(anonymous_1)
FN:162,(anonymous_2)
FN:212,(anonymous_3)
FNF:4
FNH:0
FNDA:0,(anonymous_0)
FNDA:0,(anonymous_1)
FNDA:0,(anonymous_2)
FNDA:0,(anonymous_3)
DA:4,0
DA:9,0
DA:19,0
DA:25,0
DA:35,0
DA:41,0
DA:48,0
DA:53,0
DA:56,0
DA:59,0
DA:65,0
DA:70,0
DA:76,0
DA:81,0
DA:88,0
DA:94,0
DA:100,0
DA:105,0
DA:110,0
DA:114,0
DA:119,0
DA:126,0
DA:136,0
DA:140,0
DA:147,0
DA:153,0
DA:159,0
DA:162,0
DA:165,0
DA:170,0
DA:176,0
DA:185,0
DA:190,0
DA:202,0
DA:212,0
DA:215,0
DA:222,0
DA:229,0
DA:236,0
DA:244,0
DA:254,0
DA:259,0
DA:265,0
DA:276,0
DA:281,0
DA:289,0
DA:295,0
DA:299,0
DA:306,0
LF:49
LH:0
BRDA:56,0,0,0
BRDA:56,0,1,0
BRDA:110,1,0,0
BRDA:110,1,1,0
BRDA:162,2,0,0
BRDA:162,2,1,0
BRDA:212,3,0,0
BRDA:212,3,1,0
BRF:8
BRH:0
end_of_record
TN:
SF:app\(tabs)\stock.tsx
FN:22,StockScreen
FN:36,(anonymous_1)
FN:52,(anonymous_2)
FN:82,(anonymous_3)
FN:91,(anonymous_4)
FN:104,(anonymous_5)
FN:124,(anonymous_6)
FN:129,(anonymous_7)
FN:134,(anonymous_8)
FN:174,(anonymous_9)
FN:180,(anonymous_10)
FN:193,(anonymous_11)
FN:200,(anonymous_12)
FN:228,(anonymous_13)
FN:248,(anonymous_14)
FN:257,(anonymous_15)
FN:282,(anonymous_16)
FNF:17
FNH:0
FNDA:0,StockScreen
FNDA:0,(anonymous_1)
FNDA:0,(anonymous_2)
FNDA:0,(anonymous_3)
FNDA:0,(anonymous_4)
FNDA:0,(anonymous_5)
FNDA:0,(anonymous_6)
FNDA:0,(anonymous_7)
FNDA:0,(anonymous_8)
FNDA:0,(anonymous_9)
FNDA:0,(anonymous_10)
FNDA:0,(anonymous_11)
FNDA:0,(anonymous_12)
FNDA:0,(anonymous_13)
FNDA:0,(anonymous_14)
FNDA:0,(anonymous_15)
FNDA:0,(anonymous_16)
DA:23,0
DA:24,0
DA:25,0
DA:26,0
DA:27,0
DA:28,0
DA:29,0
DA:30,0
DA:31,0
DA:33,0
DA:36,0
DA:37,0
DA:38,0
DA:39,0
DA:40,0
DA:41,0
DA:42,0
DA:45,0
DA:47,0
DA:52,0
DA:57,0
DA:58,0
DA:70,0
DA:71,0
DA:72,0
DA:74,0
DA:77,0
DA:82,0
DA:83,0
DA:84,0
DA:85,0
DA:86,0
DA:87,0
DA:91,0
DA:92,0
DA:93,0
DA:94,0
DA:96,0
DA:97,0
DA:98,0
DA:99,0
DA:100,0
DA:104,0
DA:105,0
DA:106,0
DA:107,0
DA:108,0
DA:112,0
DA:113,0
DA:114,0
DA:117,0
DA:118,0
DA:119,0
DA:120,0
DA:124,0
DA:125,0
DA:128,0
DA:130,0
DA:134,0
DA:135,0
DA:137,0
DA:174,0
DA:180,0
DA:192,0
DA:193,0
DA:196,0
DA:200,0
DA:228,0
DA:248,0
DA:257,0
DA:283,0
DA:284,0
LF:72
LH:0
BRDA:40,0,0,0
BRDA:40,0,1,0
BRDA:66,1,0,0
BRDA:66,1,1,0
BRDA:70,2,0,0
BRDA:70,2,1,0
BRDA:71,3,0,0
BRDA:71,3,1,0
BRDA:92,4,0,0
BRDA:92,4,1,0
BRDA:106,5,0,0
BRDA:106,5,1,0
BRDA:106,6,0,0
BRDA:106,6,1,0
BRDA:112,7,0,0
BRDA:112,7,1,0
BRDA:112,8,0,0
BRDA:112,8,1,0
BRDA:117,9,0,0
BRDA:117,9,1,0
BRDA:140,10,0,0
BRDA:140,10,1,0
BRDA:150,11,0,0
BRDA:150,11,1,0
BRDA:159,12,0,0
BRDA:159,12,1,0
BRDA:166,13,0,0
BRDA:166,13,1,0
BRDA:202,14,0,0
BRDA:202,14,1,0
BRDA:234,15,0,0
BRDA:234,15,1,0
BRDA:238,16,0,0
BRDA:238,16,1,0
BRDA:246,17,0,0
BRDA:246,17,1,0
BRDA:262,18,0,0
BRDA:262,18,1,0
BRDA:265,19,0,0
BRDA:265,19,1,0
BRF:40
BRH:0
end_of_record
TN:
SF:app\services\codigoBarras.ts
FN:42,buscarProdutoPorCodigoBarras
FN:89,validarCodigoBarras
FN:105,(anonymous_2)
FN:128,formatarCodigoBarras
FNF:4
FNH:4
FNDA:6,buscarProdutoPorCodigoBarras
FNDA:11,validarCodigoBarras
FNDA:60,(anonymous_2)
FNDA:6,formatarCodigoBarras
DA:43,6
DA:44,6
DA:47,6
DA:51,5
DA:52,1
DA:55,4
DA:58,4
DA:59,1
DA:62,3
DA:71,1
DA:72,1
DA:90,11
DA:93,11
DA:95,11
DA:96,4
DA:100,7
DA:101,5
DA:102,5
DA:104,5
DA:105,5
DA:106,60
DA:109,5
DA:110,5
DA:112,5
DA:115,2
DA:129,6
DA:132,6
DA:133,3
DA:136,3
LF:29
LH:29
BRDA:51,0,0,1
BRDA:51,0,1,4
BRDA:58,1,0,1
BRDA:58,1,1,3
BRDA:64,2,0,3
BRDA:64,2,1,1
BRDA:65,3,0,3
BRDA:65,3,1,1
BRDA:66,4,0,3
BRDA:66,4,1,1
BRDA:67,5,0,3
BRDA:67,5,1,1
BRDA:68,6,0,3
BRDA:68,6,1,1
BRDA:95,7,0,4
BRDA:95,7,1,7
BRDA:100,8,0,5
BRDA:100,8,1,2
BRDA:106,9,0,30
BRDA:106,9,1,30
BRDA:110,10,0,0
BRDA:110,10,1,5
BRDA:132,11,0,3
BRDA:132,11,1,3
BRF:24
BRH:23
end_of_record
TN:
SF:app\services\viaCep.ts
FN:55,buscarCep
FN:95,formatarCep
FN:111,validarCep
FNF:3
FNH:3
FNDA:8,buscarCep
FNDA:5,formatarCep
FNDA:7,validarCep
DA:56,8
DA:58,8
DA:61,8
DA:62,2
DA:66,6
DA:68,5
DA:69,1
DA:72,4
DA:75,4
DA:76,1
DA:79,3
DA:81,4
DA:82,4
DA:96,5
DA:97,5
DA:112,7
DA:113,7
LF:17
LH:17
BRDA:61,0,0,2
BRDA:61,0,1,6
BRDA:68,1,0,1
BRDA:68,1,1,4
BRDA:75,2,0,1
BRDA:75,2,1,3
BRF:6
BRH:6
end_of_record
