TN:
SF:app\(tabs)\about.tsx
FN:16,AboutScreen
FN:35,(anonymous_1)
FN:55,(anonymous_2)
FN:60,(anonymous_3)
FN:70,(anonymous_4)
FN:117,(anonymous_5)
FN:146,(anonymous_6)
FN:183,(anonymous_7)
FN:219,(anonymous_8)
FN:225,(anonymous_9)
FN:231,(anonymous_10)
FN:256,(anonymous_11)
FN:264,(anonymous_12)
FN:272,(anonymous_13)
FN:286,(anonymous_14)
FN:322,(anonymous_15)
FN:333,(anonymous_16)
FN:346,(anonymous_17)
FN:354,(anonymous_18)
FN:364,(anonymous_19)
FN:372,(anonymous_20)
FN:383,(anonymous_21)
FNF:22
FNH:0
FNDA:0,AboutScreen
FNDA:0,(anonymous_1)
FNDA:0,(anonymous_2)
FNDA:0,(anonymous_3)
FNDA:0,(anonymous_4)
FNDA:0,(anonymous_5)
FNDA:0,(anonymous_6)
FNDA:0,(anonymous_7)
FNDA:0,(anonymous_8)
FNDA:0,(anonymous_9)
FNDA:0,(anonymous_10)
FNDA:0,(anonymous_11)
FNDA:0,(anonymous_12)
FNDA:0,(anonymous_13)
FNDA:0,(anonymous_14)
FNDA:0,(anonymous_15)
FNDA:0,(anonymous_16)
FNDA:0,(anonymous_17)
FNDA:0,(anonymous_18)
FNDA:0,(anonymous_19)
FNDA:0,(anonymous_20)
FNDA:0,(anonymous_21)
DA:17,0
DA:18,0
DA:19,0
DA:20,0
DA:21,0
DA:22,0
DA:23,0
DA:32,0
DA:35,0
DA:36,0
DA:37,0
DA:38,0
DA:39,0
DA:40,0
DA:41,0
DA:42,0
DA:44,0
DA:47,0
DA:48,0
DA:50,0
DA:55,0
DA:56,0
DA:57,0
DA:58,0
DA:60,0
DA:61,0
DA:65,0
DA:70,0
DA:71,0
DA:72,0
DA:73,0
DA:76,0
DA:77,0
DA:78,0
DA:79,0
DA:81,0
DA:82,0
DA:84,0
DA:92,0
DA:93,0
DA:94,0
DA:95,0
DA:96,0
DA:97,0
DA:98,0
DA:100,0
DA:101,0
DA:104,0
DA:105,0
DA:107,0
DA:111,0
DA:112,0
DA:117,0
DA:118,0
DA:119,0
DA:121,0
DA:129,0
DA:131,0
DA:132,0
DA:133,0
DA:135,0
DA:136,0
DA:137,0
DA:140,0
DA:141,0
DA:146,0
DA:147,0
DA:148,0
DA:149,0
DA:151,0
DA:152,0
DA:153,0
DA:155,0
DA:162,0
DA:163,0
DA:164,0
DA:166,0
DA:167,0
DA:169,0
DA:170,0
DA:171,0
DA:173,0
DA:177,0
DA:178,0
DA:183,0
DA:184,0
DA:185,0
DA:187,0
DA:189,0
DA:191,0
DA:192,0
DA:193,0
DA:196,0
DA:203,0
DA:206,0
DA:208,0
DA:211,0
DA:212,0
DA:219,0
DA:220,0
DA:224,0
DA:226,0
DA:231,0
DA:232,0
DA:256,0
DA:264,0
DA:272,0
DA:281,0
DA:286,0
DA:322,0
DA:333,0
DA:346,0
DA:354,0
DA:364,0
DA:372,0
DA:384,0
DA:385,0
DA:386,0
DA:408,0
LF:119
LH:0
BRDA:39,0,0,0
BRDA:39,0,1,0
BRDA:57,1,0,0
BRDA:57,1,1,0
BRDA:61,2,0,0
BRDA:61,2,1,0
BRDA:61,2,2,0
BRDA:71,3,0,0
BRDA:71,3,1,0
BRDA:71,4,0,0
BRDA:71,4,1,0
BRDA:78,5,0,0
BRDA:78,5,1,0
BRDA:79,6,0,0
BRDA:79,6,1,0
BRDA:81,7,0,0
BRDA:81,7,1,0
BRDA:92,8,0,0
BRDA:92,8,1,0
BRDA:93,9,0,0
BRDA:93,9,1,0
BRDA:104,10,0,0
BRDA:104,10,1,0
BRDA:104,11,0,0
BRDA:104,11,1,0
BRDA:107,12,0,0
BRDA:107,12,1,0
BRDA:107,13,0,0
BRDA:107,13,1,0
BRDA:111,14,0,0
BRDA:111,14,1,0
BRDA:131,15,0,0
BRDA:131,15,1,0
BRDA:132,16,0,0
BRDA:132,16,1,0
BRDA:137,17,0,0
BRDA:137,17,1,0
BRDA:141,18,0,0
BRDA:141,18,1,0
BRDA:169,19,0,0
BRDA:169,19,1,0
BRDA:173,20,0,0
BRDA:173,20,1,0
BRDA:178,21,0,0
BRDA:178,21,1,0
BRDA:191,22,0,0
BRDA:191,22,1,0
BRDA:199,23,0,0
BRDA:199,23,1,0
BRDA:201,24,0,0
BRDA:201,24,1,0
BRDA:212,25,0,0
BRDA:212,25,1,0
BRDA:232,26,0,0
BRDA:232,26,1,0
BRDA:234,27,0,0
BRDA:234,27,1,0
BRDA:242,28,0,0
BRDA:242,28,1,0
BRDA:243,29,0,0
BRDA:243,29,1,0
BRDA:244,30,0,0
BRDA:244,30,1,0
BRDA:245,31,0,0
BRDA:245,31,1,0
BRDA:248,32,0,0
BRDA:248,32,1,0
BRDA:249,33,0,0
BRDA:249,33,1,0
BRDA:263,34,0,0
BRDA:263,34,1,0
BRDA:266,35,0,0
BRDA:266,35,1,0
BRDA:267,36,0,0
BRDA:267,36,1,0
BRDA:305,37,0,0
BRDA:305,37,1,0
BRDA:309,38,0,0
BRDA:309,38,1,0
BRDA:312,39,0,0
BRDA:312,39,1,0
BRDA:315,40,0,0
BRDA:315,40,1,0
BRDA:338,41,0,0
BRDA:338,41,1,0
BRDA:371,42,0,0
BRDA:371,42,1,0
BRDA:397,43,0,0
BRDA:397,43,1,0
BRF:89
BRH:0
end_of_record
TN:
SF:app\(tabs)\categories.tsx
FN:24,CategoriesScreen
FN:38,(anonymous_1)
FN:57,(anonymous_2)
FN:96,(anonymous_3)
FN:115,(anonymous_4)
FN:151,(anonymous_5)
FN:156,(anonymous_6)
FN:161,(anonymous_7)
FN:187,(anonymous_8)
FN:195,(anonymous_9)
FN:210,(anonymous_10)
FN:231,(anonymous_11)
FN:242,(anonymous_12)
FN:255,(anonymous_13)
FN:265,(anonymous_14)
FN:279,(anonymous_15)
FN:292,(anonymous_16)
FNF:17
FNH:0
FNDA:0,CategoriesScreen
FNDA:0,(anonymous_1)
FNDA:0,(anonymous_2)
FNDA:0,(anonymous_3)
FNDA:0,(anonymous_4)
FNDA:0,(anonymous_5)
FNDA:0,(anonymous_6)
FNDA:0,(anonymous_7)
FNDA:0,(anonymous_8)
FNDA:0,(anonymous_9)
FNDA:0,(anonymous_10)
FNDA:0,(anonymous_11)
FNDA:0,(anonymous_12)
FNDA:0,(anonymous_13)
FNDA:0,(anonymous_14)
FNDA:0,(anonymous_15)
FNDA:0,(anonymous_16)
DA:25,0
DA:26,0
DA:27,0
DA:28,0
DA:29,0
DA:35,0
DA:38,0
DA:39,0
DA:40,0
DA:41,0
DA:42,0
DA:43,0
DA:44,0
DA:46,0
DA:49,0
DA:50,0
DA:52,0
DA:57,0
DA:58,0
DA:59,0
DA:60,0
DA:63,0
DA:64,0
DA:65,0
DA:68,0
DA:70,0
DA:76,0
DA:77,0
DA:81,0
DA:82,0
DA:83,0
DA:84,0
DA:86,0
DA:87,0
DA:90,0
DA:91,0
DA:96,0
DA:97,0
DA:98,0
DA:99,0
DA:100,0
DA:101,0
DA:106,0
DA:107,0
DA:110,0
DA:115,0
DA:116,0
DA:117,0
DA:118,0
DA:120,0
DA:121,0
DA:122,0
DA:124,0
DA:131,0
DA:132,0
DA:133,0
DA:135,0
DA:136,0
DA:138,0
DA:139,0
DA:140,0
DA:142,0
DA:146,0
DA:147,0
DA:151,0
DA:152,0
DA:155,0
DA:157,0
DA:161,0
DA:162,0
DA:187,0
DA:195,0
DA:204,0
DA:210,0
DA:231,0
DA:242,0
DA:256,0
DA:266,0
DA:280,0
DA:293,0
DA:294,0
DA:295,0
DA:315,0
LF:83
LH:0
BRDA:42,0,0,0
BRDA:42,0,1,0
BRDA:58,1,0,0
BRDA:58,1,1,0
BRDA:65,2,0,0
BRDA:65,2,1,0
BRDA:68,3,0,0
BRDA:68,3,1,0
BRDA:76,4,0,0
BRDA:76,4,1,0
BRDA:79,5,0,0
BRDA:79,5,1,0
BRDA:87,6,0,0
BRDA:87,6,1,0
BRDA:99,7,0,0
BRDA:99,7,1,0
BRDA:103,8,0,0
BRDA:103,8,1,0
BRDA:138,9,0,0
BRDA:138,9,1,0
BRDA:142,10,0,0
BRDA:142,10,1,0
BRDA:147,11,0,0
BRDA:147,11,1,0
BRDA:162,12,0,0
BRDA:162,12,1,0
BRDA:165,13,0,0
BRDA:165,13,1,0
BRDA:168,14,0,0
BRDA:168,14,1,0
BRDA:169,15,0,0
BRDA:169,15,1,0
BRDA:177,16,0,0
BRDA:177,16,1,0
BRDA:180,17,0,0
BRDA:180,17,1,0
BRDA:217,18,0,0
BRDA:217,18,1,0
BRDA:221,19,0,0
BRDA:221,19,1,0
BRDA:247,20,0,0
BRDA:247,20,1,0
BRDA:277,21,0,0
BRDA:277,21,1,0
BRF:44
BRH:0
end_of_record
TN:
SF:app\(tabs)\products.tsx
FN:45,ProductsScreen
FN:68,(anonymous_1)
FN:84,(anonymous_2)
FN:89,(anonymous_3)
FN:97,(anonymous_4)
FN:110,(anonymous_5)
FN:134,(anonymous_6)
FN:158,(anonymous_7)
FN:174,(anonymous_8)
FN:193,(anonymous_9)
FN:247,(anonymous_10)
FN:284,(anonymous_11)
FN:309,(anonymous_12)
FN:316,(anonymous_13)
FN:321,(anonymous_14)
FN:368,(anonymous_15)
FN:376,(anonymous_16)
FN:391,(anonymous_17)
FN:411,(anonymous_18)
FN:421,(anonymous_19)
FN:453,(anonymous_20)
FN:461,(anonymous_21)
FN:473,(anonymous_22)
FN:491,(anonymous_23)
FN:498,(anonymous_24)
FN:520,(anonymous_25)
FN:527,(anonymous_26)
FN:550,(anonymous_27)
FN:560,(anonymous_28)
FN:572,(anonymous_29)
FN:583,(anonymous_30)
FNF:31
FNH:0
FNDA:0,ProductsScreen
FNDA:0,(anonymous_1)
FNDA:0,(anonymous_2)
FNDA:0,(anonymous_3)
FNDA:0,(anonymous_4)
FNDA:0,(anonymous_5)
FNDA:0,(anonymous_6)
FNDA:0,(anonymous_7)
FNDA:0,(anonymous_8)
FNDA:0,(anonymous_9)
FNDA:0,(anonymous_10)
FNDA:0,(anonymous_11)
FNDA:0,(anonymous_12)
FNDA:0,(anonymous_13)
FNDA:0,(anonymous_14)
FNDA:0,(anonymous_15)
FNDA:0,(anonymous_16)
FNDA:0,(anonymous_17)
FNDA:0,(anonymous_18)
FNDA:0,(anonymous_19)
FNDA:0,(anonymous_20)
FNDA:0,(anonymous_21)
FNDA:0,(anonymous_22)
FNDA:0,(anonymous_23)
FNDA:0,(anonymous_24)
FNDA:0,(anonymous_25)
FNDA:0,(anonymous_26)
FNDA:0,(anonymous_27)
FNDA:0,(anonymous_28)
FNDA:0,(anonymous_29)
FNDA:0,(anonymous_30)
DA:46,0
DA:47,0
DA:48,0
DA:49,0
DA:50,0
DA:51,0
DA:52,0
DA:65,0
DA:68,0
DA:69,0
DA:70,0
DA:71,0
DA:72,0
DA:73,0
DA:74,0
DA:77,0
DA:79,0
DA:84,0
DA:85,0
DA:86,0
DA:87,0
DA:88,0
DA:89,0
DA:92,0
DA:97,0
DA:98,0
DA:99,0
DA:100,0
DA:101,0
DA:102,0
DA:105,0
DA:110,0
DA:111,0
DA:112,0
DA:113,0
DA:114,0
DA:115,0
DA:118,0
DA:125,0
DA:126,0
DA:129,0
DA:134,0
DA:135,0
DA:136,0
DA:137,0
DA:138,0
DA:139,0
DA:142,0
DA:149,0
DA:150,0
DA:153,0
DA:158,0
DA:159,0
DA:160,0
DA:161,0
DA:164,0
DA:165,0
DA:166,0
DA:167,0
DA:175,0
DA:185,0
DA:188,0
DA:193,0
DA:194,0
DA:195,0
DA:196,0
DA:199,0
DA:200,0
DA:201,0
DA:204,0
DA:206,0
DA:215,0
DA:221,0
DA:222,0
DA:223,0
DA:235,0
DA:236,0
DA:237,0
DA:239,0
DA:242,0
DA:247,0
DA:248,0
DA:249,0
DA:250,0
DA:252,0
DA:253,0
DA:254,0
DA:256,0
DA:263,0
DA:264,0
DA:265,0
DA:267,0
DA:268,0
DA:270,0
DA:271,0
DA:272,0
DA:274,0
DA:278,0
DA:279,0
DA:284,0
DA:285,0
DA:286,0
DA:287,0
DA:288,0
DA:289,0
DA:301,0
DA:302,0
DA:305,0
DA:309,0
DA:310,0
DA:311,0
DA:312,0
DA:315,0
DA:317,0
DA:321,0
DA:322,0
DA:368,0
DA:376,0
DA:385,0
DA:391,0
DA:411,0
DA:421,0
DA:453,0
DA:461,0
DA:474,0
DA:492,0
DA:499,0
DA:521,0
DA:528,0
DA:551,0
DA:561,0
DA:573,0
DA:584,0
DA:585,0
DA:597,0
DA:617,0
LF:136
LH:0
BRDA:72,0,0,0
BRDA:72,0,1,0
BRDA:87,1,0,0
BRDA:87,1,1,0
BRDA:100,2,0,0
BRDA:100,2,1,0
BRDA:113,3,0,0
BRDA:113,3,1,0
BRDA:125,4,0,0
BRDA:125,4,1,0
BRDA:125,5,0,0
BRDA:125,5,1,0
BRDA:137,6,0,0
BRDA:137,6,1,0
BRDA:149,7,0,0
BRDA:149,7,1,0
BRDA:149,8,0,0
BRDA:149,8,1,0
BRDA:159,9,0,0
BRDA:159,9,1,0
BRDA:166,10,0,0
BRDA:166,10,1,0
BRDA:166,11,0,0
BRDA:166,11,1,0
BRDA:169,12,0,0
BRDA:169,12,1,0
BRDA:177,13,0,0
BRDA:177,13,1,0
BRDA:178,14,0,0
BRDA:178,14,1,0
BRDA:194,15,0,0
BRDA:194,15,1,0
BRDA:201,16,0,0
BRDA:201,16,1,0
BRDA:204,17,0,0
BRDA:204,17,1,0
BRDA:208,18,0,0
BRDA:208,18,1,0
BRDA:209,19,0,0
BRDA:209,19,1,0
BRDA:210,20,0,0
BRDA:210,20,1,0
BRDA:211,21,0,0
BRDA:211,21,1,0
BRDA:212,22,0,0
BRDA:212,22,1,0
BRDA:221,23,0,0
BRDA:221,23,1,0
BRDA:222,24,0,0
BRDA:222,24,1,0
BRDA:270,25,0,0
BRDA:270,25,1,0
BRDA:274,26,0,0
BRDA:274,26,1,0
BRDA:279,27,0,0
BRDA:279,27,1,0
BRDA:287,28,0,0
BRDA:287,28,1,0
BRDA:291,29,0,0
BRDA:291,29,1,0
BRDA:292,30,0,0
BRDA:292,30,1,0
BRDA:293,31,0,0
BRDA:293,31,1,0
BRDA:294,32,0,0
BRDA:294,32,1,0
BRDA:295,33,0,0
BRDA:295,33,1,0
BRDA:296,34,0,0
BRDA:296,34,1,0
BRDA:297,35,0,0
BRDA:297,35,1,0
BRDA:298,36,0,0
BRDA:298,36,1,0
BRDA:322,37,0,0
BRDA:322,37,1,0
BRDA:324,38,0,0
BRDA:324,38,1,0
BRDA:333,39,0,0
BRDA:333,39,1,0
BRDA:336,40,0,0
BRDA:336,40,1,0
BRDA:337,41,0,0
BRDA:337,41,1,0
BRDA:341,42,0,0
BRDA:341,42,1,0
BRDA:344,43,0,0
BRDA:344,43,1,0
BRDA:349,44,0,0
BRDA:349,44,1,0
BRDA:358,45,0,0
BRDA:358,45,1,0
BRDA:361,46,0,0
BRDA:361,46,1,0
BRDA:398,47,0,0
BRDA:398,47,1,0
BRDA:402,48,0,0
BRDA:402,48,1,0
BRDA:426,49,0,0
BRDA:426,49,1,0
BRDA:432,50,0,0
BRDA:432,50,1,0
BRDA:496,51,0,0
BRDA:496,51,1,0
BRDA:505,52,0,0
BRDA:505,52,1,0
BRDA:525,53,0,0
BRDA:525,53,1,0
BRDA:534,54,0,0
BRDA:534,54,1,0
BRF:110
BRH:0
end_of_record
TN:
SF:app\(tabs)\stock.tsx
FN:31,StockScreen
FN:45,(anonymous_1)
FN:61,(anonymous_2)
FN:91,(anonymous_3)
FN:100,(anonymous_4)
FN:113,(anonymous_5)
FN:133,(anonymous_6)
FN:138,(anonymous_7)
FN:143,(anonymous_8)
FN:185,(anonymous_9)
FN:193,(anonymous_10)
FN:206,(anonymous_11)
FN:215,(anonymous_12)
FN:244,(anonymous_13)
FN:264,(anonymous_14)
FN:274,(anonymous_15)
FN:301,(anonymous_16)
FNF:17
FNH:0
FNDA:0,StockScreen
FNDA:0,(anonymous_1)
FNDA:0,(anonymous_2)
FNDA:0,(anonymous_3)
FNDA:0,(anonymous_4)
FNDA:0,(anonymous_5)
FNDA:0,(anonymous_6)
FNDA:0,(anonymous_7)
FNDA:0,(anonymous_8)
FNDA:0,(anonymous_9)
FNDA:0,(anonymous_10)
FNDA:0,(anonymous_11)
FNDA:0,(anonymous_12)
FNDA:0,(anonymous_13)
FNDA:0,(anonymous_14)
FNDA:0,(anonymous_15)
FNDA:0,(anonymous_16)
DA:32,0
DA:33,0
DA:34,0
DA:35,0
DA:36,0
DA:37,0
DA:38,0
DA:39,0
DA:40,0
DA:42,0
DA:45,0
DA:46,0
DA:47,0
DA:48,0
DA:49,0
DA:50,0
DA:51,0
DA:54,0
DA:56,0
DA:61,0
DA:66,0
DA:67,0
DA:79,0
DA:80,0
DA:81,0
DA:83,0
DA:86,0
DA:91,0
DA:92,0
DA:93,0
DA:94,0
DA:95,0
DA:96,0
DA:100,0
DA:101,0
DA:102,0
DA:103,0
DA:105,0
DA:106,0
DA:107,0
DA:108,0
DA:109,0
DA:113,0
DA:114,0
DA:115,0
DA:116,0
DA:117,0
DA:121,0
DA:122,0
DA:123,0
DA:126,0
DA:127,0
DA:128,0
DA:129,0
DA:133,0
DA:134,0
DA:137,0
DA:139,0
DA:143,0
DA:144,0
DA:146,0
DA:185,0
DA:193,0
DA:205,0
DA:206,0
DA:209,0
DA:215,0
DA:244,0
DA:264,0
DA:274,0
DA:302,0
DA:303,0
DA:323,0
LF:73
LH:0
BRDA:49,0,0,0
BRDA:49,0,1,0
BRDA:75,1,0,0
BRDA:75,1,1,0
BRDA:79,2,0,0
BRDA:79,2,1,0
BRDA:80,3,0,0
BRDA:80,3,1,0
BRDA:101,4,0,0
BRDA:101,4,1,0
BRDA:115,5,0,0
BRDA:115,5,1,0
BRDA:115,6,0,0
BRDA:115,6,1,0
BRDA:121,7,0,0
BRDA:121,7,1,0
BRDA:121,8,0,0
BRDA:121,8,1,0
BRDA:126,9,0,0
BRDA:126,9,1,0
BRDA:147,10,0,0
BRDA:147,10,1,0
BRDA:149,11,0,0
BRDA:149,11,1,0
BRDA:159,12,0,0
BRDA:159,12,1,0
BRDA:163,13,0,0
BRDA:163,13,1,0
BRDA:168,14,0,0
BRDA:168,14,1,0
BRDA:175,15,0,0
BRDA:175,15,1,0
BRDA:218,16,0,0
BRDA:218,16,1,0
BRDA:250,17,0,0
BRDA:250,17,1,0
BRDA:254,18,0,0
BRDA:254,18,1,0
BRDA:262,19,0,0
BRDA:262,19,1,0
BRDA:279,20,0,0
BRDA:279,20,1,0
BRDA:282,21,0,0
BRDA:282,21,1,0
BRF:44
BRH:0
end_of_record
TN:
SF:app\services\codigoBarras.ts
FN:42,buscarProdutoPorCodigoBarras
FN:89,validarCodigoBarras
FN:105,(anonymous_2)
FN:128,formatarCodigoBarras
FNF:4
FNH:4
FNDA:6,buscarProdutoPorCodigoBarras
FNDA:11,validarCodigoBarras
FNDA:60,(anonymous_2)
FNDA:6,formatarCodigoBarras
DA:43,6
DA:44,6
DA:47,6
DA:51,5
DA:52,1
DA:55,4
DA:58,4
DA:59,1
DA:62,3
DA:71,1
DA:72,1
DA:90,11
DA:93,11
DA:95,11
DA:96,4
DA:100,7
DA:101,5
DA:102,5
DA:104,5
DA:105,5
DA:106,60
DA:109,5
DA:110,5
DA:112,5
DA:115,2
DA:129,6
DA:132,6
DA:133,3
DA:136,3
LF:29
LH:29
BRDA:51,0,0,1
BRDA:51,0,1,4
BRDA:58,1,0,1
BRDA:58,1,1,3
BRDA:64,2,0,3
BRDA:64,2,1,1
BRDA:65,3,0,3
BRDA:65,3,1,1
BRDA:66,4,0,3
BRDA:66,4,1,1
BRDA:67,5,0,3
BRDA:67,5,1,1
BRDA:68,6,0,3
BRDA:68,6,1,1
BRDA:95,7,0,4
BRDA:95,7,1,7
BRDA:100,8,0,5
BRDA:100,8,1,2
BRDA:106,9,0,30
BRDA:106,9,1,30
BRDA:110,10,0,0
BRDA:110,10,1,5
BRDA:132,11,0,3
BRDA:132,11,1,3
BRF:24
BRH:23
end_of_record
TN:
SF:app\services\viaCep.ts
FN:55,buscarCep
FN:95,formatarCep
FN:111,validarCep
FNF:3
FNH:3
FNDA:8,buscarCep
FNDA:5,formatarCep
FNDA:7,validarCep
DA:56,8
DA:58,8
DA:61,8
DA:62,2
DA:66,6
DA:68,5
DA:69,1
DA:72,4
DA:75,4
DA:76,1
DA:79,3
DA:81,4
DA:82,4
DA:96,5
DA:97,5
DA:112,7
DA:113,7
LF:17
LH:17
BRDA:61,0,0,2
BRDA:61,0,1,6
BRDA:68,1,0,1
BRDA:68,1,1,4
BRDA:75,2,0,1
BRDA:75,2,1,3
BRF:6
BRH:6
end_of_record
