{"C:\\Users\\aluno.areias\\Documents\\GitHub\\-Alunos_SENAI\\atividade09\\time.js": {"path":"C:\\Users\\aluno.areias\\Documents\\GitHub\\-Alunos_SENAI\\atividade09\\time.js","statementMap":{"0":{"start":{"line":18,"column":4},"end":{"line":18,"column":21}},"1":{"start":{"line":19,"column":4},"end":{"line":19,"column":25}},"2":{"start":{"line":20,"column":4},"end":{"line":20,"column":27}},"3":{"start":{"line":28,"column":4},"end":{"line":28,"column":69}},"4":{"start":{"line":36,"column":4},"end":{"line":40,"column":6}},"5":{"start":{"line":44,"column":0},"end":{"line":44,"column":22}}},"fnMap":{"0":{"name":"(anonymous_0)","decl":{"start":{"line":17,"column":2},"end":{"line":17,"column":3}},"loc":{"start":{"line":17,"column":37},"end":{"line":21,"column":3}},"line":17},"1":{"name":"(anonymous_1)","decl":{"start":{"line":27,"column":2},"end":{"line":27,"column":3}},"loc":{"start":{"line":27,"column":17},"end":{"line":29,"column":3}},"line":27},"2":{"name":"(anonymous_2)","decl":{"start":{"line":35,"column":2},"end":{"line":35,"column":3}},"loc":{"start":{"line":35,"column":11},"end":{"line":41,"column":3}},"line":35}},"branchMap":{},"s":{"0":3,"1":3,"2":3,"3":1,"4":1,"5":1},"f":{"0":3,"1":1,"2":1},"b":{},"_coverageSchema":"1a1c01bbd47fc00a2c39e90264f33305004495a9","hash":"c6bb0da093f64e0b54d164e36e6f0aee398e377d"}
}
